[2025-07-01T11:37:59.443+0000] {local_task_job_runner.py:120} INFO - ::group::Pre task execution logs
[2025-07-01T11:37:59.455+0000] {taskinstance.py:2076} INFO - Dependencies all met for dep_context=non-requeueable deps ti=<TaskInstance: grazing_detection_streaming_cluster.submit_grazing_detector_job scheduled__2024-12-31T15:00:00+00:00 [queued]>
[2025-07-01T11:37:59.458+0000] {taskinstance.py:2076} INFO - Dependencies all met for dep_context=requeueable deps ti=<TaskInstance: grazing_detection_streaming_cluster.submit_grazing_detector_job scheduled__2024-12-31T15:00:00+00:00 [queued]>
[2025-07-01T11:37:59.459+0000] {taskinstance.py:2306} INFO - Starting attempt 2 of 2
[2025-07-01T11:37:59.464+0000] {taskinstance.py:2330} INFO - Executing <Task(SparkSubmitOperator): submit_grazing_detector_job> on 2024-12-31 15:00:00+00:00
[2025-07-01T11:37:59.467+0000] {standard_task_runner.py:90} INFO - Running: ['***', 'tasks', 'run', 'grazing_detection_streaming_cluster', 'submit_grazing_detector_job', 'scheduled__2024-12-31T15:00:00+00:00', '--job-id', '5', '--raw', '--subdir', 'DAGS_FOLDER/grazing_dag.py', '--cfg-path', '/tmp/tmpi73n6nop']
[2025-07-01T11:37:59.468+0000] {logging_mixin.py:188} WARNING - /home/***/.local/lib/python3.12/site-packages/***/task/task_runner/standard_task_runner.py:61 DeprecationWarning: This process (pid=269) is multi-threaded, use of fork() may lead to deadlocks in the child.
[2025-07-01T11:37:59.469+0000] {standard_task_runner.py:91} INFO - Job 5: Subtask submit_grazing_detector_job
[2025-07-01T11:37:59.469+0000] {standard_task_runner.py:63} INFO - Started process 271 to run task
[2025-07-01T11:37:59.492+0000] {task_command.py:426} INFO - Running <TaskInstance: grazing_detection_streaming_cluster.submit_grazing_detector_job scheduled__2024-12-31T15:00:00+00:00 [running]> on host db0f7c55fcb6
[2025-07-01T11:37:59.523+0000] {taskinstance.py:2648} INFO - Exporting env vars: AIRFLOW_CTX_DAG_OWNER='***' AIRFLOW_CTX_DAG_ID='grazing_detection_streaming_cluster' AIRFLOW_CTX_TASK_ID='submit_grazing_detector_job' AIRFLOW_CTX_EXECUTION_DATE='2024-12-31T15:00:00+00:00' AIRFLOW_CTX_TRY_NUMBER='2' AIRFLOW_CTX_DAG_RUN_ID='scheduled__2024-12-31T15:00:00+00:00'
[2025-07-01T11:37:59.523+0000] {taskinstance.py:430} INFO - ::endgroup::
[2025-07-01T11:37:59.533+0000] {base.py:84} INFO - Using connection ID 'spark_default' for task execution.
[2025-07-01T11:37:59.533+0000] {spark_submit.py:340} INFO - Spark-Submit cmd: spark-submit --master yarn --packages org.apache.spark:spark-sql-kafka-0-10_2.13:3.5.1 --name arrow-spark --queue root.default /opt/***/spark_jobs/grazing_detector.py kafka:29092
[2025-07-01T11:37:59.565+0000] {spark_submit.py:491} INFO - JAVA_HOME is not set
[2025-07-01T11:37:59.565+0000] {taskinstance.py:441} INFO - ::group::Post task execution logs
[2025-07-01T11:37:59.569+0000] {taskinstance.py:2905} ERROR - Task failed with exception
Traceback (most recent call last):
  File "/home/airflow/.local/lib/python3.12/site-packages/airflow/models/taskinstance.py", line 465, in _execute_task
    result = _execute_callable(context=context, **execute_callable_kwargs)
             ^^^^^^^^^^^^^^^^^^^^^^^^^^^^^^^^^^^^^^^^^^^^^^^^^^^^^^^^^^^^^
  File "/home/airflow/.local/lib/python3.12/site-packages/airflow/models/taskinstance.py", line 432, in _execute_callable
    return execute_callable(context=context, **execute_callable_kwargs)
           ^^^^^^^^^^^^^^^^^^^^^^^^^^^^^^^^^^^^^^^^^^^^^^^^^^^^^^^^^^^^
  File "/home/airflow/.local/lib/python3.12/site-packages/airflow/models/baseoperator.py", line 401, in wrapper
    return func(self, *args, **kwargs)
           ^^^^^^^^^^^^^^^^^^^^^^^^^^^
  File "/home/airflow/.local/lib/python3.12/site-packages/airflow/providers/apache/spark/operators/spark_submit.py", line 156, in execute
    self._hook.submit(self._application)
  File "/home/airflow/.local/lib/python3.12/site-packages/airflow/providers/apache/spark/hooks/spark_submit.py", line 422, in submit
    raise AirflowException(
airflow.exceptions.AirflowException: Cannot execute: spark-submit --master yarn --packages org.apache.spark:spark-sql-kafka-0-10_2.13:3.5.1 --name arrow-spark --queue root.default /opt/***/spark_jobs/grazing_detector.py kafka:29092. Error code is: 1.
[2025-07-01T11:37:59.571+0000] {taskinstance.py:1206} INFO - Marking task as FAILED. dag_id=grazing_detection_streaming_cluster, task_id=submit_grazing_detector_job, run_id=scheduled__2024-12-31T15:00:00+00:00, execution_date=20241231T150000, start_date=20250701T113759, end_date=20250701T113759
[2025-07-01T11:37:59.575+0000] {standard_task_runner.py:110} ERROR - Failed to execute job 5 for task submit_grazing_detector_job (Cannot execute: spark-submit --master yarn --packages org.apache.spark:spark-sql-kafka-0-10_2.13:3.5.1 --name arrow-spark --queue root.default /opt/***/spark_jobs/grazing_detector.py kafka:29092. Error code is: 1.; 271)
[2025-07-01T11:37:59.609+0000] {local_task_job_runner.py:240} INFO - Task exited with return code 1
[2025-07-01T11:37:59.618+0000] {taskinstance.py:3503} INFO - 0 downstream tasks scheduled from follow-on schedule check
[2025-07-01T11:37:59.619+0000] {local_task_job_runner.py:222} INFO - ::endgroup::
[2025-07-01T12:11:22.444+0000] {local_task_job_runner.py:120} INFO - ::group::Pre task execution logs
[2025-07-01T12:11:22.461+0000] {taskinstance.py:2076} INFO - Dependencies all met for dep_context=non-requeueable deps ti=<TaskInstance: grazing_detection_streaming_cluster.submit_grazing_detector_job scheduled__2024-12-31T15:00:00+00:00 [queued]>
[2025-07-01T12:11:22.467+0000] {taskinstance.py:2076} INFO - Dependencies all met for dep_context=requeueable deps ti=<TaskInstance: grazing_detection_streaming_cluster.submit_grazing_detector_job scheduled__2024-12-31T15:00:00+00:00 [queued]>
[2025-07-01T12:11:22.468+0000] {taskinstance.py:2306} INFO - Starting attempt 2 of 2
[2025-07-01T12:11:22.477+0000] {taskinstance.py:2330} INFO - Executing <Task(SparkSubmitOperator): submit_grazing_detector_job> on 2024-12-31 15:00:00+00:00
[2025-07-01T12:11:22.482+0000] {logging_mixin.py:188} WARNING - /home/***/.local/lib/python3.12/site-packages/***/task/task_runner/standard_task_runner.py:61 DeprecationWarning: This process (pid=209) is multi-threaded, use of fork() may lead to deadlocks in the child.
[2025-07-01T12:11:22.480+0000] {standard_task_runner.py:90} INFO - Running: ['***', 'tasks', 'run', 'grazing_detection_streaming_cluster', 'submit_grazing_detector_job', 'scheduled__2024-12-31T15:00:00+00:00', '--job-id', '5', '--raw', '--subdir', 'DAGS_FOLDER/grazing_dag.py', '--cfg-path', '/tmp/tmp2c7tdozw']
[2025-07-01T12:11:22.482+0000] {standard_task_runner.py:63} INFO - Started process 211 to run task
[2025-07-01T12:11:22.482+0000] {standard_task_runner.py:91} INFO - Job 5: Subtask submit_grazing_detector_job
[2025-07-01T12:11:22.516+0000] {task_command.py:426} INFO - Running <TaskInstance: grazing_detection_streaming_cluster.submit_grazing_detector_job scheduled__2024-12-31T15:00:00+00:00 [running]> on host 3ceedc259e60
[2025-07-01T12:11:22.559+0000] {taskinstance.py:2648} INFO - Exporting env vars: AIRFLOW_CTX_DAG_OWNER='***' AIRFLOW_CTX_DAG_ID='grazing_detection_streaming_cluster' AIRFLOW_CTX_TASK_ID='submit_grazing_detector_job' AIRFLOW_CTX_EXECUTION_DATE='2024-12-31T15:00:00+00:00' AIRFLOW_CTX_TRY_NUMBER='2' AIRFLOW_CTX_DAG_RUN_ID='scheduled__2024-12-31T15:00:00+00:00'
[2025-07-01T12:11:22.559+0000] {taskinstance.py:430} INFO - ::endgroup::
[2025-07-01T12:11:22.570+0000] {base.py:84} INFO - Using connection ID 'spark_default' for task execution.
[2025-07-01T12:11:22.571+0000] {spark_submit.py:340} INFO - Spark-Submit cmd: spark-submit --master spark://spark-master:7077 --packages org.apache.spark:spark-sql-kafka-0-10_2.13:3.5.1 --name arrow-spark /opt/***/spark_jobs/grazing_detector.py kafka:29092
[2025-07-01T12:11:22.609+0000] {spark_submit.py:491} INFO - JAVA_HOME is not set
[2025-07-01T12:11:22.610+0000] {taskinstance.py:441} INFO - ::group::Post task execution logs
[2025-07-01T12:11:22.614+0000] {taskinstance.py:2905} ERROR - Task failed with exception
Traceback (most recent call last):
  File "/home/airflow/.local/lib/python3.12/site-packages/airflow/models/taskinstance.py", line 465, in _execute_task
    result = _execute_callable(context=context, **execute_callable_kwargs)
             ^^^^^^^^^^^^^^^^^^^^^^^^^^^^^^^^^^^^^^^^^^^^^^^^^^^^^^^^^^^^^
  File "/home/airflow/.local/lib/python3.12/site-packages/airflow/models/taskinstance.py", line 432, in _execute_callable
    return execute_callable(context=context, **execute_callable_kwargs)
           ^^^^^^^^^^^^^^^^^^^^^^^^^^^^^^^^^^^^^^^^^^^^^^^^^^^^^^^^^^^^
  File "/home/airflow/.local/lib/python3.12/site-packages/airflow/models/baseoperator.py", line 401, in wrapper
    return func(self, *args, **kwargs)
           ^^^^^^^^^^^^^^^^^^^^^^^^^^^
  File "/home/airflow/.local/lib/python3.12/site-packages/airflow/providers/apache/spark/operators/spark_submit.py", line 156, in execute
    self._hook.submit(self._application)
  File "/home/airflow/.local/lib/python3.12/site-packages/airflow/providers/apache/spark/hooks/spark_submit.py", line 422, in submit
    raise AirflowException(
airflow.exceptions.AirflowException: Cannot execute: spark-submit --master spark://spark-master:7077 --packages org.apache.spark:spark-sql-kafka-0-10_2.13:3.5.1 --name arrow-spark /opt/***/spark_jobs/grazing_detector.py kafka:29092. Error code is: 1.
[2025-07-01T12:11:22.616+0000] {taskinstance.py:1206} INFO - Marking task as FAILED. dag_id=grazing_detection_streaming_cluster, task_id=submit_grazing_detector_job, run_id=scheduled__2024-12-31T15:00:00+00:00, execution_date=20241231T150000, start_date=20250701T121122, end_date=20250701T121122
[2025-07-01T12:11:22.620+0000] {standard_task_runner.py:110} ERROR - Failed to execute job 5 for task submit_grazing_detector_job (Cannot execute: spark-submit --master spark://spark-master:7077 --packages org.apache.spark:spark-sql-kafka-0-10_2.13:3.5.1 --name arrow-spark /opt/***/spark_jobs/grazing_detector.py kafka:29092. Error code is: 1.; 211)
[2025-07-01T12:11:22.663+0000] {local_task_job_runner.py:240} INFO - Task exited with return code 1
[2025-07-01T12:11:22.673+0000] {taskinstance.py:3503} INFO - 0 downstream tasks scheduled from follow-on schedule check
[2025-07-01T12:11:22.673+0000] {local_task_job_runner.py:222} INFO - ::endgroup::
[2025-07-01T12:14:42.982+0000] {local_task_job_runner.py:120} INFO - ::group::Pre task execution logs
[2025-07-01T12:14:42.994+0000] {taskinstance.py:2076} INFO - Dependencies all met for dep_context=non-requeueable deps ti=<TaskInstance: grazing_detection_streaming_cluster.submit_grazing_detector_job scheduled__2024-12-31T15:00:00+00:00 [queued]>
[2025-07-01T12:14:42.997+0000] {taskinstance.py:2076} INFO - Dependencies all met for dep_context=requeueable deps ti=<TaskInstance: grazing_detection_streaming_cluster.submit_grazing_detector_job scheduled__2024-12-31T15:00:00+00:00 [queued]>
[2025-07-01T12:14:42.997+0000] {taskinstance.py:2306} INFO - Starting attempt 2 of 2
[2025-07-01T12:14:43.001+0000] {taskinstance.py:2330} INFO - Executing <Task(SparkSubmitOperator): submit_grazing_detector_job> on 2024-12-31 15:00:00+00:00
[2025-07-01T12:14:43.005+0000] {logging_mixin.py:188} WARNING - /home/***/.local/lib/python3.12/site-packages/***/task/task_runner/standard_task_runner.py:61 DeprecationWarning: This process (pid=279) is multi-threaded, use of fork() may lead to deadlocks in the child.
[2025-07-01T12:14:43.005+0000] {standard_task_runner.py:90} INFO - Running: ['***', 'tasks', 'run', 'grazing_detection_streaming_cluster', 'submit_grazing_detector_job', 'scheduled__2024-12-31T15:00:00+00:00', '--job-id', '8', '--raw', '--subdir', 'DAGS_FOLDER/grazing_dag.py', '--cfg-path', '/tmp/tmps9415oej']
[2025-07-01T12:14:43.006+0000] {standard_task_runner.py:63} INFO - Started process 280 to run task
[2025-07-01T12:14:43.006+0000] {standard_task_runner.py:91} INFO - Job 8: Subtask submit_grazing_detector_job
[2025-07-01T12:14:43.030+0000] {task_command.py:426} INFO - Running <TaskInstance: grazing_detection_streaming_cluster.submit_grazing_detector_job scheduled__2024-12-31T15:00:00+00:00 [running]> on host 3ceedc259e60
[2025-07-01T12:14:43.063+0000] {taskinstance.py:2648} INFO - Exporting env vars: AIRFLOW_CTX_DAG_OWNER='***' AIRFLOW_CTX_DAG_ID='grazing_detection_streaming_cluster' AIRFLOW_CTX_TASK_ID='submit_grazing_detector_job' AIRFLOW_CTX_EXECUTION_DATE='2024-12-31T15:00:00+00:00' AIRFLOW_CTX_TRY_NUMBER='2' AIRFLOW_CTX_DAG_RUN_ID='scheduled__2024-12-31T15:00:00+00:00'
[2025-07-01T12:14:43.064+0000] {taskinstance.py:430} INFO - ::endgroup::
[2025-07-01T12:14:43.074+0000] {base.py:84} INFO - Using connection ID 'spark_default' for task execution.
[2025-07-01T12:14:43.075+0000] {spark_submit.py:340} INFO - Spark-Submit cmd: spark-submit --master spark://spark-master:7077 --packages org.apache.spark:spark-sql-kafka-0-10_2.13:3.5.1 --name arrow-spark /opt/***/spark_jobs/grazing_detector.py kafka:29092
[2025-07-01T12:14:43.108+0000] {spark_submit.py:491} INFO - JAVA_HOME is not set
[2025-07-01T12:14:43.109+0000] {taskinstance.py:441} INFO - ::group::Post task execution logs
[2025-07-01T12:14:43.113+0000] {taskinstance.py:2905} ERROR - Task failed with exception
Traceback (most recent call last):
  File "/home/airflow/.local/lib/python3.12/site-packages/airflow/models/taskinstance.py", line 465, in _execute_task
    result = _execute_callable(context=context, **execute_callable_kwargs)
             ^^^^^^^^^^^^^^^^^^^^^^^^^^^^^^^^^^^^^^^^^^^^^^^^^^^^^^^^^^^^^
  File "/home/airflow/.local/lib/python3.12/site-packages/airflow/models/taskinstance.py", line 432, in _execute_callable
    return execute_callable(context=context, **execute_callable_kwargs)
           ^^^^^^^^^^^^^^^^^^^^^^^^^^^^^^^^^^^^^^^^^^^^^^^^^^^^^^^^^^^^
  File "/home/airflow/.local/lib/python3.12/site-packages/airflow/models/baseoperator.py", line 401, in wrapper
    return func(self, *args, **kwargs)
           ^^^^^^^^^^^^^^^^^^^^^^^^^^^
  File "/home/airflow/.local/lib/python3.12/site-packages/airflow/providers/apache/spark/operators/spark_submit.py", line 156, in execute
    self._hook.submit(self._application)
  File "/home/airflow/.local/lib/python3.12/site-packages/airflow/providers/apache/spark/hooks/spark_submit.py", line 422, in submit
    raise AirflowException(
airflow.exceptions.AirflowException: Cannot execute: spark-submit --master spark://spark-master:7077 --packages org.apache.spark:spark-sql-kafka-0-10_2.13:3.5.1 --name arrow-spark /opt/***/spark_jobs/grazing_detector.py kafka:29092. Error code is: 1.
[2025-07-01T12:14:43.115+0000] {taskinstance.py:1206} INFO - Marking task as FAILED. dag_id=grazing_detection_streaming_cluster, task_id=submit_grazing_detector_job, run_id=scheduled__2024-12-31T15:00:00+00:00, execution_date=20241231T150000, start_date=20250701T121442, end_date=20250701T121443
[2025-07-01T12:14:43.119+0000] {standard_task_runner.py:110} ERROR - Failed to execute job 8 for task submit_grazing_detector_job (Cannot execute: spark-submit --master spark://spark-master:7077 --packages org.apache.spark:spark-sql-kafka-0-10_2.13:3.5.1 --name arrow-spark /opt/***/spark_jobs/grazing_detector.py kafka:29092. Error code is: 1.; 280)
[2025-07-01T12:14:43.146+0000] {local_task_job_runner.py:240} INFO - Task exited with return code 1
[2025-07-01T12:14:43.155+0000] {taskinstance.py:3503} INFO - 0 downstream tasks scheduled from follow-on schedule check
[2025-07-01T12:14:43.156+0000] {local_task_job_runner.py:222} INFO - ::endgroup::
[2025-07-01T12:24:01.233+0000] {local_task_job_runner.py:120} INFO - ::group::Pre task execution logs
[2025-07-01T12:24:01.251+0000] {taskinstance.py:2076} INFO - Dependencies all met for dep_context=non-requeueable deps ti=<TaskInstance: grazing_detection_streaming_cluster.submit_grazing_detector_job scheduled__2024-12-31T15:00:00+00:00 [queued]>
[2025-07-01T12:24:01.255+0000] {taskinstance.py:2076} INFO - Dependencies all met for dep_context=requeueable deps ti=<TaskInstance: grazing_detection_streaming_cluster.submit_grazing_detector_job scheduled__2024-12-31T15:00:00+00:00 [queued]>
[2025-07-01T12:24:01.255+0000] {taskinstance.py:2306} INFO - Starting attempt 2 of 2
[2025-07-01T12:24:01.261+0000] {taskinstance.py:2330} INFO - Executing <Task(SparkSubmitOperator): submit_grazing_detector_job> on 2024-12-31 15:00:00+00:00
[2025-07-01T12:24:01.267+0000] {logging_mixin.py:188} WARNING - /home/***/.local/lib/python3.12/site-packages/***/task/task_runner/standard_task_runner.py:61 DeprecationWarning: This process (pid=208) is multi-threaded, use of fork() may lead to deadlocks in the child.
[2025-07-01T12:24:01.265+0000] {standard_task_runner.py:90} INFO - Running: ['***', 'tasks', 'run', 'grazing_detection_streaming_cluster', 'submit_grazing_detector_job', 'scheduled__2024-12-31T15:00:00+00:00', '--job-id', '4', '--raw', '--subdir', 'DAGS_FOLDER/grazing_dag.py', '--cfg-path', '/tmp/tmpop1qnrpf']
[2025-07-01T12:24:01.268+0000] {standard_task_runner.py:63} INFO - Started process 210 to run task
[2025-07-01T12:24:01.268+0000] {standard_task_runner.py:91} INFO - Job 4: Subtask submit_grazing_detector_job
[2025-07-01T12:24:01.297+0000] {task_command.py:426} INFO - Running <TaskInstance: grazing_detection_streaming_cluster.submit_grazing_detector_job scheduled__2024-12-31T15:00:00+00:00 [running]> on host 34354cb0d819
[2025-07-01T12:24:01.335+0000] {taskinstance.py:2648} INFO - Exporting env vars: AIRFLOW_CTX_DAG_OWNER='***' AIRFLOW_CTX_DAG_ID='grazing_detection_streaming_cluster' AIRFLOW_CTX_TASK_ID='submit_grazing_detector_job' AIRFLOW_CTX_EXECUTION_DATE='2024-12-31T15:00:00+00:00' AIRFLOW_CTX_TRY_NUMBER='2' AIRFLOW_CTX_DAG_RUN_ID='scheduled__2024-12-31T15:00:00+00:00'
[2025-07-01T12:24:01.335+0000] {taskinstance.py:430} INFO - ::endgroup::
[2025-07-01T12:24:01.348+0000] {base.py:84} INFO - Using connection ID 'spark_default' for task execution.
[2025-07-01T12:24:01.348+0000] {spark_submit.py:340} INFO - Spark-Submit cmd: spark-submit --master spark://spark-master:7077 --packages org.apache.spark:spark-sql-kafka-0-10_2.13:3.5.1 --name arrow-spark /opt/***/spark_jobs/grazing_detector.py kafka:29092
[2025-07-01T12:24:01.383+0000] {spark_submit.py:491} INFO - JAVA_HOME is not set
[2025-07-01T12:24:01.383+0000] {taskinstance.py:441} INFO - ::group::Post task execution logs
[2025-07-01T12:24:01.389+0000] {taskinstance.py:2905} ERROR - Task failed with exception
Traceback (most recent call last):
  File "/home/airflow/.local/lib/python3.12/site-packages/airflow/models/taskinstance.py", line 465, in _execute_task
    result = _execute_callable(context=context, **execute_callable_kwargs)
             ^^^^^^^^^^^^^^^^^^^^^^^^^^^^^^^^^^^^^^^^^^^^^^^^^^^^^^^^^^^^^
  File "/home/airflow/.local/lib/python3.12/site-packages/airflow/models/taskinstance.py", line 432, in _execute_callable
    return execute_callable(context=context, **execute_callable_kwargs)
           ^^^^^^^^^^^^^^^^^^^^^^^^^^^^^^^^^^^^^^^^^^^^^^^^^^^^^^^^^^^^
  File "/home/airflow/.local/lib/python3.12/site-packages/airflow/models/baseoperator.py", line 401, in wrapper
    return func(self, *args, **kwargs)
           ^^^^^^^^^^^^^^^^^^^^^^^^^^^
  File "/home/airflow/.local/lib/python3.12/site-packages/airflow/providers/apache/spark/operators/spark_submit.py", line 156, in execute
    self._hook.submit(self._application)
  File "/home/airflow/.local/lib/python3.12/site-packages/airflow/providers/apache/spark/hooks/spark_submit.py", line 422, in submit
    raise AirflowException(
airflow.exceptions.AirflowException: Cannot execute: spark-submit --master spark://spark-master:7077 --packages org.apache.spark:spark-sql-kafka-0-10_2.13:3.5.1 --name arrow-spark /opt/***/spark_jobs/grazing_detector.py kafka:29092. Error code is: 1.
[2025-07-01T12:24:01.390+0000] {taskinstance.py:1206} INFO - Marking task as FAILED. dag_id=grazing_detection_streaming_cluster, task_id=submit_grazing_detector_job, run_id=scheduled__2024-12-31T15:00:00+00:00, execution_date=20241231T150000, start_date=20250701T122401, end_date=20250701T122401
[2025-07-01T12:24:01.395+0000] {standard_task_runner.py:110} ERROR - Failed to execute job 4 for task submit_grazing_detector_job (Cannot execute: spark-submit --master spark://spark-master:7077 --packages org.apache.spark:spark-sql-kafka-0-10_2.13:3.5.1 --name arrow-spark /opt/***/spark_jobs/grazing_detector.py kafka:29092. Error code is: 1.; 210)
[2025-07-01T12:24:01.407+0000] {local_task_job_runner.py:240} INFO - Task exited with return code 1
[2025-07-01T12:24:01.416+0000] {taskinstance.py:3503} INFO - 0 downstream tasks scheduled from follow-on schedule check
[2025-07-01T12:24:01.416+0000] {local_task_job_runner.py:222} INFO - ::endgroup::
[2025-07-01T12:29:54.271+0000] {local_task_job_runner.py:120} INFO - ::group::Pre task execution logs
[2025-07-01T12:29:54.285+0000] {taskinstance.py:2076} INFO - Dependencies all met for dep_context=non-requeueable deps ti=<TaskInstance: grazing_detection_streaming_cluster.submit_grazing_detector_job scheduled__2024-12-31T15:00:00+00:00 [queued]>
[2025-07-01T12:29:54.287+0000] {taskinstance.py:2076} INFO - Dependencies all met for dep_context=requeueable deps ti=<TaskInstance: grazing_detection_streaming_cluster.submit_grazing_detector_job scheduled__2024-12-31T15:00:00+00:00 [queued]>
[2025-07-01T12:29:54.288+0000] {taskinstance.py:2306} INFO - Starting attempt 2 of 2
[2025-07-01T12:29:54.292+0000] {taskinstance.py:2330} INFO - Executing <Task(SparkSubmitOperator): submit_grazing_detector_job> on 2024-12-31 15:00:00+00:00
[2025-07-01T12:29:54.295+0000] {standard_task_runner.py:90} INFO - Running: ['***', 'tasks', 'run', 'grazing_detection_streaming_cluster', 'submit_grazing_detector_job', 'scheduled__2024-12-31T15:00:00+00:00', '--job-id', '3', '--raw', '--subdir', 'DAGS_FOLDER/grazing_dag.py', '--cfg-path', '/tmp/tmpk0srgr3_']
[2025-07-01T12:29:54.296+0000] {logging_mixin.py:188} WARNING - /home/***/.local/lib/python3.12/site-packages/***/task/task_runner/standard_task_runner.py:61 DeprecationWarning: This process (pid=199) is multi-threaded, use of fork() may lead to deadlocks in the child.
[2025-07-01T12:29:54.296+0000] {standard_task_runner.py:91} INFO - Job 3: Subtask submit_grazing_detector_job
[2025-07-01T12:29:54.296+0000] {standard_task_runner.py:63} INFO - Started process 200 to run task
[2025-07-01T12:29:54.316+0000] {task_command.py:426} INFO - Running <TaskInstance: grazing_detection_streaming_cluster.submit_grazing_detector_job scheduled__2024-12-31T15:00:00+00:00 [running]> on host 517ac1708c86
[2025-07-01T12:29:54.348+0000] {taskinstance.py:2648} INFO - Exporting env vars: AIRFLOW_CTX_DAG_OWNER='***' AIRFLOW_CTX_DAG_ID='grazing_detection_streaming_cluster' AIRFLOW_CTX_TASK_ID='submit_grazing_detector_job' AIRFLOW_CTX_EXECUTION_DATE='2024-12-31T15:00:00+00:00' AIRFLOW_CTX_TRY_NUMBER='2' AIRFLOW_CTX_DAG_RUN_ID='scheduled__2024-12-31T15:00:00+00:00'
[2025-07-01T12:29:54.348+0000] {taskinstance.py:430} INFO - ::endgroup::
[2025-07-01T12:29:54.358+0000] {base.py:84} INFO - Using connection ID 'spark_default' for task execution.
[2025-07-01T12:29:54.359+0000] {spark_submit.py:340} INFO - Spark-Submit cmd: spark-submit --master spark://spark-master:7077 --packages org.apache.spark:spark-sql-kafka-0-10_2.13:3.5.1 --name arrow-spark /opt/***/spark_jobs/grazing_detector.py kafka:29092
[2025-07-01T12:29:54.391+0000] {spark_submit.py:491} INFO - JAVA_HOME is not set
[2025-07-01T12:29:54.392+0000] {taskinstance.py:441} INFO - ::group::Post task execution logs
[2025-07-01T12:29:54.396+0000] {taskinstance.py:2905} ERROR - Task failed with exception
Traceback (most recent call last):
  File "/home/airflow/.local/lib/python3.12/site-packages/airflow/models/taskinstance.py", line 465, in _execute_task
    result = _execute_callable(context=context, **execute_callable_kwargs)
             ^^^^^^^^^^^^^^^^^^^^^^^^^^^^^^^^^^^^^^^^^^^^^^^^^^^^^^^^^^^^^
  File "/home/airflow/.local/lib/python3.12/site-packages/airflow/models/taskinstance.py", line 432, in _execute_callable
    return execute_callable(context=context, **execute_callable_kwargs)
           ^^^^^^^^^^^^^^^^^^^^^^^^^^^^^^^^^^^^^^^^^^^^^^^^^^^^^^^^^^^^
  File "/home/airflow/.local/lib/python3.12/site-packages/airflow/models/baseoperator.py", line 401, in wrapper
    return func(self, *args, **kwargs)
           ^^^^^^^^^^^^^^^^^^^^^^^^^^^
  File "/home/airflow/.local/lib/python3.12/site-packages/airflow/providers/apache/spark/operators/spark_submit.py", line 156, in execute
    self._hook.submit(self._application)
  File "/home/airflow/.local/lib/python3.12/site-packages/airflow/providers/apache/spark/hooks/spark_submit.py", line 422, in submit
    raise AirflowException(
airflow.exceptions.AirflowException: Cannot execute: spark-submit --master spark://spark-master:7077 --packages org.apache.spark:spark-sql-kafka-0-10_2.13:3.5.1 --name arrow-spark /opt/***/spark_jobs/grazing_detector.py kafka:29092. Error code is: 1.
[2025-07-01T12:29:54.399+0000] {taskinstance.py:1206} INFO - Marking task as FAILED. dag_id=grazing_detection_streaming_cluster, task_id=submit_grazing_detector_job, run_id=scheduled__2024-12-31T15:00:00+00:00, execution_date=20241231T150000, start_date=20250701T122954, end_date=20250701T122954
[2025-07-01T12:29:54.403+0000] {standard_task_runner.py:110} ERROR - Failed to execute job 3 for task submit_grazing_detector_job (Cannot execute: spark-submit --master spark://spark-master:7077 --packages org.apache.spark:spark-sql-kafka-0-10_2.13:3.5.1 --name arrow-spark /opt/***/spark_jobs/grazing_detector.py kafka:29092. Error code is: 1.; 200)
[2025-07-01T12:29:54.435+0000] {local_task_job_runner.py:240} INFO - Task exited with return code 1
[2025-07-01T12:29:54.444+0000] {taskinstance.py:3503} INFO - 0 downstream tasks scheduled from follow-on schedule check
[2025-07-01T12:29:54.445+0000] {local_task_job_runner.py:222} INFO - ::endgroup::
[2025-07-01T12:38:53.792+0000] {local_task_job_runner.py:120} INFO - ::group::Pre task execution logs
[2025-07-01T12:38:53.807+0000] {taskinstance.py:2076} INFO - Dependencies all met for dep_context=non-requeueable deps ti=<TaskInstance: grazing_detection_streaming_cluster.submit_grazing_detector_job scheduled__2024-12-31T15:00:00+00:00 [queued]>
[2025-07-01T12:38:53.810+0000] {taskinstance.py:2076} INFO - Dependencies all met for dep_context=requeueable deps ti=<TaskInstance: grazing_detection_streaming_cluster.submit_grazing_detector_job scheduled__2024-12-31T15:00:00+00:00 [queued]>
[2025-07-01T12:38:53.810+0000] {taskinstance.py:2306} INFO - Starting attempt 2 of 2
[2025-07-01T12:38:53.814+0000] {taskinstance.py:2330} INFO - Executing <Task(SparkSubmitOperator): submit_grazing_detector_job> on 2024-12-31 15:00:00+00:00
[2025-07-01T12:38:53.819+0000] {logging_mixin.py:188} WARNING - /home/***/.local/lib/python3.12/site-packages/***/task/task_runner/standard_task_runner.py:61 DeprecationWarning: This process (pid=196) is multi-threaded, use of fork() may lead to deadlocks in the child.
[2025-07-01T12:38:53.820+0000] {standard_task_runner.py:63} INFO - Started process 197 to run task
[2025-07-01T12:38:53.819+0000] {standard_task_runner.py:90} INFO - Running: ['***', 'tasks', 'run', 'grazing_detection_streaming_cluster', 'submit_grazing_detector_job', 'scheduled__2024-12-31T15:00:00+00:00', '--job-id', '3', '--raw', '--subdir', 'DAGS_FOLDER/grazing_dag.py', '--cfg-path', '/tmp/tmpsb7iine9']
[2025-07-01T12:38:53.820+0000] {standard_task_runner.py:91} INFO - Job 3: Subtask submit_grazing_detector_job
[2025-07-01T12:38:53.847+0000] {task_command.py:426} INFO - Running <TaskInstance: grazing_detection_streaming_cluster.submit_grazing_detector_job scheduled__2024-12-31T15:00:00+00:00 [running]> on host 9ee5ad7012fb
[2025-07-01T12:38:53.884+0000] {taskinstance.py:2648} INFO - Exporting env vars: AIRFLOW_CTX_DAG_OWNER='***' AIRFLOW_CTX_DAG_ID='grazing_detection_streaming_cluster' AIRFLOW_CTX_TASK_ID='submit_grazing_detector_job' AIRFLOW_CTX_EXECUTION_DATE='2024-12-31T15:00:00+00:00' AIRFLOW_CTX_TRY_NUMBER='2' AIRFLOW_CTX_DAG_RUN_ID='scheduled__2024-12-31T15:00:00+00:00'
[2025-07-01T12:38:53.884+0000] {taskinstance.py:430} INFO - ::endgroup::
[2025-07-01T12:38:53.894+0000] {base.py:84} INFO - Using connection ID 'spark_default' for task execution.
[2025-07-01T12:38:53.895+0000] {spark_submit.py:340} INFO - Spark-Submit cmd: spark-submit --master spark://spark-master:7077 --packages org.apache.spark:spark-sql-kafka-0-10_2.13:3.5.1 --name arrow-spark /opt/***/spark_jobs/grazing_detector.py kafka:29092
[2025-07-01T12:38:53.929+0000] {spark_submit.py:491} INFO - /home/***/.local/lib/python3.12/site-packages/pyspark/bin/spark-class: line 71: /usr/lib/jvm/java-17-openjdk-amd64/bin/java: No such file or directory
[2025-07-01T12:38:53.929+0000] {spark_submit.py:491} INFO - /home/***/.local/lib/python3.12/site-packages/pyspark/bin/spark-class: line 97: CMD: bad array subscript
[2025-07-01T12:38:53.930+0000] {taskinstance.py:441} INFO - ::group::Post task execution logs
[2025-07-01T12:38:53.935+0000] {taskinstance.py:2905} ERROR - Task failed with exception
Traceback (most recent call last):
  File "/home/airflow/.local/lib/python3.12/site-packages/airflow/models/taskinstance.py", line 465, in _execute_task
    result = _execute_callable(context=context, **execute_callable_kwargs)
             ^^^^^^^^^^^^^^^^^^^^^^^^^^^^^^^^^^^^^^^^^^^^^^^^^^^^^^^^^^^^^
  File "/home/airflow/.local/lib/python3.12/site-packages/airflow/models/taskinstance.py", line 432, in _execute_callable
    return execute_callable(context=context, **execute_callable_kwargs)
           ^^^^^^^^^^^^^^^^^^^^^^^^^^^^^^^^^^^^^^^^^^^^^^^^^^^^^^^^^^^^
  File "/home/airflow/.local/lib/python3.12/site-packages/airflow/models/baseoperator.py", line 401, in wrapper
    return func(self, *args, **kwargs)
           ^^^^^^^^^^^^^^^^^^^^^^^^^^^
  File "/home/airflow/.local/lib/python3.12/site-packages/airflow/providers/apache/spark/operators/spark_submit.py", line 156, in execute
    self._hook.submit(self._application)
  File "/home/airflow/.local/lib/python3.12/site-packages/airflow/providers/apache/spark/hooks/spark_submit.py", line 422, in submit
    raise AirflowException(
airflow.exceptions.AirflowException: Cannot execute: spark-submit --master spark://spark-master:7077 --packages org.apache.spark:spark-sql-kafka-0-10_2.13:3.5.1 --name arrow-spark /opt/***/spark_jobs/grazing_detector.py kafka:29092. Error code is: 1.
[2025-07-01T12:38:53.936+0000] {taskinstance.py:1206} INFO - Marking task as FAILED. dag_id=grazing_detection_streaming_cluster, task_id=submit_grazing_detector_job, run_id=scheduled__2024-12-31T15:00:00+00:00, execution_date=20241231T150000, start_date=20250701T123853, end_date=20250701T123853
[2025-07-01T12:38:53.940+0000] {standard_task_runner.py:110} ERROR - Failed to execute job 3 for task submit_grazing_detector_job (Cannot execute: spark-submit --master spark://spark-master:7077 --packages org.apache.spark:spark-sql-kafka-0-10_2.13:3.5.1 --name arrow-spark /opt/***/spark_jobs/grazing_detector.py kafka:29092. Error code is: 1.; 197)
[2025-07-01T12:38:53.960+0000] {local_task_job_runner.py:240} INFO - Task exited with return code 1
[2025-07-01T12:38:53.969+0000] {taskinstance.py:3503} INFO - 0 downstream tasks scheduled from follow-on schedule check
[2025-07-01T12:38:53.970+0000] {local_task_job_runner.py:222} INFO - ::endgroup::
[2025-07-01T13:04:56.768+0000] {local_task_job_runner.py:120} INFO - ::group::Pre task execution logs
[2025-07-01T13:04:56.781+0000] {taskinstance.py:2076} INFO - Dependencies all met for dep_context=non-requeueable deps ti=<TaskInstance: grazing_detection_streaming_cluster.submit_grazing_detector_job scheduled__2024-12-31T15:00:00+00:00 [queued]>
[2025-07-01T13:04:56.784+0000] {taskinstance.py:2076} INFO - Dependencies all met for dep_context=requeueable deps ti=<TaskInstance: grazing_detection_streaming_cluster.submit_grazing_detector_job scheduled__2024-12-31T15:00:00+00:00 [queued]>
[2025-07-01T13:04:56.784+0000] {taskinstance.py:2306} INFO - Starting attempt 2 of 2
[2025-07-01T13:04:56.788+0000] {taskinstance.py:2330} INFO - Executing <Task(SparkSubmitOperator): submit_grazing_detector_job> on 2024-12-31 15:00:00+00:00
[2025-07-01T13:04:56.792+0000] {logging_mixin.py:188} WARNING - /home/***/.local/lib/python3.12/site-packages/***/task/task_runner/standard_task_runner.py:61 DeprecationWarning: This process (pid=395) is multi-threaded, use of fork() may lead to deadlocks in the child.
[2025-07-01T13:04:56.791+0000] {standard_task_runner.py:90} INFO - Running: ['***', 'tasks', 'run', 'grazing_detection_streaming_cluster', 'submit_grazing_detector_job', 'scheduled__2024-12-31T15:00:00+00:00', '--job-id', '3', '--raw', '--subdir', 'DAGS_FOLDER/grazing_dag.py', '--cfg-path', '/tmp/tmp7k8s3scy']
[2025-07-01T13:04:56.792+0000] {standard_task_runner.py:63} INFO - Started process 396 to run task
[2025-07-01T13:04:56.792+0000] {standard_task_runner.py:91} INFO - Job 3: Subtask submit_grazing_detector_job
[2025-07-01T13:04:56.814+0000] {task_command.py:426} INFO - Running <TaskInstance: grazing_detection_streaming_cluster.submit_grazing_detector_job scheduled__2024-12-31T15:00:00+00:00 [running]> on host 2b2f1149d0f1
[2025-07-01T13:04:56.845+0000] {taskinstance.py:2648} INFO - Exporting env vars: AIRFLOW_CTX_DAG_OWNER='***' AIRFLOW_CTX_DAG_ID='grazing_detection_streaming_cluster' AIRFLOW_CTX_TASK_ID='submit_grazing_detector_job' AIRFLOW_CTX_EXECUTION_DATE='2024-12-31T15:00:00+00:00' AIRFLOW_CTX_TRY_NUMBER='2' AIRFLOW_CTX_DAG_RUN_ID='scheduled__2024-12-31T15:00:00+00:00'
[2025-07-01T13:04:56.845+0000] {taskinstance.py:430} INFO - ::endgroup::
[2025-07-01T13:04:56.855+0000] {base.py:84} INFO - Using connection ID 'spark_default' for task execution.
[2025-07-01T13:04:56.855+0000] {spark_submit.py:340} INFO - Spark-Submit cmd: spark-submit --master spark://spark-master:7077 --packages org.apache.spark:spark-sql-kafka-0-10_2.13:3.5.1 --name arrow-spark /opt/***/spark_jobs/grazing_detector.py kafka:29092
[2025-07-01T13:04:57.388+0000] {spark_submit.py:491} INFO - :: loading settings :: url = jar:file:/opt/spark-3.5.1-bin-hadoop3/jars/ivy-2.5.1.jar!/org/apache/ivy/core/settings/ivysettings.xml
[2025-07-01T13:04:57.413+0000] {spark_submit.py:491} INFO - Ivy Default Cache set to: /home/***/.ivy2/cache
[2025-07-01T13:04:57.413+0000] {spark_submit.py:491} INFO - The jars for the packages stored in: /home/***/.ivy2/jars
[2025-07-01T13:04:57.415+0000] {spark_submit.py:491} INFO - org.apache.spark#spark-sql-kafka-0-10_2.13 added as a dependency
[2025-07-01T13:04:57.415+0000] {spark_submit.py:491} INFO - :: resolving dependencies :: org.apache.spark#spark-submit-parent-012c5914-3903-432c-87d9-3b0cb7ae5103;1.0
[2025-07-01T13:04:57.416+0000] {spark_submit.py:491} INFO - confs: [default]
[2025-07-01T13:04:57.478+0000] {spark_submit.py:491} INFO - found org.apache.spark#spark-sql-kafka-0-10_2.13;3.5.1 in central
[2025-07-01T13:04:57.503+0000] {spark_submit.py:491} INFO - found org.apache.spark#spark-token-provider-kafka-0-10_2.13;3.5.1 in central
[2025-07-01T13:04:57.513+0000] {spark_submit.py:491} INFO - found org.apache.kafka#kafka-clients;3.4.1 in central
[2025-07-01T13:04:57.523+0000] {spark_submit.py:491} INFO - found org.lz4#lz4-java;1.8.0 in central
[2025-07-01T13:04:57.532+0000] {spark_submit.py:491} INFO - found org.xerial.snappy#snappy-java;1.1.10.3 in central
[2025-07-01T13:04:57.540+0000] {spark_submit.py:491} INFO - found org.slf4j#slf4j-api;2.0.7 in central
[2025-07-01T13:04:57.553+0000] {spark_submit.py:491} INFO - found org.apache.hadoop#hadoop-client-runtime;3.3.4 in central
[2025-07-01T13:04:57.563+0000] {spark_submit.py:491} INFO - found org.apache.hadoop#hadoop-client-api;3.3.4 in central
[2025-07-01T13:04:57.572+0000] {spark_submit.py:491} INFO - found commons-logging#commons-logging;1.1.3 in central
[2025-07-01T13:04:57.578+0000] {spark_submit.py:491} INFO - found com.google.code.findbugs#jsr305;3.0.0 in central
[2025-07-01T13:04:57.583+0000] {spark_submit.py:491} INFO - found org.scala-lang.modules#scala-parallel-collections_2.13;1.0.4 in central
[2025-07-01T13:04:57.590+0000] {spark_submit.py:491} INFO - found org.apache.commons#commons-pool2;2.11.1 in central
[2025-07-01T13:04:57.600+0000] {spark_submit.py:491} INFO - :: resolution report :: resolve 180ms :: artifacts dl 5ms
[2025-07-01T13:04:57.600+0000] {spark_submit.py:491} INFO - :: modules in use:
[2025-07-01T13:04:57.601+0000] {spark_submit.py:491} INFO - com.google.code.findbugs#jsr305;3.0.0 from central in [default]
[2025-07-01T13:04:57.601+0000] {spark_submit.py:491} INFO - commons-logging#commons-logging;1.1.3 from central in [default]
[2025-07-01T13:04:57.601+0000] {spark_submit.py:491} INFO - org.apache.commons#commons-pool2;2.11.1 from central in [default]
[2025-07-01T13:04:57.601+0000] {spark_submit.py:491} INFO - org.apache.hadoop#hadoop-client-api;3.3.4 from central in [default]
[2025-07-01T13:04:57.601+0000] {spark_submit.py:491} INFO - org.apache.hadoop#hadoop-client-runtime;3.3.4 from central in [default]
[2025-07-01T13:04:57.601+0000] {spark_submit.py:491} INFO - org.apache.kafka#kafka-clients;3.4.1 from central in [default]
[2025-07-01T13:04:57.601+0000] {spark_submit.py:491} INFO - org.apache.spark#spark-sql-kafka-0-10_2.13;3.5.1 from central in [default]
[2025-07-01T13:04:57.601+0000] {spark_submit.py:491} INFO - org.apache.spark#spark-token-provider-kafka-0-10_2.13;3.5.1 from central in [default]
[2025-07-01T13:04:57.601+0000] {spark_submit.py:491} INFO - org.lz4#lz4-java;1.8.0 from central in [default]
[2025-07-01T13:04:57.601+0000] {spark_submit.py:491} INFO - org.scala-lang.modules#scala-parallel-collections_2.13;1.0.4 from central in [default]
[2025-07-01T13:04:57.602+0000] {spark_submit.py:491} INFO - org.slf4j#slf4j-api;2.0.7 from central in [default]
[2025-07-01T13:04:57.602+0000] {spark_submit.py:491} INFO - org.xerial.snappy#snappy-java;1.1.10.3 from central in [default]
[2025-07-01T13:04:57.602+0000] {spark_submit.py:491} INFO - ---------------------------------------------------------------------
[2025-07-01T13:04:57.602+0000] {spark_submit.py:491} INFO - |                  |            modules            ||   artifacts   |
[2025-07-01T13:04:57.602+0000] {spark_submit.py:491} INFO - |       conf       | number| search|dwnlded|evicted|| number|dwnlded|
[2025-07-01T13:04:57.602+0000] {spark_submit.py:491} INFO - ---------------------------------------------------------------------
[2025-07-01T13:04:57.602+0000] {spark_submit.py:491} INFO - |      default     |   12  |   0   |   0   |   0   ||   12  |   0   |
[2025-07-01T13:04:57.602+0000] {spark_submit.py:491} INFO - ---------------------------------------------------------------------
[2025-07-01T13:04:57.603+0000] {spark_submit.py:491} INFO - :: retrieving :: org.apache.spark#spark-submit-parent-012c5914-3903-432c-87d9-3b0cb7ae5103
[2025-07-01T13:04:57.603+0000] {spark_submit.py:491} INFO - confs: [default]
[2025-07-01T13:04:57.607+0000] {spark_submit.py:491} INFO - 0 artifacts copied, 12 already retrieved (0kB/4ms)
[2025-07-01T13:04:57.687+0000] {spark_submit.py:491} INFO - 25/07/01 13:04:57 WARN NativeCodeLoader: Unable to load native-hadoop library for your platform... using builtin-java classes where applicable
[2025-07-01T13:04:58.262+0000] {spark_submit.py:491} INFO - 25/07/01 13:04:58 INFO SparkContext: Running Spark version 3.5.1
[2025-07-01T13:04:58.262+0000] {spark_submit.py:491} INFO - 25/07/01 13:04:58 INFO SparkContext: OS info Linux, 6.10.14-linuxkit, aarch64
[2025-07-01T13:04:58.262+0000] {spark_submit.py:491} INFO - 25/07/01 13:04:58 INFO SparkContext: Java version 17.0.15
[2025-07-01T13:04:58.269+0000] {spark_submit.py:491} INFO - 25/07/01 13:04:58 INFO ResourceUtils: ==============================================================
[2025-07-01T13:04:58.269+0000] {spark_submit.py:491} INFO - 25/07/01 13:04:58 INFO ResourceUtils: No custom resources configured for spark.driver.
[2025-07-01T13:04:58.269+0000] {spark_submit.py:491} INFO - 25/07/01 13:04:58 INFO ResourceUtils: ==============================================================
[2025-07-01T13:04:58.270+0000] {spark_submit.py:491} INFO - 25/07/01 13:04:58 INFO SparkContext: Submitted application: GrazingDetectorPy
[2025-07-01T13:04:58.277+0000] {spark_submit.py:491} INFO - 25/07/01 13:04:58 INFO ResourceProfile: Default ResourceProfile created, executor resources: Map(memory -> name: memory, amount: 1024, script: , vendor: , offHeap -> name: offHeap, amount: 0, script: , vendor: ), task resources: Map(cpus -> name: cpus, amount: 1.0)
[2025-07-01T13:04:58.280+0000] {spark_submit.py:491} INFO - 25/07/01 13:04:58 INFO ResourceProfile: Limiting resource is cpu
[2025-07-01T13:04:58.280+0000] {spark_submit.py:491} INFO - 25/07/01 13:04:58 INFO ResourceProfileManager: Added ResourceProfile id: 0
[2025-07-01T13:04:58.299+0000] {spark_submit.py:491} INFO - 25/07/01 13:04:58 INFO SecurityManager: Changing view acls to: ***
[2025-07-01T13:04:58.299+0000] {spark_submit.py:491} INFO - 25/07/01 13:04:58 INFO SecurityManager: Changing modify acls to: ***
[2025-07-01T13:04:58.300+0000] {spark_submit.py:491} INFO - 25/07/01 13:04:58 INFO SecurityManager: Changing view acls groups to:
[2025-07-01T13:04:58.300+0000] {spark_submit.py:491} INFO - 25/07/01 13:04:58 INFO SecurityManager: Changing modify acls groups to:
[2025-07-01T13:04:58.300+0000] {spark_submit.py:491} INFO - 25/07/01 13:04:58 INFO SecurityManager: SecurityManager: authentication disabled; ui acls disabled; users with view permissions: ***; groups with view permissions: EMPTY; users with modify permissions: ***; groups with modify permissions: EMPTY
[2025-07-01T13:04:58.382+0000] {spark_submit.py:491} INFO - 25/07/01 13:04:58 INFO Utils: Successfully started service 'sparkDriver' on port 44473.
[2025-07-01T13:04:58.392+0000] {spark_submit.py:491} INFO - 25/07/01 13:04:58 INFO SparkEnv: Registering MapOutputTracker
[2025-07-01T13:04:58.411+0000] {spark_submit.py:491} INFO - 25/07/01 13:04:58 INFO SparkEnv: Registering BlockManagerMaster
[2025-07-01T13:04:58.417+0000] {spark_submit.py:491} INFO - 25/07/01 13:04:58 INFO BlockManagerMasterEndpoint: Using org.apache.spark.storage.DefaultTopologyMapper for getting topology information
[2025-07-01T13:04:58.417+0000] {spark_submit.py:491} INFO - 25/07/01 13:04:58 INFO BlockManagerMasterEndpoint: BlockManagerMasterEndpoint up
[2025-07-01T13:04:58.419+0000] {spark_submit.py:491} INFO - 25/07/01 13:04:58 INFO SparkEnv: Registering BlockManagerMasterHeartbeat
[2025-07-01T13:04:58.427+0000] {spark_submit.py:491} INFO - 25/07/01 13:04:58 INFO DiskBlockManager: Created local directory at /tmp/blockmgr-7117ab55-e508-46ab-b8ff-3e3606296aaa
[2025-07-01T13:04:58.432+0000] {spark_submit.py:491} INFO - 25/07/01 13:04:58 INFO MemoryStore: MemoryStore started with capacity 434.4 MiB
[2025-07-01T13:04:58.437+0000] {spark_submit.py:491} INFO - 25/07/01 13:04:58 INFO SparkEnv: Registering OutputCommitCoordinator
[2025-07-01T13:04:58.477+0000] {spark_submit.py:491} INFO - 25/07/01 13:04:58 INFO JettyUtils: Start Jetty 0.0.0.0:4040 for SparkUI
[2025-07-01T13:04:58.501+0000] {spark_submit.py:491} INFO - 25/07/01 13:04:58 INFO Utils: Successfully started service 'SparkUI' on port 4040.
[2025-07-01T13:04:58.515+0000] {spark_submit.py:491} INFO - 25/07/01 13:04:58 INFO SparkContext: Added JAR file:///home/***/.ivy2/jars/org.apache.spark_spark-sql-kafka-0-10_2.13-3.5.1.jar at spark://2b2f1149d0f1:44473/jars/org.apache.spark_spark-sql-kafka-0-10_2.13-3.5.1.jar with timestamp 1751375098259
[2025-07-01T13:04:58.515+0000] {spark_submit.py:491} INFO - 25/07/01 13:04:58 INFO SparkContext: Added JAR file:///home/***/.ivy2/jars/org.apache.spark_spark-token-provider-kafka-0-10_2.13-3.5.1.jar at spark://2b2f1149d0f1:44473/jars/org.apache.spark_spark-token-provider-kafka-0-10_2.13-3.5.1.jar with timestamp 1751375098259
[2025-07-01T13:04:58.515+0000] {spark_submit.py:491} INFO - 25/07/01 13:04:58 INFO SparkContext: Added JAR file:///home/***/.ivy2/jars/org.scala-lang.modules_scala-parallel-collections_2.13-1.0.4.jar at spark://2b2f1149d0f1:44473/jars/org.scala-lang.modules_scala-parallel-collections_2.13-1.0.4.jar with timestamp 1751375098259
[2025-07-01T13:04:58.515+0000] {spark_submit.py:491} INFO - 25/07/01 13:04:58 INFO SparkContext: Added JAR file:///home/***/.ivy2/jars/org.apache.kafka_kafka-clients-3.4.1.jar at spark://2b2f1149d0f1:44473/jars/org.apache.kafka_kafka-clients-3.4.1.jar with timestamp 1751375098259
[2025-07-01T13:04:58.515+0000] {spark_submit.py:491} INFO - 25/07/01 13:04:58 INFO SparkContext: Added JAR file:///home/***/.ivy2/jars/com.google.code.findbugs_jsr305-3.0.0.jar at spark://2b2f1149d0f1:44473/jars/com.google.code.findbugs_jsr305-3.0.0.jar with timestamp 1751375098259
[2025-07-01T13:04:58.515+0000] {spark_submit.py:491} INFO - 25/07/01 13:04:58 INFO SparkContext: Added JAR file:///home/***/.ivy2/jars/org.apache.commons_commons-pool2-2.11.1.jar at spark://2b2f1149d0f1:44473/jars/org.apache.commons_commons-pool2-2.11.1.jar with timestamp 1751375098259
[2025-07-01T13:04:58.516+0000] {spark_submit.py:491} INFO - 25/07/01 13:04:58 INFO SparkContext: Added JAR file:///home/***/.ivy2/jars/org.apache.hadoop_hadoop-client-runtime-3.3.4.jar at spark://2b2f1149d0f1:44473/jars/org.apache.hadoop_hadoop-client-runtime-3.3.4.jar with timestamp 1751375098259
[2025-07-01T13:04:58.516+0000] {spark_submit.py:491} INFO - 25/07/01 13:04:58 INFO SparkContext: Added JAR file:///home/***/.ivy2/jars/org.lz4_lz4-java-1.8.0.jar at spark://2b2f1149d0f1:44473/jars/org.lz4_lz4-java-1.8.0.jar with timestamp 1751375098259
[2025-07-01T13:04:58.516+0000] {spark_submit.py:491} INFO - 25/07/01 13:04:58 INFO SparkContext: Added JAR file:///home/***/.ivy2/jars/org.xerial.snappy_snappy-java-1.1.10.3.jar at spark://2b2f1149d0f1:44473/jars/org.xerial.snappy_snappy-java-1.1.10.3.jar with timestamp 1751375098259
[2025-07-01T13:04:58.516+0000] {spark_submit.py:491} INFO - 25/07/01 13:04:58 INFO SparkContext: Added JAR file:///home/***/.ivy2/jars/org.slf4j_slf4j-api-2.0.7.jar at spark://2b2f1149d0f1:44473/jars/org.slf4j_slf4j-api-2.0.7.jar with timestamp 1751375098259
[2025-07-01T13:04:58.516+0000] {spark_submit.py:491} INFO - 25/07/01 13:04:58 INFO SparkContext: Added JAR file:///home/***/.ivy2/jars/org.apache.hadoop_hadoop-client-api-3.3.4.jar at spark://2b2f1149d0f1:44473/jars/org.apache.hadoop_hadoop-client-api-3.3.4.jar with timestamp 1751375098259
[2025-07-01T13:04:58.516+0000] {spark_submit.py:491} INFO - 25/07/01 13:04:58 INFO SparkContext: Added JAR file:///home/***/.ivy2/jars/commons-logging_commons-logging-1.1.3.jar at spark://2b2f1149d0f1:44473/jars/commons-logging_commons-logging-1.1.3.jar with timestamp 1751375098259
[2025-07-01T13:04:58.517+0000] {spark_submit.py:491} INFO - 25/07/01 13:04:58 INFO SparkContext: Added file file:///home/***/.ivy2/jars/org.apache.spark_spark-sql-kafka-0-10_2.13-3.5.1.jar at spark://2b2f1149d0f1:44473/files/org.apache.spark_spark-sql-kafka-0-10_2.13-3.5.1.jar with timestamp 1751375098259
[2025-07-01T13:04:58.518+0000] {spark_submit.py:491} INFO - 25/07/01 13:04:58 INFO Utils: Copying /home/***/.ivy2/jars/org.apache.spark_spark-sql-kafka-0-10_2.13-3.5.1.jar to /tmp/spark-7661d1fa-26b2-4018-8656-a422bee6ffd7/userFiles-71ccad84-1def-4964-a8f8-3330659822ff/org.apache.spark_spark-sql-kafka-0-10_2.13-3.5.1.jar
[2025-07-01T13:04:58.522+0000] {spark_submit.py:491} INFO - 25/07/01 13:04:58 INFO SparkContext: Added file file:///home/***/.ivy2/jars/org.apache.spark_spark-token-provider-kafka-0-10_2.13-3.5.1.jar at spark://2b2f1149d0f1:44473/files/org.apache.spark_spark-token-provider-kafka-0-10_2.13-3.5.1.jar with timestamp 1751375098259
[2025-07-01T13:04:58.523+0000] {spark_submit.py:491} INFO - 25/07/01 13:04:58 INFO Utils: Copying /home/***/.ivy2/jars/org.apache.spark_spark-token-provider-kafka-0-10_2.13-3.5.1.jar to /tmp/spark-7661d1fa-26b2-4018-8656-a422bee6ffd7/userFiles-71ccad84-1def-4964-a8f8-3330659822ff/org.apache.spark_spark-token-provider-kafka-0-10_2.13-3.5.1.jar
[2025-07-01T13:04:58.524+0000] {spark_submit.py:491} INFO - 25/07/01 13:04:58 INFO SparkContext: Added file file:///home/***/.ivy2/jars/org.scala-lang.modules_scala-parallel-collections_2.13-1.0.4.jar at spark://2b2f1149d0f1:44473/files/org.scala-lang.modules_scala-parallel-collections_2.13-1.0.4.jar with timestamp 1751375098259
[2025-07-01T13:04:58.524+0000] {spark_submit.py:491} INFO - 25/07/01 13:04:58 INFO Utils: Copying /home/***/.ivy2/jars/org.scala-lang.modules_scala-parallel-collections_2.13-1.0.4.jar to /tmp/spark-7661d1fa-26b2-4018-8656-a422bee6ffd7/userFiles-71ccad84-1def-4964-a8f8-3330659822ff/org.scala-lang.modules_scala-parallel-collections_2.13-1.0.4.jar
[2025-07-01T13:04:58.527+0000] {spark_submit.py:491} INFO - 25/07/01 13:04:58 INFO SparkContext: Added file file:///home/***/.ivy2/jars/org.apache.kafka_kafka-clients-3.4.1.jar at spark://2b2f1149d0f1:44473/files/org.apache.kafka_kafka-clients-3.4.1.jar with timestamp 1751375098259
[2025-07-01T13:04:58.527+0000] {spark_submit.py:491} INFO - 25/07/01 13:04:58 INFO Utils: Copying /home/***/.ivy2/jars/org.apache.kafka_kafka-clients-3.4.1.jar to /tmp/spark-7661d1fa-26b2-4018-8656-a422bee6ffd7/userFiles-71ccad84-1def-4964-a8f8-3330659822ff/org.apache.kafka_kafka-clients-3.4.1.jar
[2025-07-01T13:04:58.530+0000] {spark_submit.py:491} INFO - 25/07/01 13:04:58 INFO SparkContext: Added file file:///home/***/.ivy2/jars/com.google.code.findbugs_jsr305-3.0.0.jar at spark://2b2f1149d0f1:44473/files/com.google.code.findbugs_jsr305-3.0.0.jar with timestamp 1751375098259
[2025-07-01T13:04:58.530+0000] {spark_submit.py:491} INFO - 25/07/01 13:04:58 INFO Utils: Copying /home/***/.ivy2/jars/com.google.code.findbugs_jsr305-3.0.0.jar to /tmp/spark-7661d1fa-26b2-4018-8656-a422bee6ffd7/userFiles-71ccad84-1def-4964-a8f8-3330659822ff/com.google.code.findbugs_jsr305-3.0.0.jar
[2025-07-01T13:04:58.532+0000] {spark_submit.py:491} INFO - 25/07/01 13:04:58 INFO SparkContext: Added file file:///home/***/.ivy2/jars/org.apache.commons_commons-pool2-2.11.1.jar at spark://2b2f1149d0f1:44473/files/org.apache.commons_commons-pool2-2.11.1.jar with timestamp 1751375098259
[2025-07-01T13:04:58.532+0000] {spark_submit.py:491} INFO - 25/07/01 13:04:58 INFO Utils: Copying /home/***/.ivy2/jars/org.apache.commons_commons-pool2-2.11.1.jar to /tmp/spark-7661d1fa-26b2-4018-8656-a422bee6ffd7/userFiles-71ccad84-1def-4964-a8f8-3330659822ff/org.apache.commons_commons-pool2-2.11.1.jar
[2025-07-01T13:04:58.534+0000] {spark_submit.py:491} INFO - 25/07/01 13:04:58 INFO SparkContext: Added file file:///home/***/.ivy2/jars/org.apache.hadoop_hadoop-client-runtime-3.3.4.jar at spark://2b2f1149d0f1:44473/files/org.apache.hadoop_hadoop-client-runtime-3.3.4.jar with timestamp 1751375098259
[2025-07-01T13:04:58.534+0000] {spark_submit.py:491} INFO - 25/07/01 13:04:58 INFO Utils: Copying /home/***/.ivy2/jars/org.apache.hadoop_hadoop-client-runtime-3.3.4.jar to /tmp/spark-7661d1fa-26b2-4018-8656-a422bee6ffd7/userFiles-71ccad84-1def-4964-a8f8-3330659822ff/org.apache.hadoop_hadoop-client-runtime-3.3.4.jar
[2025-07-01T13:04:58.543+0000] {spark_submit.py:491} INFO - 25/07/01 13:04:58 INFO SparkContext: Added file file:///home/***/.ivy2/jars/org.lz4_lz4-java-1.8.0.jar at spark://2b2f1149d0f1:44473/files/org.lz4_lz4-java-1.8.0.jar with timestamp 1751375098259
[2025-07-01T13:04:58.543+0000] {spark_submit.py:491} INFO - 25/07/01 13:04:58 INFO Utils: Copying /home/***/.ivy2/jars/org.lz4_lz4-java-1.8.0.jar to /tmp/spark-7661d1fa-26b2-4018-8656-a422bee6ffd7/userFiles-71ccad84-1def-4964-a8f8-3330659822ff/org.lz4_lz4-java-1.8.0.jar
[2025-07-01T13:04:58.545+0000] {spark_submit.py:491} INFO - 25/07/01 13:04:58 INFO SparkContext: Added file file:///home/***/.ivy2/jars/org.xerial.snappy_snappy-java-1.1.10.3.jar at spark://2b2f1149d0f1:44473/files/org.xerial.snappy_snappy-java-1.1.10.3.jar with timestamp 1751375098259
[2025-07-01T13:04:58.545+0000] {spark_submit.py:491} INFO - 25/07/01 13:04:58 INFO Utils: Copying /home/***/.ivy2/jars/org.xerial.snappy_snappy-java-1.1.10.3.jar to /tmp/spark-7661d1fa-26b2-4018-8656-a422bee6ffd7/userFiles-71ccad84-1def-4964-a8f8-3330659822ff/org.xerial.snappy_snappy-java-1.1.10.3.jar
[2025-07-01T13:04:58.547+0000] {spark_submit.py:491} INFO - 25/07/01 13:04:58 INFO SparkContext: Added file file:///home/***/.ivy2/jars/org.slf4j_slf4j-api-2.0.7.jar at spark://2b2f1149d0f1:44473/files/org.slf4j_slf4j-api-2.0.7.jar with timestamp 1751375098259
[2025-07-01T13:04:58.547+0000] {spark_submit.py:491} INFO - 25/07/01 13:04:58 INFO Utils: Copying /home/***/.ivy2/jars/org.slf4j_slf4j-api-2.0.7.jar to /tmp/spark-7661d1fa-26b2-4018-8656-a422bee6ffd7/userFiles-71ccad84-1def-4964-a8f8-3330659822ff/org.slf4j_slf4j-api-2.0.7.jar
[2025-07-01T13:04:58.549+0000] {spark_submit.py:491} INFO - 25/07/01 13:04:58 INFO SparkContext: Added file file:///home/***/.ivy2/jars/org.apache.hadoop_hadoop-client-api-3.3.4.jar at spark://2b2f1149d0f1:44473/files/org.apache.hadoop_hadoop-client-api-3.3.4.jar with timestamp 1751375098259
[2025-07-01T13:04:58.549+0000] {spark_submit.py:491} INFO - 25/07/01 13:04:58 INFO Utils: Copying /home/***/.ivy2/jars/org.apache.hadoop_hadoop-client-api-3.3.4.jar to /tmp/spark-7661d1fa-26b2-4018-8656-a422bee6ffd7/userFiles-71ccad84-1def-4964-a8f8-3330659822ff/org.apache.hadoop_hadoop-client-api-3.3.4.jar
[2025-07-01T13:04:58.557+0000] {spark_submit.py:491} INFO - 25/07/01 13:04:58 INFO SparkContext: Added file file:///home/***/.ivy2/jars/commons-logging_commons-logging-1.1.3.jar at spark://2b2f1149d0f1:44473/files/commons-logging_commons-logging-1.1.3.jar with timestamp 1751375098259
[2025-07-01T13:04:58.557+0000] {spark_submit.py:491} INFO - 25/07/01 13:04:58 INFO Utils: Copying /home/***/.ivy2/jars/commons-logging_commons-logging-1.1.3.jar to /tmp/spark-7661d1fa-26b2-4018-8656-a422bee6ffd7/userFiles-71ccad84-1def-4964-a8f8-3330659822ff/commons-logging_commons-logging-1.1.3.jar
[2025-07-01T13:04:58.586+0000] {spark_submit.py:491} INFO - 25/07/01 13:04:58 INFO StandaloneAppClient$ClientEndpoint: Connecting to master spark://spark-master:7077...
[2025-07-01T13:04:58.603+0000] {spark_submit.py:491} INFO - 25/07/01 13:04:58 INFO TransportClientFactory: Successfully created connection to spark-master/172.18.0.3:7077 after 10 ms (0 ms spent in bootstraps)
[2025-07-01T13:04:58.639+0000] {spark_submit.py:491} INFO - 25/07/01 13:04:58 INFO StandaloneSchedulerBackend: Connected to Spark cluster with app ID app-20250701130458-0001
[2025-07-01T13:04:58.639+0000] {spark_submit.py:491} INFO - 25/07/01 13:04:58 INFO StandaloneAppClient$ClientEndpoint: Executor added: app-20250701130458-0001/0 on worker-20250701130225-172.18.0.7-42781 (172.18.0.7:42781) with 14 core(s)
[2025-07-01T13:04:58.640+0000] {spark_submit.py:491} INFO - 25/07/01 13:04:58 INFO StandaloneSchedulerBackend: Granted executor ID app-20250701130458-0001/0 on hostPort 172.18.0.7:42781 with 14 core(s), 1024.0 MiB RAM
[2025-07-01T13:04:58.644+0000] {spark_submit.py:491} INFO - 25/07/01 13:04:58 INFO Utils: Successfully started service 'org.apache.spark.network.netty.NettyBlockTransferService' on port 34277.
[2025-07-01T13:04:58.645+0000] {spark_submit.py:491} INFO - 25/07/01 13:04:58 INFO NettyBlockTransferService: Server created on 2b2f1149d0f1:34277
[2025-07-01T13:04:58.645+0000] {spark_submit.py:491} INFO - 25/07/01 13:04:58 INFO BlockManager: Using org.apache.spark.storage.RandomBlockReplicationPolicy for block replication policy
[2025-07-01T13:04:58.648+0000] {spark_submit.py:491} INFO - 25/07/01 13:04:58 INFO BlockManagerMaster: Registering BlockManager BlockManagerId(driver, 2b2f1149d0f1, 34277, None)
[2025-07-01T13:04:58.651+0000] {spark_submit.py:491} INFO - 25/07/01 13:04:58 INFO BlockManagerMasterEndpoint: Registering block manager 2b2f1149d0f1:34277 with 434.4 MiB RAM, BlockManagerId(driver, 2b2f1149d0f1, 34277, None)
[2025-07-01T13:04:58.651+0000] {spark_submit.py:491} INFO - 25/07/01 13:04:58 INFO BlockManagerMaster: Registered BlockManager BlockManagerId(driver, 2b2f1149d0f1, 34277, None)
[2025-07-01T13:04:58.652+0000] {spark_submit.py:491} INFO - 25/07/01 13:04:58 INFO BlockManager: Initialized BlockManager: BlockManagerId(driver, 2b2f1149d0f1, 34277, None)
[2025-07-01T13:04:58.657+0000] {spark_submit.py:491} INFO - 25/07/01 13:04:58 INFO StandaloneAppClient$ClientEndpoint: Executor updated: app-20250701130458-0001/0 is now RUNNING
[2025-07-01T13:04:58.728+0000] {spark_submit.py:491} INFO - 25/07/01 13:04:58 INFO StandaloneSchedulerBackend: SchedulerBackend is ready for scheduling beginning after reached minRegisteredResourcesRatio: 0.0
[2025-07-01T13:04:58.807+0000] {spark_submit.py:491} INFO - 25/07/01 13:04:58 INFO SharedState: Setting hive.metastore.warehouse.dir ('null') to the value of spark.sql.warehouse.dir.
[2025-07-01T13:04:58.808+0000] {spark_submit.py:491} INFO - 25/07/01 13:04:58 INFO SharedState: Warehouse path is 'file:/opt/***/spark-warehouse'.
[2025-07-01T13:04:59.102+0000] {spark_submit.py:491} INFO - Traceback (most recent call last):
[2025-07-01T13:04:59.102+0000] {spark_submit.py:491} INFO - File "/opt/***/spark_jobs/grazing_detector.py", line 127, in <module>
[2025-07-01T13:04:59.102+0000] {spark_submit.py:491} INFO - main()
[2025-07-01T13:04:59.103+0000] {spark_submit.py:491} INFO - File "/opt/***/spark_jobs/grazing_detector.py", line 72, in main
[2025-07-01T13:04:59.103+0000] {spark_submit.py:491} INFO - .load()
[2025-07-01T13:04:59.103+0000] {spark_submit.py:491} INFO - ^^^^^^
[2025-07-01T13:04:59.103+0000] {spark_submit.py:491} INFO - File "/opt/spark/python/lib/pyspark.zip/pyspark/sql/streaming/readwriter.py", line 304, in load
[2025-07-01T13:04:59.103+0000] {spark_submit.py:491} INFO - File "/opt/spark/python/lib/py4j-0.10.9.7-src.zip/py4j/java_gateway.py", line 1322, in __call__
[2025-07-01T13:04:59.104+0000] {spark_submit.py:491} INFO - File "/opt/spark/python/lib/pyspark.zip/pyspark/errors/exceptions/captured.py", line 179, in deco
[2025-07-01T13:04:59.104+0000] {spark_submit.py:491} INFO - File "/opt/spark/python/lib/py4j-0.10.9.7-src.zip/py4j/protocol.py", line 326, in get_return_value
[2025-07-01T13:04:59.104+0000] {spark_submit.py:491} INFO - py4j.protocol.Py4JJavaError: An error occurred while calling o32.load.
[2025-07-01T13:04:59.104+0000] {spark_submit.py:491} INFO - : java.lang.NoClassDefFoundError: scala/$less$colon$less
[2025-07-01T13:04:59.104+0000] {spark_submit.py:491} INFO - at org.apache.spark.sql.kafka010.KafkaSourceProvider.org$apache$spark$sql$kafka010$KafkaSourceProvider$$validateStreamOptions(KafkaSourceProvider.scala:338)
[2025-07-01T13:04:59.105+0000] {spark_submit.py:491} INFO - at org.apache.spark.sql.kafka010.KafkaSourceProvider.sourceSchema(KafkaSourceProvider.scala:71)
[2025-07-01T13:04:59.105+0000] {spark_submit.py:491} INFO - at org.apache.spark.sql.execution.datasources.DataSource.sourceSchema(DataSource.scala:233)
[2025-07-01T13:04:59.105+0000] {spark_submit.py:491} INFO - at org.apache.spark.sql.execution.datasources.DataSource.sourceInfo$lzycompute(DataSource.scala:118)
[2025-07-01T13:04:59.105+0000] {spark_submit.py:491} INFO - at org.apache.spark.sql.execution.datasources.DataSource.sourceInfo(DataSource.scala:118)
[2025-07-01T13:04:59.105+0000] {spark_submit.py:491} INFO - at org.apache.spark.sql.execution.streaming.StreamingRelation$.apply(StreamingRelation.scala:36)
[2025-07-01T13:04:59.105+0000] {spark_submit.py:491} INFO - at org.apache.spark.sql.streaming.DataStreamReader.loadInternal(DataStreamReader.scala:169)
[2025-07-01T13:04:59.105+0000] {spark_submit.py:491} INFO - at org.apache.spark.sql.streaming.DataStreamReader.load(DataStreamReader.scala:145)
[2025-07-01T13:04:59.106+0000] {spark_submit.py:491} INFO - at java.base/jdk.internal.reflect.NativeMethodAccessorImpl.invoke0(Native Method)
[2025-07-01T13:04:59.106+0000] {spark_submit.py:491} INFO - at java.base/jdk.internal.reflect.NativeMethodAccessorImpl.invoke(NativeMethodAccessorImpl.java:77)
[2025-07-01T13:04:59.106+0000] {spark_submit.py:491} INFO - at java.base/jdk.internal.reflect.DelegatingMethodAccessorImpl.invoke(DelegatingMethodAccessorImpl.java:43)
[2025-07-01T13:04:59.106+0000] {spark_submit.py:491} INFO - at java.base/java.lang.reflect.Method.invoke(Method.java:569)
[2025-07-01T13:04:59.106+0000] {spark_submit.py:491} INFO - at py4j.reflection.MethodInvoker.invoke(MethodInvoker.java:244)
[2025-07-01T13:04:59.106+0000] {spark_submit.py:491} INFO - at py4j.reflection.ReflectionEngine.invoke(ReflectionEngine.java:374)
[2025-07-01T13:04:59.106+0000] {spark_submit.py:491} INFO - at py4j.Gateway.invoke(Gateway.java:282)
[2025-07-01T13:04:59.106+0000] {spark_submit.py:491} INFO - at py4j.commands.AbstractCommand.invokeMethod(AbstractCommand.java:132)
[2025-07-01T13:04:59.106+0000] {spark_submit.py:491} INFO - at py4j.commands.CallCommand.execute(CallCommand.java:79)
[2025-07-01T13:04:59.107+0000] {spark_submit.py:491} INFO - at py4j.ClientServerConnection.waitForCommands(ClientServerConnection.java:182)
[2025-07-01T13:04:59.107+0000] {spark_submit.py:491} INFO - at py4j.ClientServerConnection.run(ClientServerConnection.java:106)
[2025-07-01T13:04:59.107+0000] {spark_submit.py:491} INFO - at java.base/java.lang.Thread.run(Thread.java:840)
[2025-07-01T13:04:59.107+0000] {spark_submit.py:491} INFO - Caused by: java.lang.ClassNotFoundException: scala.$less$colon$less
[2025-07-01T13:04:59.107+0000] {spark_submit.py:491} INFO - at java.base/java.net.URLClassLoader.findClass(URLClassLoader.java:445)
[2025-07-01T13:04:59.107+0000] {spark_submit.py:491} INFO - at java.base/java.lang.ClassLoader.loadClass(ClassLoader.java:592)
[2025-07-01T13:04:59.107+0000] {spark_submit.py:491} INFO - at java.base/java.lang.ClassLoader.loadClass(ClassLoader.java:525)
[2025-07-01T13:04:59.107+0000] {spark_submit.py:491} INFO - ... 20 more
[2025-07-01T13:04:59.107+0000] {spark_submit.py:491} INFO - 
[2025-07-01T13:04:59.127+0000] {spark_submit.py:491} INFO - 25/07/01 13:04:59 INFO SparkContext: Invoking stop() from shutdown hook
[2025-07-01T13:04:59.127+0000] {spark_submit.py:491} INFO - 25/07/01 13:04:59 INFO SparkContext: SparkContext is stopping with exitCode 0.
[2025-07-01T13:04:59.131+0000] {spark_submit.py:491} INFO - 25/07/01 13:04:59 INFO SparkUI: Stopped Spark web UI at http://2b2f1149d0f1:4040
[2025-07-01T13:04:59.133+0000] {spark_submit.py:491} INFO - 25/07/01 13:04:59 INFO StandaloneSchedulerBackend: Shutting down all executors
[2025-07-01T13:04:59.134+0000] {spark_submit.py:491} INFO - 25/07/01 13:04:59 INFO StandaloneSchedulerBackend$StandaloneDriverEndpoint: Asking each executor to shut down
[2025-07-01T13:04:59.140+0000] {spark_submit.py:491} INFO - 25/07/01 13:04:59 INFO MapOutputTrackerMasterEndpoint: MapOutputTrackerMasterEndpoint stopped!
[2025-07-01T13:04:59.146+0000] {spark_submit.py:491} INFO - 25/07/01 13:04:59 INFO MemoryStore: MemoryStore cleared
[2025-07-01T13:04:59.146+0000] {spark_submit.py:491} INFO - 25/07/01 13:04:59 INFO BlockManager: BlockManager stopped
[2025-07-01T13:04:59.148+0000] {spark_submit.py:491} INFO - 25/07/01 13:04:59 INFO BlockManagerMaster: BlockManagerMaster stopped
[2025-07-01T13:04:59.148+0000] {spark_submit.py:491} INFO - 25/07/01 13:04:59 INFO OutputCommitCoordinator$OutputCommitCoordinatorEndpoint: OutputCommitCoordinator stopped!
[2025-07-01T13:04:59.155+0000] {spark_submit.py:491} INFO - 25/07/01 13:04:59 INFO SparkContext: Successfully stopped SparkContext
[2025-07-01T13:04:59.155+0000] {spark_submit.py:491} INFO - 25/07/01 13:04:59 INFO ShutdownHookManager: Shutdown hook called
[2025-07-01T13:04:59.155+0000] {spark_submit.py:491} INFO - 25/07/01 13:04:59 INFO ShutdownHookManager: Deleting directory /tmp/spark-86f9f5ac-47c8-4f96-8b01-2a65d86c1800
[2025-07-01T13:04:59.157+0000] {spark_submit.py:491} INFO - 25/07/01 13:04:59 INFO ShutdownHookManager: Deleting directory /tmp/spark-7661d1fa-26b2-4018-8656-a422bee6ffd7/pyspark-9a69c0a9-ff2f-416f-9c36-bf6d7b952389
[2025-07-01T13:04:59.158+0000] {spark_submit.py:491} INFO - 25/07/01 13:04:59 INFO ShutdownHookManager: Deleting directory /tmp/spark-7661d1fa-26b2-4018-8656-a422bee6ffd7
[2025-07-01T13:04:59.175+0000] {taskinstance.py:441} INFO - ::group::Post task execution logs
[2025-07-01T13:04:59.180+0000] {taskinstance.py:2905} ERROR - Task failed with exception
Traceback (most recent call last):
  File "/home/airflow/.local/lib/python3.12/site-packages/airflow/models/taskinstance.py", line 465, in _execute_task
    result = _execute_callable(context=context, **execute_callable_kwargs)
             ^^^^^^^^^^^^^^^^^^^^^^^^^^^^^^^^^^^^^^^^^^^^^^^^^^^^^^^^^^^^^
  File "/home/airflow/.local/lib/python3.12/site-packages/airflow/models/taskinstance.py", line 432, in _execute_callable
    return execute_callable(context=context, **execute_callable_kwargs)
           ^^^^^^^^^^^^^^^^^^^^^^^^^^^^^^^^^^^^^^^^^^^^^^^^^^^^^^^^^^^^
  File "/home/airflow/.local/lib/python3.12/site-packages/airflow/models/baseoperator.py", line 401, in wrapper
    return func(self, *args, **kwargs)
           ^^^^^^^^^^^^^^^^^^^^^^^^^^^
  File "/home/airflow/.local/lib/python3.12/site-packages/airflow/providers/apache/spark/operators/spark_submit.py", line 156, in execute
    self._hook.submit(self._application)
  File "/home/airflow/.local/lib/python3.12/site-packages/airflow/providers/apache/spark/hooks/spark_submit.py", line 422, in submit
    raise AirflowException(
airflow.exceptions.AirflowException: Cannot execute: spark-submit --master spark://spark-master:7077 --packages org.apache.spark:spark-sql-kafka-0-10_2.13:3.5.1 --name arrow-spark /opt/***/spark_jobs/grazing_detector.py kafka:29092. Error code is: 1.
[2025-07-01T13:04:59.182+0000] {taskinstance.py:1206} INFO - Marking task as FAILED. dag_id=grazing_detection_streaming_cluster, task_id=submit_grazing_detector_job, run_id=scheduled__2024-12-31T15:00:00+00:00, execution_date=20241231T150000, start_date=20250701T130456, end_date=20250701T130459
[2025-07-01T13:04:59.186+0000] {standard_task_runner.py:110} ERROR - Failed to execute job 3 for task submit_grazing_detector_job (Cannot execute: spark-submit --master spark://spark-master:7077 --packages org.apache.spark:spark-sql-kafka-0-10_2.13:3.5.1 --name arrow-spark /opt/***/spark_jobs/grazing_detector.py kafka:29092. Error code is: 1.; 396)
[2025-07-01T13:04:59.194+0000] {local_task_job_runner.py:240} INFO - Task exited with return code 1
[2025-07-01T13:04:59.202+0000] {taskinstance.py:3503} INFO - 0 downstream tasks scheduled from follow-on schedule check
[2025-07-01T13:04:59.203+0000] {local_task_job_runner.py:222} INFO - ::endgroup::
