[2025-07-01T13:11:08.552+0000] {local_task_job_runner.py:120} INFO - ::group::Pre task execution logs
[2025-07-01T13:11:08.570+0000] {taskinstance.py:2076} INFO - Dependencies all met for dep_context=non-requeueable deps ti=<TaskInstance: grazing_detection_streaming_cluster.submit_grazing_detector_job manual__2025-07-01T13:09:46.351236+00:00 [queued]>
[2025-07-01T13:11:08.575+0000] {taskinstance.py:2076} INFO - Dependencies all met for dep_context=requeueable deps ti=<TaskInstance: grazing_detection_streaming_cluster.submit_grazing_detector_job manual__2025-07-01T13:09:46.351236+00:00 [queued]>
[2025-07-01T13:11:08.575+0000] {taskinstance.py:2306} INFO - Starting attempt 2 of 2
[2025-07-01T13:11:08.580+0000] {taskinstance.py:2330} INFO - Executing <Task(SparkSubmitOperator): submit_grazing_detector_job> on 2025-07-01 13:09:46.351236+00:00
[2025-07-01T13:11:08.584+0000] {standard_task_runner.py:90} INFO - Running: ['***', 'tasks', 'run', 'grazing_detection_streaming_cluster', 'submit_grazing_detector_job', 'manual__2025-07-01T13:09:46.351236+00:00', '--job-id', '6', '--raw', '--subdir', 'DAGS_FOLDER/grazing_dag.py', '--cfg-path', '/tmp/tmp8x81fcgu']
[2025-07-01T13:11:08.586+0000] {logging_mixin.py:188} WARNING - /home/***/.local/lib/python3.12/site-packages/***/task/task_runner/standard_task_runner.py:61 DeprecationWarning: This process (pid=402) is multi-threaded, use of fork() may lead to deadlocks in the child.
[2025-07-01T13:11:08.586+0000] {standard_task_runner.py:91} INFO - Job 6: Subtask submit_grazing_detector_job
[2025-07-01T13:11:08.586+0000] {standard_task_runner.py:63} INFO - Started process 403 to run task
[2025-07-01T13:11:08.615+0000] {task_command.py:426} INFO - Running <TaskInstance: grazing_detection_streaming_cluster.submit_grazing_detector_job manual__2025-07-01T13:09:46.351236+00:00 [running]> on host 7d854e3d028e
[2025-07-01T13:11:08.653+0000] {taskinstance.py:2648} INFO - Exporting env vars: AIRFLOW_CTX_DAG_OWNER='***' AIRFLOW_CTX_DAG_ID='grazing_detection_streaming_cluster' AIRFLOW_CTX_TASK_ID='submit_grazing_detector_job' AIRFLOW_CTX_EXECUTION_DATE='2025-07-01T13:09:46.351236+00:00' AIRFLOW_CTX_TRY_NUMBER='2' AIRFLOW_CTX_DAG_RUN_ID='manual__2025-07-01T13:09:46.351236+00:00'
[2025-07-01T13:11:08.653+0000] {taskinstance.py:430} INFO - ::endgroup::
[2025-07-01T13:11:08.664+0000] {base.py:84} INFO - Using connection ID 'spark_default' for task execution.
[2025-07-01T13:11:08.665+0000] {spark_submit.py:340} INFO - Spark-Submit cmd: spark-submit --master spark://spark-master:7077 --packages org.apache.spark:spark-sql-kafka-0-10_2.13:3.5.1 --name arrow-spark /opt/***/spark_jobs/grazing_detector.py kafka:29092
[2025-07-01T13:11:09.281+0000] {spark_submit.py:491} INFO - :: loading settings :: url = jar:file:/opt/spark-3.5.1-bin-hadoop3/jars/ivy-2.5.1.jar!/org/apache/ivy/core/settings/ivysettings.xml
[2025-07-01T13:11:09.309+0000] {spark_submit.py:491} INFO - Ivy Default Cache set to: /home/***/.ivy2/cache
[2025-07-01T13:11:09.309+0000] {spark_submit.py:491} INFO - The jars for the packages stored in: /home/***/.ivy2/jars
[2025-07-01T13:11:09.311+0000] {spark_submit.py:491} INFO - org.apache.spark#spark-sql-kafka-0-10_2.13 added as a dependency
[2025-07-01T13:11:09.311+0000] {spark_submit.py:491} INFO - :: resolving dependencies :: org.apache.spark#spark-submit-parent-0fa1383b-46c1-4f36-90ad-d152096d5a7e;1.0
[2025-07-01T13:11:09.311+0000] {spark_submit.py:491} INFO - confs: [default]
[2025-07-01T13:11:09.374+0000] {spark_submit.py:491} INFO - found org.apache.spark#spark-sql-kafka-0-10_2.13;3.5.1 in central
[2025-07-01T13:11:09.397+0000] {spark_submit.py:491} INFO - found org.apache.spark#spark-token-provider-kafka-0-10_2.13;3.5.1 in central
[2025-07-01T13:11:09.407+0000] {spark_submit.py:491} INFO - found org.apache.kafka#kafka-clients;3.4.1 in central
[2025-07-01T13:11:09.416+0000] {spark_submit.py:491} INFO - found org.lz4#lz4-java;1.8.0 in central
[2025-07-01T13:11:09.427+0000] {spark_submit.py:491} INFO - found org.xerial.snappy#snappy-java;1.1.10.3 in central
[2025-07-01T13:11:09.434+0000] {spark_submit.py:491} INFO - found org.slf4j#slf4j-api;2.0.7 in central
[2025-07-01T13:11:09.444+0000] {spark_submit.py:491} INFO - found org.apache.hadoop#hadoop-client-runtime;3.3.4 in central
[2025-07-01T13:11:09.454+0000] {spark_submit.py:491} INFO - found org.apache.hadoop#hadoop-client-api;3.3.4 in central
[2025-07-01T13:11:09.463+0000] {spark_submit.py:491} INFO - found commons-logging#commons-logging;1.1.3 in central
[2025-07-01T13:11:09.469+0000] {spark_submit.py:491} INFO - found com.google.code.findbugs#jsr305;3.0.0 in central
[2025-07-01T13:11:09.474+0000] {spark_submit.py:491} INFO - found org.scala-lang.modules#scala-parallel-collections_2.13;1.0.4 in central
[2025-07-01T13:11:09.479+0000] {spark_submit.py:491} INFO - found org.apache.commons#commons-pool2;2.11.1 in central
[2025-07-01T13:11:09.488+0000] {spark_submit.py:491} INFO - :: resolution report :: resolve 172ms :: artifacts dl 5ms
[2025-07-01T13:11:09.488+0000] {spark_submit.py:491} INFO - :: modules in use:
[2025-07-01T13:11:09.488+0000] {spark_submit.py:491} INFO - com.google.code.findbugs#jsr305;3.0.0 from central in [default]
[2025-07-01T13:11:09.488+0000] {spark_submit.py:491} INFO - commons-logging#commons-logging;1.1.3 from central in [default]
[2025-07-01T13:11:09.488+0000] {spark_submit.py:491} INFO - org.apache.commons#commons-pool2;2.11.1 from central in [default]
[2025-07-01T13:11:09.489+0000] {spark_submit.py:491} INFO - org.apache.hadoop#hadoop-client-api;3.3.4 from central in [default]
[2025-07-01T13:11:09.489+0000] {spark_submit.py:491} INFO - org.apache.hadoop#hadoop-client-runtime;3.3.4 from central in [default]
[2025-07-01T13:11:09.489+0000] {spark_submit.py:491} INFO - org.apache.kafka#kafka-clients;3.4.1 from central in [default]
[2025-07-01T13:11:09.489+0000] {spark_submit.py:491} INFO - org.apache.spark#spark-sql-kafka-0-10_2.13;3.5.1 from central in [default]
[2025-07-01T13:11:09.489+0000] {spark_submit.py:491} INFO - org.apache.spark#spark-token-provider-kafka-0-10_2.13;3.5.1 from central in [default]
[2025-07-01T13:11:09.489+0000] {spark_submit.py:491} INFO - org.lz4#lz4-java;1.8.0 from central in [default]
[2025-07-01T13:11:09.489+0000] {spark_submit.py:491} INFO - org.scala-lang.modules#scala-parallel-collections_2.13;1.0.4 from central in [default]
[2025-07-01T13:11:09.489+0000] {spark_submit.py:491} INFO - org.slf4j#slf4j-api;2.0.7 from central in [default]
[2025-07-01T13:11:09.490+0000] {spark_submit.py:491} INFO - org.xerial.snappy#snappy-java;1.1.10.3 from central in [default]
[2025-07-01T13:11:09.490+0000] {spark_submit.py:491} INFO - ---------------------------------------------------------------------
[2025-07-01T13:11:09.490+0000] {spark_submit.py:491} INFO - |                  |            modules            ||   artifacts   |
[2025-07-01T13:11:09.490+0000] {spark_submit.py:491} INFO - |       conf       | number| search|dwnlded|evicted|| number|dwnlded|
[2025-07-01T13:11:09.490+0000] {spark_submit.py:491} INFO - ---------------------------------------------------------------------
[2025-07-01T13:11:09.490+0000] {spark_submit.py:491} INFO - |      default     |   12  |   0   |   0   |   0   ||   12  |   0   |
[2025-07-01T13:11:09.490+0000] {spark_submit.py:491} INFO - ---------------------------------------------------------------------
[2025-07-01T13:11:09.491+0000] {spark_submit.py:491} INFO - :: retrieving :: org.apache.spark#spark-submit-parent-0fa1383b-46c1-4f36-90ad-d152096d5a7e
[2025-07-01T13:11:09.491+0000] {spark_submit.py:491} INFO - confs: [default]
[2025-07-01T13:11:09.494+0000] {spark_submit.py:491} INFO - 0 artifacts copied, 12 already retrieved (0kB/3ms)
[2025-07-01T13:11:09.571+0000] {spark_submit.py:491} INFO - 25/07/01 13:11:09 WARN NativeCodeLoader: Unable to load native-hadoop library for your platform... using builtin-java classes where applicable
[2025-07-01T13:11:10.151+0000] {spark_submit.py:491} INFO - 25/07/01 13:11:10 INFO SparkContext: Running Spark version 3.5.1
[2025-07-01T13:11:10.151+0000] {spark_submit.py:491} INFO - 25/07/01 13:11:10 INFO SparkContext: OS info Linux, 6.10.14-linuxkit, aarch64
[2025-07-01T13:11:10.152+0000] {spark_submit.py:491} INFO - 25/07/01 13:11:10 INFO SparkContext: Java version 17.0.15
[2025-07-01T13:11:10.160+0000] {spark_submit.py:491} INFO - 25/07/01 13:11:10 INFO ResourceUtils: ==============================================================
[2025-07-01T13:11:10.160+0000] {spark_submit.py:491} INFO - 25/07/01 13:11:10 INFO ResourceUtils: No custom resources configured for spark.driver.
[2025-07-01T13:11:10.160+0000] {spark_submit.py:491} INFO - 25/07/01 13:11:10 INFO ResourceUtils: ==============================================================
[2025-07-01T13:11:10.160+0000] {spark_submit.py:491} INFO - 25/07/01 13:11:10 INFO SparkContext: Submitted application: GrazingDetectorPy
[2025-07-01T13:11:10.167+0000] {spark_submit.py:491} INFO - 25/07/01 13:11:10 INFO ResourceProfile: Default ResourceProfile created, executor resources: Map(memory -> name: memory, amount: 1024, script: , vendor: , offHeap -> name: offHeap, amount: 0, script: , vendor: ), task resources: Map(cpus -> name: cpus, amount: 1.0)
[2025-07-01T13:11:10.170+0000] {spark_submit.py:491} INFO - 25/07/01 13:11:10 INFO ResourceProfile: Limiting resource is cpu
[2025-07-01T13:11:10.170+0000] {spark_submit.py:491} INFO - 25/07/01 13:11:10 INFO ResourceProfileManager: Added ResourceProfile id: 0
[2025-07-01T13:11:10.190+0000] {spark_submit.py:491} INFO - 25/07/01 13:11:10 INFO SecurityManager: Changing view acls to: ***
[2025-07-01T13:11:10.191+0000] {spark_submit.py:491} INFO - 25/07/01 13:11:10 INFO SecurityManager: Changing modify acls to: ***
[2025-07-01T13:11:10.191+0000] {spark_submit.py:491} INFO - 25/07/01 13:11:10 INFO SecurityManager: Changing view acls groups to:
[2025-07-01T13:11:10.191+0000] {spark_submit.py:491} INFO - 25/07/01 13:11:10 INFO SecurityManager: Changing modify acls groups to:
[2025-07-01T13:11:10.191+0000] {spark_submit.py:491} INFO - 25/07/01 13:11:10 INFO SecurityManager: SecurityManager: authentication disabled; ui acls disabled; users with view permissions: ***; groups with view permissions: EMPTY; users with modify permissions: ***; groups with modify permissions: EMPTY
[2025-07-01T13:11:10.265+0000] {spark_submit.py:491} INFO - 25/07/01 13:11:10 INFO Utils: Successfully started service 'sparkDriver' on port 35207.
[2025-07-01T13:11:10.280+0000] {spark_submit.py:491} INFO - 25/07/01 13:11:10 INFO SparkEnv: Registering MapOutputTracker
[2025-07-01T13:11:10.292+0000] {spark_submit.py:491} INFO - 25/07/01 13:11:10 INFO SparkEnv: Registering BlockManagerMaster
[2025-07-01T13:11:10.298+0000] {spark_submit.py:491} INFO - 25/07/01 13:11:10 INFO BlockManagerMasterEndpoint: Using org.apache.spark.storage.DefaultTopologyMapper for getting topology information
[2025-07-01T13:11:10.298+0000] {spark_submit.py:491} INFO - 25/07/01 13:11:10 INFO BlockManagerMasterEndpoint: BlockManagerMasterEndpoint up
[2025-07-01T13:11:10.299+0000] {spark_submit.py:491} INFO - 25/07/01 13:11:10 INFO SparkEnv: Registering BlockManagerMasterHeartbeat
[2025-07-01T13:11:10.307+0000] {spark_submit.py:491} INFO - 25/07/01 13:11:10 INFO DiskBlockManager: Created local directory at /tmp/blockmgr-a5ecf46c-86c3-4da6-8489-d742e65f497b
[2025-07-01T13:11:10.313+0000] {spark_submit.py:491} INFO - 25/07/01 13:11:10 INFO MemoryStore: MemoryStore started with capacity 434.4 MiB
[2025-07-01T13:11:10.319+0000] {spark_submit.py:491} INFO - 25/07/01 13:11:10 INFO SparkEnv: Registering OutputCommitCoordinator
[2025-07-01T13:11:10.365+0000] {spark_submit.py:491} INFO - 25/07/01 13:11:10 INFO JettyUtils: Start Jetty 0.0.0.0:4040 for SparkUI
[2025-07-01T13:11:10.388+0000] {spark_submit.py:491} INFO - 25/07/01 13:11:10 INFO Utils: Successfully started service 'SparkUI' on port 4040.
[2025-07-01T13:11:10.402+0000] {spark_submit.py:491} INFO - 25/07/01 13:11:10 INFO SparkContext: Added JAR file:///home/***/.ivy2/jars/org.apache.spark_spark-sql-kafka-0-10_2.13-3.5.1.jar at spark://7d854e3d028e:35207/jars/org.apache.spark_spark-sql-kafka-0-10_2.13-3.5.1.jar with timestamp 1751375470148
[2025-07-01T13:11:10.402+0000] {spark_submit.py:491} INFO - 25/07/01 13:11:10 INFO SparkContext: Added JAR file:///home/***/.ivy2/jars/org.apache.spark_spark-token-provider-kafka-0-10_2.13-3.5.1.jar at spark://7d854e3d028e:35207/jars/org.apache.spark_spark-token-provider-kafka-0-10_2.13-3.5.1.jar with timestamp 1751375470148
[2025-07-01T13:11:10.402+0000] {spark_submit.py:491} INFO - 25/07/01 13:11:10 INFO SparkContext: Added JAR file:///home/***/.ivy2/jars/org.scala-lang.modules_scala-parallel-collections_2.13-1.0.4.jar at spark://7d854e3d028e:35207/jars/org.scala-lang.modules_scala-parallel-collections_2.13-1.0.4.jar with timestamp 1751375470148
[2025-07-01T13:11:10.403+0000] {spark_submit.py:491} INFO - 25/07/01 13:11:10 INFO SparkContext: Added JAR file:///home/***/.ivy2/jars/org.apache.kafka_kafka-clients-3.4.1.jar at spark://7d854e3d028e:35207/jars/org.apache.kafka_kafka-clients-3.4.1.jar with timestamp 1751375470148
[2025-07-01T13:11:10.403+0000] {spark_submit.py:491} INFO - 25/07/01 13:11:10 INFO SparkContext: Added JAR file:///home/***/.ivy2/jars/com.google.code.findbugs_jsr305-3.0.0.jar at spark://7d854e3d028e:35207/jars/com.google.code.findbugs_jsr305-3.0.0.jar with timestamp 1751375470148
[2025-07-01T13:11:10.403+0000] {spark_submit.py:491} INFO - 25/07/01 13:11:10 INFO SparkContext: Added JAR file:///home/***/.ivy2/jars/org.apache.commons_commons-pool2-2.11.1.jar at spark://7d854e3d028e:35207/jars/org.apache.commons_commons-pool2-2.11.1.jar with timestamp 1751375470148
[2025-07-01T13:11:10.403+0000] {spark_submit.py:491} INFO - 25/07/01 13:11:10 INFO SparkContext: Added JAR file:///home/***/.ivy2/jars/org.apache.hadoop_hadoop-client-runtime-3.3.4.jar at spark://7d854e3d028e:35207/jars/org.apache.hadoop_hadoop-client-runtime-3.3.4.jar with timestamp 1751375470148
[2025-07-01T13:11:10.403+0000] {spark_submit.py:491} INFO - 25/07/01 13:11:10 INFO SparkContext: Added JAR file:///home/***/.ivy2/jars/org.lz4_lz4-java-1.8.0.jar at spark://7d854e3d028e:35207/jars/org.lz4_lz4-java-1.8.0.jar with timestamp 1751375470148
[2025-07-01T13:11:10.403+0000] {spark_submit.py:491} INFO - 25/07/01 13:11:10 INFO SparkContext: Added JAR file:///home/***/.ivy2/jars/org.xerial.snappy_snappy-java-1.1.10.3.jar at spark://7d854e3d028e:35207/jars/org.xerial.snappy_snappy-java-1.1.10.3.jar with timestamp 1751375470148
[2025-07-01T13:11:10.403+0000] {spark_submit.py:491} INFO - 25/07/01 13:11:10 INFO SparkContext: Added JAR file:///home/***/.ivy2/jars/org.slf4j_slf4j-api-2.0.7.jar at spark://7d854e3d028e:35207/jars/org.slf4j_slf4j-api-2.0.7.jar with timestamp 1751375470148
[2025-07-01T13:11:10.403+0000] {spark_submit.py:491} INFO - 25/07/01 13:11:10 INFO SparkContext: Added JAR file:///home/***/.ivy2/jars/org.apache.hadoop_hadoop-client-api-3.3.4.jar at spark://7d854e3d028e:35207/jars/org.apache.hadoop_hadoop-client-api-3.3.4.jar with timestamp 1751375470148
[2025-07-01T13:11:10.403+0000] {spark_submit.py:491} INFO - 25/07/01 13:11:10 INFO SparkContext: Added JAR file:///home/***/.ivy2/jars/commons-logging_commons-logging-1.1.3.jar at spark://7d854e3d028e:35207/jars/commons-logging_commons-logging-1.1.3.jar with timestamp 1751375470148
[2025-07-01T13:11:10.404+0000] {spark_submit.py:491} INFO - 25/07/01 13:11:10 INFO SparkContext: Added file file:///home/***/.ivy2/jars/org.apache.spark_spark-sql-kafka-0-10_2.13-3.5.1.jar at spark://7d854e3d028e:35207/files/org.apache.spark_spark-sql-kafka-0-10_2.13-3.5.1.jar with timestamp 1751375470148
[2025-07-01T13:11:10.404+0000] {spark_submit.py:491} INFO - 25/07/01 13:11:10 INFO Utils: Copying /home/***/.ivy2/jars/org.apache.spark_spark-sql-kafka-0-10_2.13-3.5.1.jar to /tmp/spark-f48abea7-df53-4b9a-936f-b69a887ee082/userFiles-91b46577-279f-4fba-a6be-76abb321edc4/org.apache.spark_spark-sql-kafka-0-10_2.13-3.5.1.jar
[2025-07-01T13:11:10.410+0000] {spark_submit.py:491} INFO - 25/07/01 13:11:10 INFO SparkContext: Added file file:///home/***/.ivy2/jars/org.apache.spark_spark-token-provider-kafka-0-10_2.13-3.5.1.jar at spark://7d854e3d028e:35207/files/org.apache.spark_spark-token-provider-kafka-0-10_2.13-3.5.1.jar with timestamp 1751375470148
[2025-07-01T13:11:10.410+0000] {spark_submit.py:491} INFO - 25/07/01 13:11:10 INFO Utils: Copying /home/***/.ivy2/jars/org.apache.spark_spark-token-provider-kafka-0-10_2.13-3.5.1.jar to /tmp/spark-f48abea7-df53-4b9a-936f-b69a887ee082/userFiles-91b46577-279f-4fba-a6be-76abb321edc4/org.apache.spark_spark-token-provider-kafka-0-10_2.13-3.5.1.jar
[2025-07-01T13:11:10.413+0000] {spark_submit.py:491} INFO - 25/07/01 13:11:10 INFO SparkContext: Added file file:///home/***/.ivy2/jars/org.scala-lang.modules_scala-parallel-collections_2.13-1.0.4.jar at spark://7d854e3d028e:35207/files/org.scala-lang.modules_scala-parallel-collections_2.13-1.0.4.jar with timestamp 1751375470148
[2025-07-01T13:11:10.413+0000] {spark_submit.py:491} INFO - 25/07/01 13:11:10 INFO Utils: Copying /home/***/.ivy2/jars/org.scala-lang.modules_scala-parallel-collections_2.13-1.0.4.jar to /tmp/spark-f48abea7-df53-4b9a-936f-b69a887ee082/userFiles-91b46577-279f-4fba-a6be-76abb321edc4/org.scala-lang.modules_scala-parallel-collections_2.13-1.0.4.jar
[2025-07-01T13:11:10.416+0000] {spark_submit.py:491} INFO - 25/07/01 13:11:10 INFO SparkContext: Added file file:///home/***/.ivy2/jars/org.apache.kafka_kafka-clients-3.4.1.jar at spark://7d854e3d028e:35207/files/org.apache.kafka_kafka-clients-3.4.1.jar with timestamp 1751375470148
[2025-07-01T13:11:10.416+0000] {spark_submit.py:491} INFO - 25/07/01 13:11:10 INFO Utils: Copying /home/***/.ivy2/jars/org.apache.kafka_kafka-clients-3.4.1.jar to /tmp/spark-f48abea7-df53-4b9a-936f-b69a887ee082/userFiles-91b46577-279f-4fba-a6be-76abb321edc4/org.apache.kafka_kafka-clients-3.4.1.jar
[2025-07-01T13:11:10.421+0000] {spark_submit.py:491} INFO - 25/07/01 13:11:10 INFO SparkContext: Added file file:///home/***/.ivy2/jars/com.google.code.findbugs_jsr305-3.0.0.jar at spark://7d854e3d028e:35207/files/com.google.code.findbugs_jsr305-3.0.0.jar with timestamp 1751375470148
[2025-07-01T13:11:10.421+0000] {spark_submit.py:491} INFO - 25/07/01 13:11:10 INFO Utils: Copying /home/***/.ivy2/jars/com.google.code.findbugs_jsr305-3.0.0.jar to /tmp/spark-f48abea7-df53-4b9a-936f-b69a887ee082/userFiles-91b46577-279f-4fba-a6be-76abb321edc4/com.google.code.findbugs_jsr305-3.0.0.jar
[2025-07-01T13:11:10.424+0000] {spark_submit.py:491} INFO - 25/07/01 13:11:10 INFO SparkContext: Added file file:///home/***/.ivy2/jars/org.apache.commons_commons-pool2-2.11.1.jar at spark://7d854e3d028e:35207/files/org.apache.commons_commons-pool2-2.11.1.jar with timestamp 1751375470148
[2025-07-01T13:11:10.424+0000] {spark_submit.py:491} INFO - 25/07/01 13:11:10 INFO Utils: Copying /home/***/.ivy2/jars/org.apache.commons_commons-pool2-2.11.1.jar to /tmp/spark-f48abea7-df53-4b9a-936f-b69a887ee082/userFiles-91b46577-279f-4fba-a6be-76abb321edc4/org.apache.commons_commons-pool2-2.11.1.jar
[2025-07-01T13:11:10.426+0000] {spark_submit.py:491} INFO - 25/07/01 13:11:10 INFO SparkContext: Added file file:///home/***/.ivy2/jars/org.apache.hadoop_hadoop-client-runtime-3.3.4.jar at spark://7d854e3d028e:35207/files/org.apache.hadoop_hadoop-client-runtime-3.3.4.jar with timestamp 1751375470148
[2025-07-01T13:11:10.426+0000] {spark_submit.py:491} INFO - 25/07/01 13:11:10 INFO Utils: Copying /home/***/.ivy2/jars/org.apache.hadoop_hadoop-client-runtime-3.3.4.jar to /tmp/spark-f48abea7-df53-4b9a-936f-b69a887ee082/userFiles-91b46577-279f-4fba-a6be-76abb321edc4/org.apache.hadoop_hadoop-client-runtime-3.3.4.jar
[2025-07-01T13:11:10.443+0000] {spark_submit.py:491} INFO - 25/07/01 13:11:10 INFO SparkContext: Added file file:///home/***/.ivy2/jars/org.lz4_lz4-java-1.8.0.jar at spark://7d854e3d028e:35207/files/org.lz4_lz4-java-1.8.0.jar with timestamp 1751375470148
[2025-07-01T13:11:10.443+0000] {spark_submit.py:491} INFO - 25/07/01 13:11:10 INFO Utils: Copying /home/***/.ivy2/jars/org.lz4_lz4-java-1.8.0.jar to /tmp/spark-f48abea7-df53-4b9a-936f-b69a887ee082/userFiles-91b46577-279f-4fba-a6be-76abb321edc4/org.lz4_lz4-java-1.8.0.jar
[2025-07-01T13:11:10.446+0000] {spark_submit.py:491} INFO - 25/07/01 13:11:10 INFO SparkContext: Added file file:///home/***/.ivy2/jars/org.xerial.snappy_snappy-java-1.1.10.3.jar at spark://7d854e3d028e:35207/files/org.xerial.snappy_snappy-java-1.1.10.3.jar with timestamp 1751375470148
[2025-07-01T13:11:10.446+0000] {spark_submit.py:491} INFO - 25/07/01 13:11:10 INFO Utils: Copying /home/***/.ivy2/jars/org.xerial.snappy_snappy-java-1.1.10.3.jar to /tmp/spark-f48abea7-df53-4b9a-936f-b69a887ee082/userFiles-91b46577-279f-4fba-a6be-76abb321edc4/org.xerial.snappy_snappy-java-1.1.10.3.jar
[2025-07-01T13:11:10.449+0000] {spark_submit.py:491} INFO - 25/07/01 13:11:10 INFO SparkContext: Added file file:///home/***/.ivy2/jars/org.slf4j_slf4j-api-2.0.7.jar at spark://7d854e3d028e:35207/files/org.slf4j_slf4j-api-2.0.7.jar with timestamp 1751375470148
[2025-07-01T13:11:10.449+0000] {spark_submit.py:491} INFO - 25/07/01 13:11:10 INFO Utils: Copying /home/***/.ivy2/jars/org.slf4j_slf4j-api-2.0.7.jar to /tmp/spark-f48abea7-df53-4b9a-936f-b69a887ee082/userFiles-91b46577-279f-4fba-a6be-76abb321edc4/org.slf4j_slf4j-api-2.0.7.jar
[2025-07-01T13:11:10.451+0000] {spark_submit.py:491} INFO - 25/07/01 13:11:10 INFO SparkContext: Added file file:///home/***/.ivy2/jars/org.apache.hadoop_hadoop-client-api-3.3.4.jar at spark://7d854e3d028e:35207/files/org.apache.hadoop_hadoop-client-api-3.3.4.jar with timestamp 1751375470148
[2025-07-01T13:11:10.451+0000] {spark_submit.py:491} INFO - 25/07/01 13:11:10 INFO Utils: Copying /home/***/.ivy2/jars/org.apache.hadoop_hadoop-client-api-3.3.4.jar to /tmp/spark-f48abea7-df53-4b9a-936f-b69a887ee082/userFiles-91b46577-279f-4fba-a6be-76abb321edc4/org.apache.hadoop_hadoop-client-api-3.3.4.jar
[2025-07-01T13:11:10.461+0000] {spark_submit.py:491} INFO - 25/07/01 13:11:10 INFO SparkContext: Added file file:///home/***/.ivy2/jars/commons-logging_commons-logging-1.1.3.jar at spark://7d854e3d028e:35207/files/commons-logging_commons-logging-1.1.3.jar with timestamp 1751375470148
[2025-07-01T13:11:10.461+0000] {spark_submit.py:491} INFO - 25/07/01 13:11:10 INFO Utils: Copying /home/***/.ivy2/jars/commons-logging_commons-logging-1.1.3.jar to /tmp/spark-f48abea7-df53-4b9a-936f-b69a887ee082/userFiles-91b46577-279f-4fba-a6be-76abb321edc4/commons-logging_commons-logging-1.1.3.jar
[2025-07-01T13:11:10.490+0000] {spark_submit.py:491} INFO - 25/07/01 13:11:10 INFO StandaloneAppClient$ClientEndpoint: Connecting to master spark://spark-master:7077...
[2025-07-01T13:11:10.506+0000] {spark_submit.py:491} INFO - 25/07/01 13:11:10 INFO TransportClientFactory: Successfully created connection to spark-master/172.18.0.3:7077 after 9 ms (0 ms spent in bootstraps)
[2025-07-01T13:11:10.545+0000] {spark_submit.py:491} INFO - 25/07/01 13:11:10 INFO StandaloneSchedulerBackend: Connected to Spark cluster with app ID app-20250701131110-0003
[2025-07-01T13:11:10.546+0000] {spark_submit.py:491} INFO - 25/07/01 13:11:10 INFO StandaloneAppClient$ClientEndpoint: Executor added: app-20250701131110-0003/0 on worker-20250701130757-172.18.0.7-44195 (172.18.0.7:44195) with 14 core(s)
[2025-07-01T13:11:10.547+0000] {spark_submit.py:491} INFO - 25/07/01 13:11:10 INFO StandaloneSchedulerBackend: Granted executor ID app-20250701131110-0003/0 on hostPort 172.18.0.7:44195 with 14 core(s), 1024.0 MiB RAM
[2025-07-01T13:11:10.550+0000] {spark_submit.py:491} INFO - 25/07/01 13:11:10 INFO Utils: Successfully started service 'org.apache.spark.network.netty.NettyBlockTransferService' on port 38857.
[2025-07-01T13:11:10.551+0000] {spark_submit.py:491} INFO - 25/07/01 13:11:10 INFO NettyBlockTransferService: Server created on 7d854e3d028e:38857
[2025-07-01T13:11:10.551+0000] {spark_submit.py:491} INFO - 25/07/01 13:11:10 INFO BlockManager: Using org.apache.spark.storage.RandomBlockReplicationPolicy for block replication policy
[2025-07-01T13:11:10.554+0000] {spark_submit.py:491} INFO - 25/07/01 13:11:10 INFO BlockManagerMaster: Registering BlockManager BlockManagerId(driver, 7d854e3d028e, 38857, None)
[2025-07-01T13:11:10.556+0000] {spark_submit.py:491} INFO - 25/07/01 13:11:10 INFO BlockManagerMasterEndpoint: Registering block manager 7d854e3d028e:38857 with 434.4 MiB RAM, BlockManagerId(driver, 7d854e3d028e, 38857, None)
[2025-07-01T13:11:10.558+0000] {spark_submit.py:491} INFO - 25/07/01 13:11:10 INFO BlockManagerMaster: Registered BlockManager BlockManagerId(driver, 7d854e3d028e, 38857, None)
[2025-07-01T13:11:10.558+0000] {spark_submit.py:491} INFO - 25/07/01 13:11:10 INFO BlockManager: Initialized BlockManager: BlockManagerId(driver, 7d854e3d028e, 38857, None)
[2025-07-01T13:11:10.573+0000] {spark_submit.py:491} INFO - 25/07/01 13:11:10 INFO StandaloneAppClient$ClientEndpoint: Executor updated: app-20250701131110-0003/0 is now RUNNING
[2025-07-01T13:11:10.647+0000] {spark_submit.py:491} INFO - 25/07/01 13:11:10 INFO StandaloneSchedulerBackend: SchedulerBackend is ready for scheduling beginning after reached minRegisteredResourcesRatio: 0.0
[2025-07-01T13:11:10.735+0000] {spark_submit.py:491} INFO - 25/07/01 13:11:10 INFO SharedState: Setting hive.metastore.warehouse.dir ('null') to the value of spark.sql.warehouse.dir.
[2025-07-01T13:11:10.736+0000] {spark_submit.py:491} INFO - 25/07/01 13:11:10 INFO SharedState: Warehouse path is 'file:/opt/***/spark-warehouse'.
[2025-07-01T13:11:11.039+0000] {spark_submit.py:491} INFO - Traceback (most recent call last):
[2025-07-01T13:11:11.039+0000] {spark_submit.py:491} INFO - File "/opt/***/spark_jobs/grazing_detector.py", line 127, in <module>
[2025-07-01T13:11:11.040+0000] {spark_submit.py:491} INFO - main()
[2025-07-01T13:11:11.040+0000] {spark_submit.py:491} INFO - File "/opt/***/spark_jobs/grazing_detector.py", line 72, in main
[2025-07-01T13:11:11.040+0000] {spark_submit.py:491} INFO - .load()
[2025-07-01T13:11:11.040+0000] {spark_submit.py:491} INFO - ^^^^^^
[2025-07-01T13:11:11.040+0000] {spark_submit.py:491} INFO - File "/opt/spark/python/lib/pyspark.zip/pyspark/sql/streaming/readwriter.py", line 304, in load
[2025-07-01T13:11:11.040+0000] {spark_submit.py:491} INFO - File "/opt/spark/python/lib/py4j-0.10.9.7-src.zip/py4j/java_gateway.py", line 1322, in __call__
[2025-07-01T13:11:11.041+0000] {spark_submit.py:491} INFO - File "/opt/spark/python/lib/pyspark.zip/pyspark/errors/exceptions/captured.py", line 179, in deco
[2025-07-01T13:11:11.041+0000] {spark_submit.py:491} INFO - File "/opt/spark/python/lib/py4j-0.10.9.7-src.zip/py4j/protocol.py", line 326, in get_return_value
[2025-07-01T13:11:11.044+0000] {spark_submit.py:491} INFO - py4j.protocol.Py4JJavaError: An error occurred while calling o32.load.
[2025-07-01T13:11:11.045+0000] {spark_submit.py:491} INFO - : java.lang.NoClassDefFoundError: scala/$less$colon$less
[2025-07-01T13:11:11.045+0000] {spark_submit.py:491} INFO - at org.apache.spark.sql.kafka010.KafkaSourceProvider.org$apache$spark$sql$kafka010$KafkaSourceProvider$$validateStreamOptions(KafkaSourceProvider.scala:338)
[2025-07-01T13:11:11.045+0000] {spark_submit.py:491} INFO - at org.apache.spark.sql.kafka010.KafkaSourceProvider.sourceSchema(KafkaSourceProvider.scala:71)
[2025-07-01T13:11:11.045+0000] {spark_submit.py:491} INFO - at org.apache.spark.sql.execution.datasources.DataSource.sourceSchema(DataSource.scala:233)
[2025-07-01T13:11:11.045+0000] {spark_submit.py:491} INFO - at org.apache.spark.sql.execution.datasources.DataSource.sourceInfo$lzycompute(DataSource.scala:118)
[2025-07-01T13:11:11.045+0000] {spark_submit.py:491} INFO - at org.apache.spark.sql.execution.datasources.DataSource.sourceInfo(DataSource.scala:118)
[2025-07-01T13:11:11.045+0000] {spark_submit.py:491} INFO - at org.apache.spark.sql.execution.streaming.StreamingRelation$.apply(StreamingRelation.scala:36)
[2025-07-01T13:11:11.045+0000] {spark_submit.py:491} INFO - at org.apache.spark.sql.streaming.DataStreamReader.loadInternal(DataStreamReader.scala:169)
[2025-07-01T13:11:11.045+0000] {spark_submit.py:491} INFO - at org.apache.spark.sql.streaming.DataStreamReader.load(DataStreamReader.scala:145)
[2025-07-01T13:11:11.045+0000] {spark_submit.py:491} INFO - at java.base/jdk.internal.reflect.NativeMethodAccessorImpl.invoke0(Native Method)
[2025-07-01T13:11:11.045+0000] {spark_submit.py:491} INFO - at java.base/jdk.internal.reflect.NativeMethodAccessorImpl.invoke(NativeMethodAccessorImpl.java:77)
[2025-07-01T13:11:11.049+0000] {spark_submit.py:491} INFO - at java.base/jdk.internal.reflect.DelegatingMethodAccessorImpl.invoke(DelegatingMethodAccessorImpl.java:43)
[2025-07-01T13:11:11.049+0000] {spark_submit.py:491} INFO - at java.base/java.lang.reflect.Method.invoke(Method.java:569)
[2025-07-01T13:11:11.049+0000] {spark_submit.py:491} INFO - at py4j.reflection.MethodInvoker.invoke(MethodInvoker.java:244)
[2025-07-01T13:11:11.049+0000] {spark_submit.py:491} INFO - at py4j.reflection.ReflectionEngine.invoke(ReflectionEngine.java:374)
[2025-07-01T13:11:11.049+0000] {spark_submit.py:491} INFO - at py4j.Gateway.invoke(Gateway.java:282)
[2025-07-01T13:11:11.049+0000] {spark_submit.py:491} INFO - at py4j.commands.AbstractCommand.invokeMethod(AbstractCommand.java:132)
[2025-07-01T13:11:11.049+0000] {spark_submit.py:491} INFO - at py4j.commands.CallCommand.execute(CallCommand.java:79)
[2025-07-01T13:11:11.049+0000] {spark_submit.py:491} INFO - at py4j.ClientServerConnection.waitForCommands(ClientServerConnection.java:182)
[2025-07-01T13:11:11.049+0000] {spark_submit.py:491} INFO - at py4j.ClientServerConnection.run(ClientServerConnection.java:106)
[2025-07-01T13:11:11.049+0000] {spark_submit.py:491} INFO - at java.base/java.lang.Thread.run(Thread.java:840)
[2025-07-01T13:11:11.049+0000] {spark_submit.py:491} INFO - Caused by: java.lang.ClassNotFoundException: scala.$less$colon$less
[2025-07-01T13:11:11.049+0000] {spark_submit.py:491} INFO - at java.base/java.net.URLClassLoader.findClass(URLClassLoader.java:445)
[2025-07-01T13:11:11.049+0000] {spark_submit.py:491} INFO - at java.base/java.lang.ClassLoader.loadClass(ClassLoader.java:592)
[2025-07-01T13:11:11.049+0000] {spark_submit.py:491} INFO - at java.base/java.lang.ClassLoader.loadClass(ClassLoader.java:525)
[2025-07-01T13:11:11.049+0000] {spark_submit.py:491} INFO - ... 20 more
[2025-07-01T13:11:11.050+0000] {spark_submit.py:491} INFO - 
[2025-07-01T13:11:11.070+0000] {spark_submit.py:491} INFO - 25/07/01 13:11:11 INFO SparkContext: Invoking stop() from shutdown hook
[2025-07-01T13:11:11.070+0000] {spark_submit.py:491} INFO - 25/07/01 13:11:11 INFO SparkContext: SparkContext is stopping with exitCode 0.
[2025-07-01T13:11:11.075+0000] {spark_submit.py:491} INFO - 25/07/01 13:11:11 INFO SparkUI: Stopped Spark web UI at http://7d854e3d028e:4040
[2025-07-01T13:11:11.076+0000] {spark_submit.py:491} INFO - 25/07/01 13:11:11 INFO StandaloneSchedulerBackend: Shutting down all executors
[2025-07-01T13:11:11.078+0000] {spark_submit.py:491} INFO - 25/07/01 13:11:11 INFO StandaloneSchedulerBackend$StandaloneDriverEndpoint: Asking each executor to shut down
[2025-07-01T13:11:11.083+0000] {spark_submit.py:491} INFO - 25/07/01 13:11:11 INFO MapOutputTrackerMasterEndpoint: MapOutputTrackerMasterEndpoint stopped!
[2025-07-01T13:11:11.090+0000] {spark_submit.py:491} INFO - 25/07/01 13:11:11 INFO MemoryStore: MemoryStore cleared
[2025-07-01T13:11:11.090+0000] {spark_submit.py:491} INFO - 25/07/01 13:11:11 INFO BlockManager: BlockManager stopped
[2025-07-01T13:11:11.092+0000] {spark_submit.py:491} INFO - 25/07/01 13:11:11 INFO BlockManagerMaster: BlockManagerMaster stopped
[2025-07-01T13:11:11.093+0000] {spark_submit.py:491} INFO - 25/07/01 13:11:11 INFO OutputCommitCoordinator$OutputCommitCoordinatorEndpoint: OutputCommitCoordinator stopped!
[2025-07-01T13:11:11.101+0000] {spark_submit.py:491} INFO - 25/07/01 13:11:11 INFO SparkContext: Successfully stopped SparkContext
[2025-07-01T13:11:11.104+0000] {spark_submit.py:491} INFO - 25/07/01 13:11:11 INFO ShutdownHookManager: Shutdown hook called
[2025-07-01T13:11:11.104+0000] {spark_submit.py:491} INFO - 25/07/01 13:11:11 INFO ShutdownHookManager: Deleting directory /tmp/spark-f48abea7-df53-4b9a-936f-b69a887ee082/pyspark-f3d2fa27-802a-41ed-b5ff-83c72ccc9dfc
[2025-07-01T13:11:11.105+0000] {spark_submit.py:491} INFO - 25/07/01 13:11:11 INFO ShutdownHookManager: Deleting directory /tmp/spark-5059bbea-9079-45d9-81d8-d0edfeb7f8e0
[2025-07-01T13:11:11.108+0000] {spark_submit.py:491} INFO - 25/07/01 13:11:11 INFO ShutdownHookManager: Deleting directory /tmp/spark-f48abea7-df53-4b9a-936f-b69a887ee082
[2025-07-01T13:11:11.136+0000] {taskinstance.py:441} INFO - ::group::Post task execution logs
[2025-07-01T13:11:11.143+0000] {taskinstance.py:2905} ERROR - Task failed with exception
Traceback (most recent call last):
  File "/home/airflow/.local/lib/python3.12/site-packages/airflow/models/taskinstance.py", line 465, in _execute_task
    result = _execute_callable(context=context, **execute_callable_kwargs)
             ^^^^^^^^^^^^^^^^^^^^^^^^^^^^^^^^^^^^^^^^^^^^^^^^^^^^^^^^^^^^^
  File "/home/airflow/.local/lib/python3.12/site-packages/airflow/models/taskinstance.py", line 432, in _execute_callable
    return execute_callable(context=context, **execute_callable_kwargs)
           ^^^^^^^^^^^^^^^^^^^^^^^^^^^^^^^^^^^^^^^^^^^^^^^^^^^^^^^^^^^^
  File "/home/airflow/.local/lib/python3.12/site-packages/airflow/models/baseoperator.py", line 401, in wrapper
    return func(self, *args, **kwargs)
           ^^^^^^^^^^^^^^^^^^^^^^^^^^^
  File "/home/airflow/.local/lib/python3.12/site-packages/airflow/providers/apache/spark/operators/spark_submit.py", line 156, in execute
    self._hook.submit(self._application)
  File "/home/airflow/.local/lib/python3.12/site-packages/airflow/providers/apache/spark/hooks/spark_submit.py", line 422, in submit
    raise AirflowException(
airflow.exceptions.AirflowException: Cannot execute: spark-submit --master spark://spark-master:7077 --packages org.apache.spark:spark-sql-kafka-0-10_2.13:3.5.1 --name arrow-spark /opt/***/spark_jobs/grazing_detector.py kafka:29092. Error code is: 1.
[2025-07-01T13:11:11.145+0000] {taskinstance.py:1206} INFO - Marking task as FAILED. dag_id=grazing_detection_streaming_cluster, task_id=submit_grazing_detector_job, run_id=manual__2025-07-01T13:09:46.351236+00:00, execution_date=20250701T130946, start_date=20250701T131108, end_date=20250701T131111
[2025-07-01T13:11:11.149+0000] {standard_task_runner.py:110} ERROR - Failed to execute job 6 for task submit_grazing_detector_job (Cannot execute: spark-submit --master spark://spark-master:7077 --packages org.apache.spark:spark-sql-kafka-0-10_2.13:3.5.1 --name arrow-spark /opt/***/spark_jobs/grazing_detector.py kafka:29092. Error code is: 1.; 403)
[2025-07-01T13:11:11.171+0000] {local_task_job_runner.py:240} INFO - Task exited with return code 1
[2025-07-01T13:11:11.184+0000] {taskinstance.py:3503} INFO - 0 downstream tasks scheduled from follow-on schedule check
[2025-07-01T13:11:11.185+0000] {local_task_job_runner.py:222} INFO - ::endgroup::
