[2025-07-01T13:09:46.778+0000] {local_task_job_runner.py:120} INFO - ::group::Pre task execution logs
[2025-07-01T13:09:46.795+0000] {taskinstance.py:2076} INFO - Dependencies all met for dep_context=non-requeueable deps ti=<TaskInstance: grazing_detection_streaming_cluster.submit_grazing_detector_job manual__2025-07-01T13:09:46.351236+00:00 [queued]>
[2025-07-01T13:09:46.797+0000] {taskinstance.py:2076} INFO - Dependencies all met for dep_context=requeueable deps ti=<TaskInstance: grazing_detection_streaming_cluster.submit_grazing_detector_job manual__2025-07-01T13:09:46.351236+00:00 [queued]>
[2025-07-01T13:09:46.798+0000] {taskinstance.py:2306} INFO - Starting attempt 1 of 2
[2025-07-01T13:09:46.802+0000] {taskinstance.py:2330} INFO - Executing <Task(SparkSubmitOperator): submit_grazing_detector_job> on 2025-07-01 13:09:46.351236+00:00
[2025-07-01T13:09:46.807+0000] {logging_mixin.py:188} WARNING - /home/***/.local/lib/python3.12/site-packages/***/task/task_runner/standard_task_runner.py:61 DeprecationWarning: This process (pid=189) is multi-threaded, use of fork() may lead to deadlocks in the child.
[2025-07-01T13:09:46.806+0000] {standard_task_runner.py:90} INFO - Running: ['***', 'tasks', 'run', 'grazing_detection_streaming_cluster', 'submit_grazing_detector_job', 'manual__2025-07-01T13:09:46.351236+00:00', '--job-id', '5', '--raw', '--subdir', 'DAGS_FOLDER/grazing_dag.py', '--cfg-path', '/tmp/tmpxnz49nlo']
[2025-07-01T13:09:46.807+0000] {standard_task_runner.py:63} INFO - Started process 190 to run task
[2025-07-01T13:09:46.808+0000] {standard_task_runner.py:91} INFO - Job 5: Subtask submit_grazing_detector_job
[2025-07-01T13:09:46.847+0000] {task_command.py:426} INFO - Running <TaskInstance: grazing_detection_streaming_cluster.submit_grazing_detector_job manual__2025-07-01T13:09:46.351236+00:00 [running]> on host 7d854e3d028e
[2025-07-01T13:09:46.884+0000] {taskinstance.py:2648} INFO - Exporting env vars: AIRFLOW_CTX_DAG_OWNER='***' AIRFLOW_CTX_DAG_ID='grazing_detection_streaming_cluster' AIRFLOW_CTX_TASK_ID='submit_grazing_detector_job' AIRFLOW_CTX_EXECUTION_DATE='2025-07-01T13:09:46.351236+00:00' AIRFLOW_CTX_TRY_NUMBER='1' AIRFLOW_CTX_DAG_RUN_ID='manual__2025-07-01T13:09:46.351236+00:00'
[2025-07-01T13:09:46.885+0000] {taskinstance.py:430} INFO - ::endgroup::
[2025-07-01T13:09:46.907+0000] {base.py:84} INFO - Using connection ID 'spark_default' for task execution.
[2025-07-01T13:09:46.908+0000] {spark_submit.py:340} INFO - Spark-Submit cmd: spark-submit --master spark://spark-master:7077 --packages org.apache.spark:spark-sql-kafka-0-10_2.13:3.5.1 --name arrow-spark /opt/***/spark_jobs/grazing_detector.py kafka:29092
[2025-07-01T13:09:47.588+0000] {spark_submit.py:491} INFO - :: loading settings :: url = jar:file:/opt/spark-3.5.1-bin-hadoop3/jars/ivy-2.5.1.jar!/org/apache/ivy/core/settings/ivysettings.xml
[2025-07-01T13:09:47.625+0000] {spark_submit.py:491} INFO - Ivy Default Cache set to: /home/***/.ivy2/cache
[2025-07-01T13:09:47.625+0000] {spark_submit.py:491} INFO - The jars for the packages stored in: /home/***/.ivy2/jars
[2025-07-01T13:09:47.627+0000] {spark_submit.py:491} INFO - org.apache.spark#spark-sql-kafka-0-10_2.13 added as a dependency
[2025-07-01T13:09:47.627+0000] {spark_submit.py:491} INFO - :: resolving dependencies :: org.apache.spark#spark-submit-parent-914f36cb-3864-40c0-9914-323f2ed405c1;1.0
[2025-07-01T13:09:47.627+0000] {spark_submit.py:491} INFO - confs: [default]
[2025-07-01T13:09:50.856+0000] {spark_submit.py:491} INFO - found org.apache.spark#spark-sql-kafka-0-10_2.13;3.5.1 in central
[2025-07-01T13:09:51.266+0000] {spark_submit.py:491} INFO - found org.apache.spark#spark-token-provider-kafka-0-10_2.13;3.5.1 in central
[2025-07-01T13:09:51.563+0000] {spark_submit.py:491} INFO - found org.apache.kafka#kafka-clients;3.4.1 in central
[2025-07-01T13:09:51.853+0000] {spark_submit.py:491} INFO - found org.lz4#lz4-java;1.8.0 in central
[2025-07-01T13:09:52.156+0000] {spark_submit.py:491} INFO - found org.xerial.snappy#snappy-java;1.1.10.3 in central
[2025-07-01T13:09:53.354+0000] {spark_submit.py:491} INFO - found org.slf4j#slf4j-api;2.0.7 in central
[2025-07-01T13:09:55.396+0000] {spark_submit.py:491} INFO - found org.apache.hadoop#hadoop-client-runtime;3.3.4 in central
[2025-07-01T13:09:55.707+0000] {spark_submit.py:491} INFO - found org.apache.hadoop#hadoop-client-api;3.3.4 in central
[2025-07-01T13:09:57.806+0000] {spark_submit.py:491} INFO - found commons-logging#commons-logging;1.1.3 in central
[2025-07-01T13:09:58.097+0000] {spark_submit.py:491} INFO - found com.google.code.findbugs#jsr305;3.0.0 in central
[2025-07-01T13:09:58.382+0000] {spark_submit.py:491} INFO - found org.scala-lang.modules#scala-parallel-collections_2.13;1.0.4 in central
[2025-07-01T13:10:00.475+0000] {spark_submit.py:491} INFO - found org.apache.commons#commons-pool2;2.11.1 in central
[2025-07-01T13:10:00.620+0000] {spark_submit.py:491} INFO - downloading https://repo1.maven.org/maven2/org/apache/spark/spark-sql-kafka-0-10_2.13/3.5.1/spark-sql-kafka-0-10_2.13-3.5.1.jar ...
[2025-07-01T13:10:00.986+0000] {spark_submit.py:491} INFO - [SUCCESSFUL ] org.apache.spark#spark-sql-kafka-0-10_2.13;3.5.1!spark-sql-kafka-0-10_2.13.jar (502ms)
[2025-07-01T13:10:01.130+0000] {spark_submit.py:491} INFO - downloading https://repo1.maven.org/maven2/org/apache/spark/spark-token-provider-kafka-0-10_2.13/3.5.1/spark-token-provider-kafka-0-10_2.13-3.5.1.jar ...
[2025-07-01T13:10:01.279+0000] {spark_submit.py:491} INFO - [SUCCESSFUL ] org.apache.spark#spark-token-provider-kafka-0-10_2.13;3.5.1!spark-token-provider-kafka-0-10_2.13.jar (290ms)
[2025-07-01T13:10:01.417+0000] {spark_submit.py:491} INFO - downloading https://repo1.maven.org/maven2/org/scala-lang/modules/scala-parallel-collections_2.13/1.0.4/scala-parallel-collections_2.13-1.0.4.jar ...
[2025-07-01T13:10:01.741+0000] {spark_submit.py:491} INFO - [SUCCESSFUL ] org.scala-lang.modules#scala-parallel-collections_2.13;1.0.4!scala-parallel-collections_2.13.jar (460ms)
[2025-07-01T13:10:01.877+0000] {spark_submit.py:491} INFO - downloading https://repo1.maven.org/maven2/org/apache/kafka/kafka-clients/3.4.1/kafka-clients-3.4.1.jar ...
[2025-07-01T13:10:02.303+0000] {spark_submit.py:491} INFO - [SUCCESSFUL ] org.apache.kafka#kafka-clients;3.4.1!kafka-clients.jar (561ms)
[2025-07-01T13:10:02.439+0000] {spark_submit.py:491} INFO - downloading https://repo1.maven.org/maven2/com/google/code/findbugs/jsr305/3.0.0/jsr305-3.0.0.jar ...
[2025-07-01T13:10:02.585+0000] {spark_submit.py:491} INFO - [SUCCESSFUL ] com.google.code.findbugs#jsr305;3.0.0!jsr305.jar (281ms)
[2025-07-01T13:10:02.722+0000] {spark_submit.py:491} INFO - downloading https://repo1.maven.org/maven2/org/apache/commons/commons-pool2/2.11.1/commons-pool2-2.11.1.jar ...
[2025-07-01T13:10:02.864+0000] {spark_submit.py:491} INFO - [SUCCESSFUL ] org.apache.commons#commons-pool2;2.11.1!commons-pool2.jar (278ms)
[2025-07-01T13:10:03.002+0000] {spark_submit.py:491} INFO - downloading https://repo1.maven.org/maven2/org/apache/hadoop/hadoop-client-runtime/3.3.4/hadoop-client-runtime-3.3.4.jar ...
[2025-07-01T13:10:04.196+0000] {spark_submit.py:491} INFO - [SUCCESSFUL ] org.apache.hadoop#hadoop-client-runtime;3.3.4!hadoop-client-runtime.jar (1331ms)
[2025-07-01T13:10:04.334+0000] {spark_submit.py:491} INFO - downloading https://repo1.maven.org/maven2/org/lz4/lz4-java/1.8.0/lz4-java-1.8.0.jar ...
[2025-07-01T13:10:04.485+0000] {spark_submit.py:491} INFO - [SUCCESSFUL ] org.lz4#lz4-java;1.8.0!lz4-java.jar (289ms)
[2025-07-01T13:10:04.620+0000] {spark_submit.py:491} INFO - downloading https://repo1.maven.org/maven2/org/xerial/snappy/snappy-java/1.1.10.3/snappy-java-1.1.10.3.jar ...
[2025-07-01T13:10:04.828+0000] {spark_submit.py:491} INFO - [SUCCESSFUL ] org.xerial.snappy#snappy-java;1.1.10.3!snappy-java.jar(bundle) (342ms)
[2025-07-01T13:10:04.963+0000] {spark_submit.py:491} INFO - downloading https://repo1.maven.org/maven2/org/slf4j/slf4j-api/2.0.7/slf4j-api-2.0.7.jar ...
[2025-07-01T13:10:05.104+0000] {spark_submit.py:491} INFO - [SUCCESSFUL ] org.slf4j#slf4j-api;2.0.7!slf4j-api.jar (276ms)
[2025-07-01T13:10:05.242+0000] {spark_submit.py:491} INFO - downloading https://repo1.maven.org/maven2/org/apache/hadoop/hadoop-client-api/3.3.4/hadoop-client-api-3.3.4.jar ...
[2025-07-01T13:10:05.982+0000] {spark_submit.py:491} INFO - [SUCCESSFUL ] org.apache.hadoop#hadoop-client-api;3.3.4!hadoop-client-api.jar (877ms)
[2025-07-01T13:10:06.117+0000] {spark_submit.py:491} INFO - downloading https://repo1.maven.org/maven2/commons-logging/commons-logging/1.1.3/commons-logging-1.1.3.jar ...
[2025-07-01T13:10:06.255+0000] {spark_submit.py:491} INFO - [SUCCESSFUL ] commons-logging#commons-logging;1.1.3!commons-logging.jar (273ms)
[2025-07-01T13:10:06.256+0000] {spark_submit.py:491} INFO - :: resolution report :: resolve 12854ms :: artifacts dl 5775ms
[2025-07-01T13:10:06.256+0000] {spark_submit.py:491} INFO - :: modules in use:
[2025-07-01T13:10:06.258+0000] {spark_submit.py:491} INFO - com.google.code.findbugs#jsr305;3.0.0 from central in [default]
[2025-07-01T13:10:06.260+0000] {spark_submit.py:491} INFO - commons-logging#commons-logging;1.1.3 from central in [default]
[2025-07-01T13:10:06.260+0000] {spark_submit.py:491} INFO - org.apache.commons#commons-pool2;2.11.1 from central in [default]
[2025-07-01T13:10:06.261+0000] {spark_submit.py:491} INFO - org.apache.hadoop#hadoop-client-api;3.3.4 from central in [default]
[2025-07-01T13:10:06.261+0000] {spark_submit.py:491} INFO - org.apache.hadoop#hadoop-client-runtime;3.3.4 from central in [default]
[2025-07-01T13:10:06.261+0000] {spark_submit.py:491} INFO - org.apache.kafka#kafka-clients;3.4.1 from central in [default]
[2025-07-01T13:10:06.261+0000] {spark_submit.py:491} INFO - org.apache.spark#spark-sql-kafka-0-10_2.13;3.5.1 from central in [default]
[2025-07-01T13:10:06.262+0000] {spark_submit.py:491} INFO - org.apache.spark#spark-token-provider-kafka-0-10_2.13;3.5.1 from central in [default]
[2025-07-01T13:10:06.262+0000] {spark_submit.py:491} INFO - org.lz4#lz4-java;1.8.0 from central in [default]
[2025-07-01T13:10:06.262+0000] {spark_submit.py:491} INFO - org.scala-lang.modules#scala-parallel-collections_2.13;1.0.4 from central in [default]
[2025-07-01T13:10:06.263+0000] {spark_submit.py:491} INFO - org.slf4j#slf4j-api;2.0.7 from central in [default]
[2025-07-01T13:10:06.263+0000] {spark_submit.py:491} INFO - org.xerial.snappy#snappy-java;1.1.10.3 from central in [default]
[2025-07-01T13:10:06.263+0000] {spark_submit.py:491} INFO - ---------------------------------------------------------------------
[2025-07-01T13:10:06.263+0000] {spark_submit.py:491} INFO - |                  |            modules            ||   artifacts   |
[2025-07-01T13:10:06.263+0000] {spark_submit.py:491} INFO - |       conf       | number| search|dwnlded|evicted|| number|dwnlded|
[2025-07-01T13:10:06.264+0000] {spark_submit.py:491} INFO - ---------------------------------------------------------------------
[2025-07-01T13:10:06.264+0000] {spark_submit.py:491} INFO - |      default     |   12  |   12  |   12  |   0   ||   12  |   12  |
[2025-07-01T13:10:06.264+0000] {spark_submit.py:491} INFO - ---------------------------------------------------------------------
[2025-07-01T13:10:06.264+0000] {spark_submit.py:491} INFO - :: retrieving :: org.apache.spark#spark-submit-parent-914f36cb-3864-40c0-9914-323f2ed405c1
[2025-07-01T13:10:06.265+0000] {spark_submit.py:491} INFO - confs: [default]
[2025-07-01T13:10:06.313+0000] {spark_submit.py:491} INFO - 12 artifacts copied, 0 already retrieved (57876kB/49ms)
[2025-07-01T13:10:06.391+0000] {spark_submit.py:491} INFO - 25/07/01 13:10:06 WARN NativeCodeLoader: Unable to load native-hadoop library for your platform... using builtin-java classes where applicable
[2025-07-01T13:10:07.014+0000] {spark_submit.py:491} INFO - 25/07/01 13:10:07 INFO SparkContext: Running Spark version 3.5.1
[2025-07-01T13:10:07.014+0000] {spark_submit.py:491} INFO - 25/07/01 13:10:07 INFO SparkContext: OS info Linux, 6.10.14-linuxkit, aarch64
[2025-07-01T13:10:07.015+0000] {spark_submit.py:491} INFO - 25/07/01 13:10:07 INFO SparkContext: Java version 17.0.15
[2025-07-01T13:10:07.022+0000] {spark_submit.py:491} INFO - 25/07/01 13:10:07 INFO ResourceUtils: ==============================================================
[2025-07-01T13:10:07.022+0000] {spark_submit.py:491} INFO - 25/07/01 13:10:07 INFO ResourceUtils: No custom resources configured for spark.driver.
[2025-07-01T13:10:07.022+0000] {spark_submit.py:491} INFO - 25/07/01 13:10:07 INFO ResourceUtils: ==============================================================
[2025-07-01T13:10:07.022+0000] {spark_submit.py:491} INFO - 25/07/01 13:10:07 INFO SparkContext: Submitted application: GrazingDetectorPy
[2025-07-01T13:10:07.028+0000] {spark_submit.py:491} INFO - 25/07/01 13:10:07 INFO ResourceProfile: Default ResourceProfile created, executor resources: Map(memory -> name: memory, amount: 1024, script: , vendor: , offHeap -> name: offHeap, amount: 0, script: , vendor: ), task resources: Map(cpus -> name: cpus, amount: 1.0)
[2025-07-01T13:10:07.031+0000] {spark_submit.py:491} INFO - 25/07/01 13:10:07 INFO ResourceProfile: Limiting resource is cpu
[2025-07-01T13:10:07.031+0000] {spark_submit.py:491} INFO - 25/07/01 13:10:07 INFO ResourceProfileManager: Added ResourceProfile id: 0
[2025-07-01T13:10:07.050+0000] {spark_submit.py:491} INFO - 25/07/01 13:10:07 INFO SecurityManager: Changing view acls to: ***
[2025-07-01T13:10:07.050+0000] {spark_submit.py:491} INFO - 25/07/01 13:10:07 INFO SecurityManager: Changing modify acls to: ***
[2025-07-01T13:10:07.051+0000] {spark_submit.py:491} INFO - 25/07/01 13:10:07 INFO SecurityManager: Changing view acls groups to:
[2025-07-01T13:10:07.051+0000] {spark_submit.py:491} INFO - 25/07/01 13:10:07 INFO SecurityManager: Changing modify acls groups to:
[2025-07-01T13:10:07.051+0000] {spark_submit.py:491} INFO - 25/07/01 13:10:07 INFO SecurityManager: SecurityManager: authentication disabled; ui acls disabled; users with view permissions: ***; groups with view permissions: EMPTY; users with modify permissions: ***; groups with modify permissions: EMPTY
[2025-07-01T13:10:07.130+0000] {spark_submit.py:491} INFO - 25/07/01 13:10:07 INFO Utils: Successfully started service 'sparkDriver' on port 36505.
[2025-07-01T13:10:07.141+0000] {spark_submit.py:491} INFO - 25/07/01 13:10:07 INFO SparkEnv: Registering MapOutputTracker
[2025-07-01T13:10:07.153+0000] {spark_submit.py:491} INFO - 25/07/01 13:10:07 INFO SparkEnv: Registering BlockManagerMaster
[2025-07-01T13:10:07.164+0000] {spark_submit.py:491} INFO - 25/07/01 13:10:07 INFO BlockManagerMasterEndpoint: Using org.apache.spark.storage.DefaultTopologyMapper for getting topology information
[2025-07-01T13:10:07.164+0000] {spark_submit.py:491} INFO - 25/07/01 13:10:07 INFO BlockManagerMasterEndpoint: BlockManagerMasterEndpoint up
[2025-07-01T13:10:07.166+0000] {spark_submit.py:491} INFO - 25/07/01 13:10:07 INFO SparkEnv: Registering BlockManagerMasterHeartbeat
[2025-07-01T13:10:07.174+0000] {spark_submit.py:491} INFO - 25/07/01 13:10:07 INFO DiskBlockManager: Created local directory at /tmp/blockmgr-a8295409-64d6-4564-a5db-575448ad69e4
[2025-07-01T13:10:07.180+0000] {spark_submit.py:491} INFO - 25/07/01 13:10:07 INFO MemoryStore: MemoryStore started with capacity 434.4 MiB
[2025-07-01T13:10:07.186+0000] {spark_submit.py:491} INFO - 25/07/01 13:10:07 INFO SparkEnv: Registering OutputCommitCoordinator
[2025-07-01T13:10:07.229+0000] {spark_submit.py:491} INFO - 25/07/01 13:10:07 INFO JettyUtils: Start Jetty 0.0.0.0:4040 for SparkUI
[2025-07-01T13:10:07.252+0000] {spark_submit.py:491} INFO - 25/07/01 13:10:07 INFO Utils: Successfully started service 'SparkUI' on port 4040.
[2025-07-01T13:10:07.266+0000] {spark_submit.py:491} INFO - 25/07/01 13:10:07 INFO SparkContext: Added JAR file:///home/***/.ivy2/jars/org.apache.spark_spark-sql-kafka-0-10_2.13-3.5.1.jar at spark://7d854e3d028e:36505/jars/org.apache.spark_spark-sql-kafka-0-10_2.13-3.5.1.jar with timestamp 1751375407011
[2025-07-01T13:10:07.266+0000] {spark_submit.py:491} INFO - 25/07/01 13:10:07 INFO SparkContext: Added JAR file:///home/***/.ivy2/jars/org.apache.spark_spark-token-provider-kafka-0-10_2.13-3.5.1.jar at spark://7d854e3d028e:36505/jars/org.apache.spark_spark-token-provider-kafka-0-10_2.13-3.5.1.jar with timestamp 1751375407011
[2025-07-01T13:10:07.267+0000] {spark_submit.py:491} INFO - 25/07/01 13:10:07 INFO SparkContext: Added JAR file:///home/***/.ivy2/jars/org.scala-lang.modules_scala-parallel-collections_2.13-1.0.4.jar at spark://7d854e3d028e:36505/jars/org.scala-lang.modules_scala-parallel-collections_2.13-1.0.4.jar with timestamp 1751375407011
[2025-07-01T13:10:07.267+0000] {spark_submit.py:491} INFO - 25/07/01 13:10:07 INFO SparkContext: Added JAR file:///home/***/.ivy2/jars/org.apache.kafka_kafka-clients-3.4.1.jar at spark://7d854e3d028e:36505/jars/org.apache.kafka_kafka-clients-3.4.1.jar with timestamp 1751375407011
[2025-07-01T13:10:07.267+0000] {spark_submit.py:491} INFO - 25/07/01 13:10:07 INFO SparkContext: Added JAR file:///home/***/.ivy2/jars/com.google.code.findbugs_jsr305-3.0.0.jar at spark://7d854e3d028e:36505/jars/com.google.code.findbugs_jsr305-3.0.0.jar with timestamp 1751375407011
[2025-07-01T13:10:07.267+0000] {spark_submit.py:491} INFO - 25/07/01 13:10:07 INFO SparkContext: Added JAR file:///home/***/.ivy2/jars/org.apache.commons_commons-pool2-2.11.1.jar at spark://7d854e3d028e:36505/jars/org.apache.commons_commons-pool2-2.11.1.jar with timestamp 1751375407011
[2025-07-01T13:10:07.267+0000] {spark_submit.py:491} INFO - 25/07/01 13:10:07 INFO SparkContext: Added JAR file:///home/***/.ivy2/jars/org.apache.hadoop_hadoop-client-runtime-3.3.4.jar at spark://7d854e3d028e:36505/jars/org.apache.hadoop_hadoop-client-runtime-3.3.4.jar with timestamp 1751375407011
[2025-07-01T13:10:07.267+0000] {spark_submit.py:491} INFO - 25/07/01 13:10:07 INFO SparkContext: Added JAR file:///home/***/.ivy2/jars/org.lz4_lz4-java-1.8.0.jar at spark://7d854e3d028e:36505/jars/org.lz4_lz4-java-1.8.0.jar with timestamp 1751375407011
[2025-07-01T13:10:07.267+0000] {spark_submit.py:491} INFO - 25/07/01 13:10:07 INFO SparkContext: Added JAR file:///home/***/.ivy2/jars/org.xerial.snappy_snappy-java-1.1.10.3.jar at spark://7d854e3d028e:36505/jars/org.xerial.snappy_snappy-java-1.1.10.3.jar with timestamp 1751375407011
[2025-07-01T13:10:07.267+0000] {spark_submit.py:491} INFO - 25/07/01 13:10:07 INFO SparkContext: Added JAR file:///home/***/.ivy2/jars/org.slf4j_slf4j-api-2.0.7.jar at spark://7d854e3d028e:36505/jars/org.slf4j_slf4j-api-2.0.7.jar with timestamp 1751375407011
[2025-07-01T13:10:07.267+0000] {spark_submit.py:491} INFO - 25/07/01 13:10:07 INFO SparkContext: Added JAR file:///home/***/.ivy2/jars/org.apache.hadoop_hadoop-client-api-3.3.4.jar at spark://7d854e3d028e:36505/jars/org.apache.hadoop_hadoop-client-api-3.3.4.jar with timestamp 1751375407011
[2025-07-01T13:10:07.267+0000] {spark_submit.py:491} INFO - 25/07/01 13:10:07 INFO SparkContext: Added JAR file:///home/***/.ivy2/jars/commons-logging_commons-logging-1.1.3.jar at spark://7d854e3d028e:36505/jars/commons-logging_commons-logging-1.1.3.jar with timestamp 1751375407011
[2025-07-01T13:10:07.268+0000] {spark_submit.py:491} INFO - 25/07/01 13:10:07 INFO SparkContext: Added file file:///home/***/.ivy2/jars/org.apache.spark_spark-sql-kafka-0-10_2.13-3.5.1.jar at spark://7d854e3d028e:36505/files/org.apache.spark_spark-sql-kafka-0-10_2.13-3.5.1.jar with timestamp 1751375407011
[2025-07-01T13:10:07.269+0000] {spark_submit.py:491} INFO - 25/07/01 13:10:07 INFO Utils: Copying /home/***/.ivy2/jars/org.apache.spark_spark-sql-kafka-0-10_2.13-3.5.1.jar to /tmp/spark-7f2966d8-7979-4c37-abc7-011b8bf65fe3/userFiles-00f31d9b-f108-44e5-beb8-b5a8ab77f8ab/org.apache.spark_spark-sql-kafka-0-10_2.13-3.5.1.jar
[2025-07-01T13:10:07.275+0000] {spark_submit.py:491} INFO - 25/07/01 13:10:07 INFO SparkContext: Added file file:///home/***/.ivy2/jars/org.apache.spark_spark-token-provider-kafka-0-10_2.13-3.5.1.jar at spark://7d854e3d028e:36505/files/org.apache.spark_spark-token-provider-kafka-0-10_2.13-3.5.1.jar with timestamp 1751375407011
[2025-07-01T13:10:07.275+0000] {spark_submit.py:491} INFO - 25/07/01 13:10:07 INFO Utils: Copying /home/***/.ivy2/jars/org.apache.spark_spark-token-provider-kafka-0-10_2.13-3.5.1.jar to /tmp/spark-7f2966d8-7979-4c37-abc7-011b8bf65fe3/userFiles-00f31d9b-f108-44e5-beb8-b5a8ab77f8ab/org.apache.spark_spark-token-provider-kafka-0-10_2.13-3.5.1.jar
[2025-07-01T13:10:07.277+0000] {spark_submit.py:491} INFO - 25/07/01 13:10:07 INFO SparkContext: Added file file:///home/***/.ivy2/jars/org.scala-lang.modules_scala-parallel-collections_2.13-1.0.4.jar at spark://7d854e3d028e:36505/files/org.scala-lang.modules_scala-parallel-collections_2.13-1.0.4.jar with timestamp 1751375407011
[2025-07-01T13:10:07.278+0000] {spark_submit.py:491} INFO - 25/07/01 13:10:07 INFO Utils: Copying /home/***/.ivy2/jars/org.scala-lang.modules_scala-parallel-collections_2.13-1.0.4.jar to /tmp/spark-7f2966d8-7979-4c37-abc7-011b8bf65fe3/userFiles-00f31d9b-f108-44e5-beb8-b5a8ab77f8ab/org.scala-lang.modules_scala-parallel-collections_2.13-1.0.4.jar
[2025-07-01T13:10:07.280+0000] {spark_submit.py:491} INFO - 25/07/01 13:10:07 INFO SparkContext: Added file file:///home/***/.ivy2/jars/org.apache.kafka_kafka-clients-3.4.1.jar at spark://7d854e3d028e:36505/files/org.apache.kafka_kafka-clients-3.4.1.jar with timestamp 1751375407011
[2025-07-01T13:10:07.280+0000] {spark_submit.py:491} INFO - 25/07/01 13:10:07 INFO Utils: Copying /home/***/.ivy2/jars/org.apache.kafka_kafka-clients-3.4.1.jar to /tmp/spark-7f2966d8-7979-4c37-abc7-011b8bf65fe3/userFiles-00f31d9b-f108-44e5-beb8-b5a8ab77f8ab/org.apache.kafka_kafka-clients-3.4.1.jar
[2025-07-01T13:10:07.285+0000] {spark_submit.py:491} INFO - 25/07/01 13:10:07 INFO SparkContext: Added file file:///home/***/.ivy2/jars/com.google.code.findbugs_jsr305-3.0.0.jar at spark://7d854e3d028e:36505/files/com.google.code.findbugs_jsr305-3.0.0.jar with timestamp 1751375407011
[2025-07-01T13:10:07.286+0000] {spark_submit.py:491} INFO - 25/07/01 13:10:07 INFO Utils: Copying /home/***/.ivy2/jars/com.google.code.findbugs_jsr305-3.0.0.jar to /tmp/spark-7f2966d8-7979-4c37-abc7-011b8bf65fe3/userFiles-00f31d9b-f108-44e5-beb8-b5a8ab77f8ab/com.google.code.findbugs_jsr305-3.0.0.jar
[2025-07-01T13:10:07.288+0000] {spark_submit.py:491} INFO - 25/07/01 13:10:07 INFO SparkContext: Added file file:///home/***/.ivy2/jars/org.apache.commons_commons-pool2-2.11.1.jar at spark://7d854e3d028e:36505/files/org.apache.commons_commons-pool2-2.11.1.jar with timestamp 1751375407011
[2025-07-01T13:10:07.288+0000] {spark_submit.py:491} INFO - 25/07/01 13:10:07 INFO Utils: Copying /home/***/.ivy2/jars/org.apache.commons_commons-pool2-2.11.1.jar to /tmp/spark-7f2966d8-7979-4c37-abc7-011b8bf65fe3/userFiles-00f31d9b-f108-44e5-beb8-b5a8ab77f8ab/org.apache.commons_commons-pool2-2.11.1.jar
[2025-07-01T13:10:07.291+0000] {spark_submit.py:491} INFO - 25/07/01 13:10:07 INFO SparkContext: Added file file:///home/***/.ivy2/jars/org.apache.hadoop_hadoop-client-runtime-3.3.4.jar at spark://7d854e3d028e:36505/files/org.apache.hadoop_hadoop-client-runtime-3.3.4.jar with timestamp 1751375407011
[2025-07-01T13:10:07.291+0000] {spark_submit.py:491} INFO - 25/07/01 13:10:07 INFO Utils: Copying /home/***/.ivy2/jars/org.apache.hadoop_hadoop-client-runtime-3.3.4.jar to /tmp/spark-7f2966d8-7979-4c37-abc7-011b8bf65fe3/userFiles-00f31d9b-f108-44e5-beb8-b5a8ab77f8ab/org.apache.hadoop_hadoop-client-runtime-3.3.4.jar
[2025-07-01T13:10:07.307+0000] {spark_submit.py:491} INFO - 25/07/01 13:10:07 INFO SparkContext: Added file file:///home/***/.ivy2/jars/org.lz4_lz4-java-1.8.0.jar at spark://7d854e3d028e:36505/files/org.lz4_lz4-java-1.8.0.jar with timestamp 1751375407011
[2025-07-01T13:10:07.307+0000] {spark_submit.py:491} INFO - 25/07/01 13:10:07 INFO Utils: Copying /home/***/.ivy2/jars/org.lz4_lz4-java-1.8.0.jar to /tmp/spark-7f2966d8-7979-4c37-abc7-011b8bf65fe3/userFiles-00f31d9b-f108-44e5-beb8-b5a8ab77f8ab/org.lz4_lz4-java-1.8.0.jar
[2025-07-01T13:10:07.309+0000] {spark_submit.py:491} INFO - 25/07/01 13:10:07 INFO SparkContext: Added file file:///home/***/.ivy2/jars/org.xerial.snappy_snappy-java-1.1.10.3.jar at spark://7d854e3d028e:36505/files/org.xerial.snappy_snappy-java-1.1.10.3.jar with timestamp 1751375407011
[2025-07-01T13:10:07.309+0000] {spark_submit.py:491} INFO - 25/07/01 13:10:07 INFO Utils: Copying /home/***/.ivy2/jars/org.xerial.snappy_snappy-java-1.1.10.3.jar to /tmp/spark-7f2966d8-7979-4c37-abc7-011b8bf65fe3/userFiles-00f31d9b-f108-44e5-beb8-b5a8ab77f8ab/org.xerial.snappy_snappy-java-1.1.10.3.jar
[2025-07-01T13:10:07.312+0000] {spark_submit.py:491} INFO - 25/07/01 13:10:07 INFO SparkContext: Added file file:///home/***/.ivy2/jars/org.slf4j_slf4j-api-2.0.7.jar at spark://7d854e3d028e:36505/files/org.slf4j_slf4j-api-2.0.7.jar with timestamp 1751375407011
[2025-07-01T13:10:07.312+0000] {spark_submit.py:491} INFO - 25/07/01 13:10:07 INFO Utils: Copying /home/***/.ivy2/jars/org.slf4j_slf4j-api-2.0.7.jar to /tmp/spark-7f2966d8-7979-4c37-abc7-011b8bf65fe3/userFiles-00f31d9b-f108-44e5-beb8-b5a8ab77f8ab/org.slf4j_slf4j-api-2.0.7.jar
[2025-07-01T13:10:07.314+0000] {spark_submit.py:491} INFO - 25/07/01 13:10:07 INFO SparkContext: Added file file:///home/***/.ivy2/jars/org.apache.hadoop_hadoop-client-api-3.3.4.jar at spark://7d854e3d028e:36505/files/org.apache.hadoop_hadoop-client-api-3.3.4.jar with timestamp 1751375407011
[2025-07-01T13:10:07.314+0000] {spark_submit.py:491} INFO - 25/07/01 13:10:07 INFO Utils: Copying /home/***/.ivy2/jars/org.apache.hadoop_hadoop-client-api-3.3.4.jar to /tmp/spark-7f2966d8-7979-4c37-abc7-011b8bf65fe3/userFiles-00f31d9b-f108-44e5-beb8-b5a8ab77f8ab/org.apache.hadoop_hadoop-client-api-3.3.4.jar
[2025-07-01T13:10:07.323+0000] {spark_submit.py:491} INFO - 25/07/01 13:10:07 INFO SparkContext: Added file file:///home/***/.ivy2/jars/commons-logging_commons-logging-1.1.3.jar at spark://7d854e3d028e:36505/files/commons-logging_commons-logging-1.1.3.jar with timestamp 1751375407011
[2025-07-01T13:10:07.323+0000] {spark_submit.py:491} INFO - 25/07/01 13:10:07 INFO Utils: Copying /home/***/.ivy2/jars/commons-logging_commons-logging-1.1.3.jar to /tmp/spark-7f2966d8-7979-4c37-abc7-011b8bf65fe3/userFiles-00f31d9b-f108-44e5-beb8-b5a8ab77f8ab/commons-logging_commons-logging-1.1.3.jar
[2025-07-01T13:10:07.353+0000] {spark_submit.py:491} INFO - 25/07/01 13:10:07 INFO StandaloneAppClient$ClientEndpoint: Connecting to master spark://spark-master:7077...
[2025-07-01T13:10:07.371+0000] {spark_submit.py:491} INFO - 25/07/01 13:10:07 INFO TransportClientFactory: Successfully created connection to spark-master/172.18.0.3:7077 after 9 ms (0 ms spent in bootstraps)
[2025-07-01T13:10:07.415+0000] {spark_submit.py:491} INFO - 25/07/01 13:10:07 INFO StandaloneSchedulerBackend: Connected to Spark cluster with app ID app-20250701131007-0002
[2025-07-01T13:10:07.415+0000] {spark_submit.py:491} INFO - 25/07/01 13:10:07 INFO StandaloneAppClient$ClientEndpoint: Executor added: app-20250701131007-0002/0 on worker-20250701130757-172.18.0.7-44195 (172.18.0.7:44195) with 14 core(s)
[2025-07-01T13:10:07.416+0000] {spark_submit.py:491} INFO - 25/07/01 13:10:07 INFO StandaloneSchedulerBackend: Granted executor ID app-20250701131007-0002/0 on hostPort 172.18.0.7:44195 with 14 core(s), 1024.0 MiB RAM
[2025-07-01T13:10:07.419+0000] {spark_submit.py:491} INFO - 25/07/01 13:10:07 INFO Utils: Successfully started service 'org.apache.spark.network.netty.NettyBlockTransferService' on port 43741.
[2025-07-01T13:10:07.419+0000] {spark_submit.py:491} INFO - 25/07/01 13:10:07 INFO NettyBlockTransferService: Server created on 7d854e3d028e:43741
[2025-07-01T13:10:07.420+0000] {spark_submit.py:491} INFO - 25/07/01 13:10:07 INFO BlockManager: Using org.apache.spark.storage.RandomBlockReplicationPolicy for block replication policy
[2025-07-01T13:10:07.423+0000] {spark_submit.py:491} INFO - 25/07/01 13:10:07 INFO BlockManagerMaster: Registering BlockManager BlockManagerId(driver, 7d854e3d028e, 43741, None)
[2025-07-01T13:10:07.425+0000] {spark_submit.py:491} INFO - 25/07/01 13:10:07 INFO BlockManagerMasterEndpoint: Registering block manager 7d854e3d028e:43741 with 434.4 MiB RAM, BlockManagerId(driver, 7d854e3d028e, 43741, None)
[2025-07-01T13:10:07.426+0000] {spark_submit.py:491} INFO - 25/07/01 13:10:07 INFO BlockManagerMaster: Registered BlockManager BlockManagerId(driver, 7d854e3d028e, 43741, None)
[2025-07-01T13:10:07.426+0000] {spark_submit.py:491} INFO - 25/07/01 13:10:07 INFO BlockManager: Initialized BlockManager: BlockManagerId(driver, 7d854e3d028e, 43741, None)
[2025-07-01T13:10:07.516+0000] {spark_submit.py:491} INFO - 25/07/01 13:10:07 INFO StandaloneAppClient$ClientEndpoint: Executor updated: app-20250701131007-0002/0 is now RUNNING
[2025-07-01T13:10:07.519+0000] {spark_submit.py:491} INFO - 25/07/01 13:10:07 INFO StandaloneSchedulerBackend: SchedulerBackend is ready for scheduling beginning after reached minRegisteredResourcesRatio: 0.0
[2025-07-01T13:10:07.616+0000] {spark_submit.py:491} INFO - 25/07/01 13:10:07 INFO SharedState: Setting hive.metastore.warehouse.dir ('null') to the value of spark.sql.warehouse.dir.
[2025-07-01T13:10:07.617+0000] {spark_submit.py:491} INFO - 25/07/01 13:10:07 INFO SharedState: Warehouse path is 'file:/opt/***/spark-warehouse'.
[2025-07-01T13:10:07.940+0000] {spark_submit.py:491} INFO - Traceback (most recent call last):
[2025-07-01T13:10:07.940+0000] {spark_submit.py:491} INFO - File "/opt/***/spark_jobs/grazing_detector.py", line 127, in <module>
[2025-07-01T13:10:07.940+0000] {spark_submit.py:491} INFO - main()
[2025-07-01T13:10:07.940+0000] {spark_submit.py:491} INFO - File "/opt/***/spark_jobs/grazing_detector.py", line 72, in main
[2025-07-01T13:10:07.940+0000] {spark_submit.py:491} INFO - .load()
[2025-07-01T13:10:07.941+0000] {spark_submit.py:491} INFO - ^^^^^^
[2025-07-01T13:10:07.941+0000] {spark_submit.py:491} INFO - File "/opt/spark/python/lib/pyspark.zip/pyspark/sql/streaming/readwriter.py", line 304, in load
[2025-07-01T13:10:07.941+0000] {spark_submit.py:491} INFO - File "/opt/spark/python/lib/py4j-0.10.9.7-src.zip/py4j/java_gateway.py", line 1322, in __call__
[2025-07-01T13:10:07.941+0000] {spark_submit.py:491} INFO - File "/opt/spark/python/lib/pyspark.zip/pyspark/errors/exceptions/captured.py", line 179, in deco
[2025-07-01T13:10:07.941+0000] {spark_submit.py:491} INFO - File "/opt/spark/python/lib/py4j-0.10.9.7-src.zip/py4j/protocol.py", line 326, in get_return_value
[2025-07-01T13:10:07.941+0000] {spark_submit.py:491} INFO - py4j.protocol.Py4JJavaError: An error occurred while calling o32.load.
[2025-07-01T13:10:07.941+0000] {spark_submit.py:491} INFO - : java.lang.NoClassDefFoundError: scala/$less$colon$less
[2025-07-01T13:10:07.942+0000] {spark_submit.py:491} INFO - at org.apache.spark.sql.kafka010.KafkaSourceProvider.org$apache$spark$sql$kafka010$KafkaSourceProvider$$validateStreamOptions(KafkaSourceProvider.scala:338)
[2025-07-01T13:10:07.942+0000] {spark_submit.py:491} INFO - at org.apache.spark.sql.kafka010.KafkaSourceProvider.sourceSchema(KafkaSourceProvider.scala:71)
[2025-07-01T13:10:07.942+0000] {spark_submit.py:491} INFO - at org.apache.spark.sql.execution.datasources.DataSource.sourceSchema(DataSource.scala:233)
[2025-07-01T13:10:07.942+0000] {spark_submit.py:491} INFO - at org.apache.spark.sql.execution.datasources.DataSource.sourceInfo$lzycompute(DataSource.scala:118)
[2025-07-01T13:10:07.942+0000] {spark_submit.py:491} INFO - at org.apache.spark.sql.execution.datasources.DataSource.sourceInfo(DataSource.scala:118)
[2025-07-01T13:10:07.942+0000] {spark_submit.py:491} INFO - at org.apache.spark.sql.execution.streaming.StreamingRelation$.apply(StreamingRelation.scala:36)
[2025-07-01T13:10:07.942+0000] {spark_submit.py:491} INFO - at org.apache.spark.sql.streaming.DataStreamReader.loadInternal(DataStreamReader.scala:169)
[2025-07-01T13:10:07.942+0000] {spark_submit.py:491} INFO - at org.apache.spark.sql.streaming.DataStreamReader.load(DataStreamReader.scala:145)
[2025-07-01T13:10:07.942+0000] {spark_submit.py:491} INFO - at java.base/jdk.internal.reflect.NativeMethodAccessorImpl.invoke0(Native Method)
[2025-07-01T13:10:07.942+0000] {spark_submit.py:491} INFO - at java.base/jdk.internal.reflect.NativeMethodAccessorImpl.invoke(NativeMethodAccessorImpl.java:77)
[2025-07-01T13:10:07.942+0000] {spark_submit.py:491} INFO - at java.base/jdk.internal.reflect.DelegatingMethodAccessorImpl.invoke(DelegatingMethodAccessorImpl.java:43)
[2025-07-01T13:10:07.943+0000] {spark_submit.py:491} INFO - at java.base/java.lang.reflect.Method.invoke(Method.java:569)
[2025-07-01T13:10:07.943+0000] {spark_submit.py:491} INFO - at py4j.reflection.MethodInvoker.invoke(MethodInvoker.java:244)
[2025-07-01T13:10:07.943+0000] {spark_submit.py:491} INFO - at py4j.reflection.ReflectionEngine.invoke(ReflectionEngine.java:374)
[2025-07-01T13:10:07.943+0000] {spark_submit.py:491} INFO - at py4j.Gateway.invoke(Gateway.java:282)
[2025-07-01T13:10:07.943+0000] {spark_submit.py:491} INFO - at py4j.commands.AbstractCommand.invokeMethod(AbstractCommand.java:132)
[2025-07-01T13:10:07.943+0000] {spark_submit.py:491} INFO - at py4j.commands.CallCommand.execute(CallCommand.java:79)
[2025-07-01T13:10:07.943+0000] {spark_submit.py:491} INFO - at py4j.ClientServerConnection.waitForCommands(ClientServerConnection.java:182)
[2025-07-01T13:10:07.943+0000] {spark_submit.py:491} INFO - at py4j.ClientServerConnection.run(ClientServerConnection.java:106)
[2025-07-01T13:10:07.943+0000] {spark_submit.py:491} INFO - at java.base/java.lang.Thread.run(Thread.java:840)
[2025-07-01T13:10:07.944+0000] {spark_submit.py:491} INFO - Caused by: java.lang.ClassNotFoundException: scala.$less$colon$less
[2025-07-01T13:10:07.944+0000] {spark_submit.py:491} INFO - at java.base/java.net.URLClassLoader.findClass(URLClassLoader.java:445)
[2025-07-01T13:10:07.944+0000] {spark_submit.py:491} INFO - at java.base/java.lang.ClassLoader.loadClass(ClassLoader.java:592)
[2025-07-01T13:10:07.944+0000] {spark_submit.py:491} INFO - at java.base/java.lang.ClassLoader.loadClass(ClassLoader.java:525)
[2025-07-01T13:10:07.944+0000] {spark_submit.py:491} INFO - ... 20 more
[2025-07-01T13:10:07.944+0000] {spark_submit.py:491} INFO - 
[2025-07-01T13:10:07.966+0000] {spark_submit.py:491} INFO - 25/07/01 13:10:07 INFO SparkContext: Invoking stop() from shutdown hook
[2025-07-01T13:10:07.966+0000] {spark_submit.py:491} INFO - 25/07/01 13:10:07 INFO SparkContext: SparkContext is stopping with exitCode 0.
[2025-07-01T13:10:07.974+0000] {spark_submit.py:491} INFO - 25/07/01 13:10:07 INFO SparkUI: Stopped Spark web UI at http://7d854e3d028e:4040
[2025-07-01T13:10:07.975+0000] {spark_submit.py:491} INFO - 25/07/01 13:10:07 INFO StandaloneSchedulerBackend: Shutting down all executors
[2025-07-01T13:10:07.975+0000] {spark_submit.py:491} INFO - 25/07/01 13:10:07 INFO StandaloneSchedulerBackend$StandaloneDriverEndpoint: Asking each executor to shut down
[2025-07-01T13:10:07.979+0000] {spark_submit.py:491} INFO - 25/07/01 13:10:07 INFO MapOutputTrackerMasterEndpoint: MapOutputTrackerMasterEndpoint stopped!
[2025-07-01T13:10:07.986+0000] {spark_submit.py:491} INFO - 25/07/01 13:10:07 INFO MemoryStore: MemoryStore cleared
[2025-07-01T13:10:07.986+0000] {spark_submit.py:491} INFO - 25/07/01 13:10:07 INFO BlockManager: BlockManager stopped
[2025-07-01T13:10:07.989+0000] {spark_submit.py:491} INFO - 25/07/01 13:10:07 INFO BlockManagerMaster: BlockManagerMaster stopped
[2025-07-01T13:10:07.989+0000] {spark_submit.py:491} INFO - 25/07/01 13:10:07 INFO OutputCommitCoordinator$OutputCommitCoordinatorEndpoint: OutputCommitCoordinator stopped!
[2025-07-01T13:10:07.997+0000] {spark_submit.py:491} INFO - 25/07/01 13:10:07 INFO SparkContext: Successfully stopped SparkContext
[2025-07-01T13:10:07.998+0000] {spark_submit.py:491} INFO - 25/07/01 13:10:07 INFO ShutdownHookManager: Shutdown hook called
[2025-07-01T13:10:07.999+0000] {spark_submit.py:491} INFO - 25/07/01 13:10:07 INFO ShutdownHookManager: Deleting directory /tmp/spark-7f2966d8-7979-4c37-abc7-011b8bf65fe3/pyspark-7c9613cd-3aa9-44f0-8be8-0f6c16b4c08f
[2025-07-01T13:10:08.000+0000] {spark_submit.py:491} INFO - 25/07/01 13:10:07 INFO ShutdownHookManager: Deleting directory /tmp/spark-0c920cf9-07dd-40fa-8d02-abaf00b63fd7
[2025-07-01T13:10:08.000+0000] {spark_submit.py:491} INFO - 25/07/01 13:10:08 INFO ShutdownHookManager: Deleting directory /tmp/spark-7f2966d8-7979-4c37-abc7-011b8bf65fe3
[2025-07-01T13:10:08.018+0000] {taskinstance.py:441} INFO - ::group::Post task execution logs
[2025-07-01T13:10:08.029+0000] {taskinstance.py:2905} ERROR - Task failed with exception
Traceback (most recent call last):
  File "/home/airflow/.local/lib/python3.12/site-packages/airflow/models/taskinstance.py", line 465, in _execute_task
    result = _execute_callable(context=context, **execute_callable_kwargs)
             ^^^^^^^^^^^^^^^^^^^^^^^^^^^^^^^^^^^^^^^^^^^^^^^^^^^^^^^^^^^^^
  File "/home/airflow/.local/lib/python3.12/site-packages/airflow/models/taskinstance.py", line 432, in _execute_callable
    return execute_callable(context=context, **execute_callable_kwargs)
           ^^^^^^^^^^^^^^^^^^^^^^^^^^^^^^^^^^^^^^^^^^^^^^^^^^^^^^^^^^^^
  File "/home/airflow/.local/lib/python3.12/site-packages/airflow/models/baseoperator.py", line 401, in wrapper
    return func(self, *args, **kwargs)
           ^^^^^^^^^^^^^^^^^^^^^^^^^^^
  File "/home/airflow/.local/lib/python3.12/site-packages/airflow/providers/apache/spark/operators/spark_submit.py", line 156, in execute
    self._hook.submit(self._application)
  File "/home/airflow/.local/lib/python3.12/site-packages/airflow/providers/apache/spark/hooks/spark_submit.py", line 422, in submit
    raise AirflowException(
airflow.exceptions.AirflowException: Cannot execute: spark-submit --master spark://spark-master:7077 --packages org.apache.spark:spark-sql-kafka-0-10_2.13:3.5.1 --name arrow-spark /opt/***/spark_jobs/grazing_detector.py kafka:29092. Error code is: 1.
[2025-07-01T13:10:08.031+0000] {taskinstance.py:1206} INFO - Marking task as UP_FOR_RETRY. dag_id=grazing_detection_streaming_cluster, task_id=submit_grazing_detector_job, run_id=manual__2025-07-01T13:09:46.351236+00:00, execution_date=20250701T130946, start_date=20250701T130946, end_date=20250701T131008
[2025-07-01T13:10:08.036+0000] {standard_task_runner.py:110} ERROR - Failed to execute job 5 for task submit_grazing_detector_job (Cannot execute: spark-submit --master spark://spark-master:7077 --packages org.apache.spark:spark-sql-kafka-0-10_2.13:3.5.1 --name arrow-spark /opt/***/spark_jobs/grazing_detector.py kafka:29092. Error code is: 1.; 190)
[2025-07-01T13:10:08.040+0000] {local_task_job_runner.py:240} INFO - Task exited with return code 1
[2025-07-01T13:10:08.047+0000] {taskinstance.py:3503} INFO - 0 downstream tasks scheduled from follow-on schedule check
[2025-07-01T13:10:08.048+0000] {local_task_job_runner.py:222} INFO - ::endgroup::
