[2025-07-01T12:47:54.789+0000] {local_task_job_runner.py:120} INFO - ::group::Pre task execution logs
[2025-07-01T12:47:54.807+0000] {taskinstance.py:2076} INFO - Dependencies all met for dep_context=non-requeueable deps ti=<TaskInstance: grazing_detection_streaming_cluster.submit_grazing_detector_job manual__2025-07-01T12:45:29.431555+00:00 [queued]>
[2025-07-01T12:47:54.810+0000] {taskinstance.py:2076} INFO - Dependencies all met for dep_context=requeueable deps ti=<TaskInstance: grazing_detection_streaming_cluster.submit_grazing_detector_job manual__2025-07-01T12:45:29.431555+00:00 [queued]>
[2025-07-01T12:47:54.810+0000] {taskinstance.py:2306} INFO - Starting attempt 2 of 2
[2025-07-01T12:47:54.814+0000] {taskinstance.py:2330} INFO - Executing <Task(SparkSubmitOperator): submit_grazing_detector_job> on 2025-07-01 12:45:29.431555+00:00
[2025-07-01T12:47:54.818+0000] {logging_mixin.py:188} WARNING - /home/***/.local/lib/python3.12/site-packages/***/task/task_runner/standard_task_runner.py:61 DeprecationWarning: This process (pid=415) is multi-threaded, use of fork() may lead to deadlocks in the child.
[2025-07-01T12:47:54.817+0000] {standard_task_runner.py:90} INFO - Running: ['***', 'tasks', 'run', 'grazing_detection_streaming_cluster', 'submit_grazing_detector_job', 'manual__2025-07-01T12:45:29.431555+00:00', '--job-id', '6', '--raw', '--subdir', 'DAGS_FOLDER/grazing_dag.py', '--cfg-path', '/tmp/tmpn3z8410l']
[2025-07-01T12:47:54.819+0000] {standard_task_runner.py:63} INFO - Started process 416 to run task
[2025-07-01T12:47:54.819+0000] {standard_task_runner.py:91} INFO - Job 6: Subtask submit_grazing_detector_job
[2025-07-01T12:47:54.844+0000] {task_command.py:426} INFO - Running <TaskInstance: grazing_detection_streaming_cluster.submit_grazing_detector_job manual__2025-07-01T12:45:29.431555+00:00 [running]> on host fcd512d008f9
[2025-07-01T12:47:54.877+0000] {taskinstance.py:2648} INFO - Exporting env vars: AIRFLOW_CTX_DAG_OWNER='***' AIRFLOW_CTX_DAG_ID='grazing_detection_streaming_cluster' AIRFLOW_CTX_TASK_ID='submit_grazing_detector_job' AIRFLOW_CTX_EXECUTION_DATE='2025-07-01T12:45:29.431555+00:00' AIRFLOW_CTX_TRY_NUMBER='2' AIRFLOW_CTX_DAG_RUN_ID='manual__2025-07-01T12:45:29.431555+00:00'
[2025-07-01T12:47:54.878+0000] {taskinstance.py:430} INFO - ::endgroup::
[2025-07-01T12:47:54.891+0000] {base.py:84} INFO - Using connection ID 'spark_default' for task execution.
[2025-07-01T12:47:54.892+0000] {spark_submit.py:340} INFO - Spark-Submit cmd: spark-submit --master spark://spark-master:7077 --packages org.apache.spark:spark-sql-kafka-0-10_2.13:3.5.1 --name arrow-spark /opt/***/spark_jobs/grazing_detector.py kafka:29092
[2025-07-01T12:47:55.078+0000] {spark_submit.py:491} INFO - WARNING: Using incubator modules: jdk.incubator.vector
[2025-07-01T12:47:55.607+0000] {spark_submit.py:491} INFO - :: loading settings :: url = jar:file:/home/***/.local/lib/python3.12/site-packages/pyspark/jars/ivy-2.5.3.jar!/org/apache/ivy/core/settings/ivysettings.xml
[2025-07-01T12:47:55.637+0000] {spark_submit.py:491} INFO - Ivy Default Cache set to: /home/***/.ivy2.5.2/cache
[2025-07-01T12:47:55.638+0000] {spark_submit.py:491} INFO - The jars for the packages stored in: /home/***/.ivy2.5.2/jars
[2025-07-01T12:47:55.639+0000] {spark_submit.py:491} INFO - org.apache.spark#spark-sql-kafka-0-10_2.13 added as a dependency
[2025-07-01T12:47:55.639+0000] {spark_submit.py:491} INFO - :: resolving dependencies :: org.apache.spark#spark-submit-parent-71e4cfac-864a-4fd1-8510-4ceaaad81e65;1.0
[2025-07-01T12:47:55.639+0000] {spark_submit.py:491} INFO - confs: [default]
[2025-07-01T12:47:55.706+0000] {spark_submit.py:491} INFO - found org.apache.spark#spark-sql-kafka-0-10_2.13;3.5.1 in central
[2025-07-01T12:47:55.731+0000] {spark_submit.py:491} INFO - found org.apache.spark#spark-token-provider-kafka-0-10_2.13;3.5.1 in central
[2025-07-01T12:47:55.752+0000] {spark_submit.py:491} INFO - found org.apache.kafka#kafka-clients;3.4.1 in central
[2025-07-01T12:47:55.766+0000] {spark_submit.py:491} INFO - found org.lz4#lz4-java;1.8.0 in central
[2025-07-01T12:47:55.775+0000] {spark_submit.py:491} INFO - found org.xerial.snappy#snappy-java;1.1.10.3 in central
[2025-07-01T12:47:55.785+0000] {spark_submit.py:491} INFO - found org.slf4j#slf4j-api;2.0.7 in central
[2025-07-01T12:47:55.796+0000] {spark_submit.py:491} INFO - found org.apache.hadoop#hadoop-client-runtime;3.3.4 in central
[2025-07-01T12:47:55.806+0000] {spark_submit.py:491} INFO - found org.apache.hadoop#hadoop-client-api;3.3.4 in central
[2025-07-01T12:47:55.817+0000] {spark_submit.py:491} INFO - found commons-logging#commons-logging;1.1.3 in central
[2025-07-01T12:47:55.825+0000] {spark_submit.py:491} INFO - found com.google.code.findbugs#jsr305;3.0.0 in central
[2025-07-01T12:47:55.830+0000] {spark_submit.py:491} INFO - found org.scala-lang.modules#scala-parallel-collections_2.13;1.0.4 in central
[2025-07-01T12:47:55.836+0000] {spark_submit.py:491} INFO - found org.apache.commons#commons-pool2;2.11.1 in central
[2025-07-01T12:47:55.847+0000] {spark_submit.py:491} INFO - :: resolution report :: resolve 202ms :: artifacts dl 6ms
[2025-07-01T12:47:55.847+0000] {spark_submit.py:491} INFO - :: modules in use:
[2025-07-01T12:47:55.848+0000] {spark_submit.py:491} INFO - com.google.code.findbugs#jsr305;3.0.0 from central in [default]
[2025-07-01T12:47:55.848+0000] {spark_submit.py:491} INFO - commons-logging#commons-logging;1.1.3 from central in [default]
[2025-07-01T12:47:55.848+0000] {spark_submit.py:491} INFO - org.apache.commons#commons-pool2;2.11.1 from central in [default]
[2025-07-01T12:47:55.848+0000] {spark_submit.py:491} INFO - org.apache.hadoop#hadoop-client-api;3.3.4 from central in [default]
[2025-07-01T12:47:55.848+0000] {spark_submit.py:491} INFO - org.apache.hadoop#hadoop-client-runtime;3.3.4 from central in [default]
[2025-07-01T12:47:55.848+0000] {spark_submit.py:491} INFO - org.apache.kafka#kafka-clients;3.4.1 from central in [default]
[2025-07-01T12:47:55.848+0000] {spark_submit.py:491} INFO - org.apache.spark#spark-sql-kafka-0-10_2.13;3.5.1 from central in [default]
[2025-07-01T12:47:55.848+0000] {spark_submit.py:491} INFO - org.apache.spark#spark-token-provider-kafka-0-10_2.13;3.5.1 from central in [default]
[2025-07-01T12:47:55.848+0000] {spark_submit.py:491} INFO - org.lz4#lz4-java;1.8.0 from central in [default]
[2025-07-01T12:47:55.848+0000] {spark_submit.py:491} INFO - org.scala-lang.modules#scala-parallel-collections_2.13;1.0.4 from central in [default]
[2025-07-01T12:47:55.849+0000] {spark_submit.py:491} INFO - org.slf4j#slf4j-api;2.0.7 from central in [default]
[2025-07-01T12:47:55.849+0000] {spark_submit.py:491} INFO - org.xerial.snappy#snappy-java;1.1.10.3 from central in [default]
[2025-07-01T12:47:55.849+0000] {spark_submit.py:491} INFO - ---------------------------------------------------------------------
[2025-07-01T12:47:55.849+0000] {spark_submit.py:491} INFO - |                  |            modules            ||   artifacts   |
[2025-07-01T12:47:55.849+0000] {spark_submit.py:491} INFO - |       conf       | number| search|dwnlded|evicted|| number|dwnlded|
[2025-07-01T12:47:55.849+0000] {spark_submit.py:491} INFO - ---------------------------------------------------------------------
[2025-07-01T12:47:55.849+0000] {spark_submit.py:491} INFO - |      default     |   12  |   0   |   0   |   0   ||   12  |   0   |
[2025-07-01T12:47:55.849+0000] {spark_submit.py:491} INFO - ---------------------------------------------------------------------
[2025-07-01T12:47:55.852+0000] {spark_submit.py:491} INFO - :: retrieving :: org.apache.spark#spark-submit-parent-71e4cfac-864a-4fd1-8510-4ceaaad81e65
[2025-07-01T12:47:55.852+0000] {spark_submit.py:491} INFO - confs: [default]
[2025-07-01T12:47:55.856+0000] {spark_submit.py:491} INFO - 0 artifacts copied, 12 already retrieved (0kB/4ms)
[2025-07-01T12:47:55.940+0000] {spark_submit.py:491} INFO - 25/07/01 12:47:55 WARN NativeCodeLoader: Unable to load native-hadoop library for your platform... using builtin-java classes where applicable
[2025-07-01T12:47:56.864+0000] {spark_submit.py:491} INFO - Using Spark's default log4j profile: org/apache/spark/log4j2-defaults.properties
[2025-07-01T12:47:56.867+0000] {spark_submit.py:491} INFO - 25/07/01 12:47:56 INFO SparkContext: Running Spark version 4.0.0
[2025-07-01T12:47:56.867+0000] {spark_submit.py:491} INFO - 25/07/01 12:47:56 INFO SparkContext: OS info Linux, 6.10.14-linuxkit, aarch64
[2025-07-01T12:47:56.867+0000] {spark_submit.py:491} INFO - 25/07/01 12:47:56 INFO SparkContext: Java version 17.0.15
[2025-07-01T12:47:56.876+0000] {spark_submit.py:491} INFO - 25/07/01 12:47:56 INFO ResourceUtils: ==============================================================
[2025-07-01T12:47:56.877+0000] {spark_submit.py:491} INFO - 25/07/01 12:47:56 INFO ResourceUtils: No custom resources configured for spark.driver.
[2025-07-01T12:47:56.877+0000] {spark_submit.py:491} INFO - 25/07/01 12:47:56 INFO ResourceUtils: ==============================================================
[2025-07-01T12:47:56.877+0000] {spark_submit.py:491} INFO - 25/07/01 12:47:56 INFO SparkContext: Submitted application: GrazingDetectorPy
[2025-07-01T12:47:56.886+0000] {spark_submit.py:491} INFO - 25/07/01 12:47:56 INFO ResourceProfile: Default ResourceProfile created, executor resources: Map(memory -> name: memory, amount: 1024, script: , vendor: , offHeap -> name: offHeap, amount: 0, script: , vendor: ), task resources: Map(cpus -> name: cpus, amount: 1.0)
[2025-07-01T12:47:56.887+0000] {spark_submit.py:491} INFO - 25/07/01 12:47:56 INFO ResourceProfile: Limiting resource is cpu
[2025-07-01T12:47:56.887+0000] {spark_submit.py:491} INFO - 25/07/01 12:47:56 INFO ResourceProfileManager: Added ResourceProfile id: 0
[2025-07-01T12:47:56.906+0000] {spark_submit.py:491} INFO - 25/07/01 12:47:56 INFO SecurityManager: Changing view acls to: ***
[2025-07-01T12:47:56.906+0000] {spark_submit.py:491} INFO - 25/07/01 12:47:56 INFO SecurityManager: Changing modify acls to: ***
[2025-07-01T12:47:56.906+0000] {spark_submit.py:491} INFO - 25/07/01 12:47:56 INFO SecurityManager: Changing view acls groups to: ***
[2025-07-01T12:47:56.906+0000] {spark_submit.py:491} INFO - 25/07/01 12:47:56 INFO SecurityManager: Changing modify acls groups to: ***
[2025-07-01T12:47:56.908+0000] {spark_submit.py:491} INFO - 25/07/01 12:47:56 INFO SecurityManager: SecurityManager: authentication disabled; ui acls disabled; users with view permissions: *** groups with view permissions: EMPTY; users with modify permissions: ***; groups with modify permissions: EMPTY; RPC SSL disabled
[2025-07-01T12:47:56.994+0000] {spark_submit.py:491} INFO - 25/07/01 12:47:56 INFO Utils: Successfully started service 'sparkDriver' on port 40435.
[2025-07-01T12:47:57.004+0000] {spark_submit.py:491} INFO - 25/07/01 12:47:57 INFO SparkEnv: Registering MapOutputTracker
[2025-07-01T12:47:57.009+0000] {spark_submit.py:491} INFO - 25/07/01 12:47:57 INFO SparkEnv: Registering BlockManagerMaster
[2025-07-01T12:47:57.015+0000] {spark_submit.py:491} INFO - 25/07/01 12:47:57 INFO BlockManagerMasterEndpoint: Using org.apache.spark.storage.DefaultTopologyMapper for getting topology information
[2025-07-01T12:47:57.015+0000] {spark_submit.py:491} INFO - 25/07/01 12:47:57 INFO BlockManagerMasterEndpoint: BlockManagerMasterEndpoint up
[2025-07-01T12:47:57.016+0000] {spark_submit.py:491} INFO - 25/07/01 12:47:57 INFO SparkEnv: Registering BlockManagerMasterHeartbeat
[2025-07-01T12:47:57.025+0000] {spark_submit.py:491} INFO - 25/07/01 12:47:57 INFO DiskBlockManager: Created local directory at /tmp/blockmgr-ee9dc808-fb48-4d7a-a2af-02cb79069d9c
[2025-07-01T12:47:57.034+0000] {spark_submit.py:491} INFO - 25/07/01 12:47:57 INFO SparkEnv: Registering OutputCommitCoordinator
[2025-07-01T12:47:57.078+0000] {spark_submit.py:491} INFO - 25/07/01 12:47:57 INFO JettyUtils: Start Jetty 0.0.0.0:4040 for SparkUI
[2025-07-01T12:47:57.102+0000] {spark_submit.py:491} INFO - 25/07/01 12:47:57 INFO Utils: Successfully started service 'SparkUI' on port 4040.
[2025-07-01T12:47:57.117+0000] {spark_submit.py:491} INFO - 25/07/01 12:47:57 INFO SparkContext: Added JAR file:///home/***/.ivy2.5.2/jars/org.apache.spark_spark-sql-kafka-0-10_2.13-3.5.1.jar at spark://fcd512d008f9:40435/jars/org.apache.spark_spark-sql-kafka-0-10_2.13-3.5.1.jar with timestamp 1751374076860
[2025-07-01T12:47:57.117+0000] {spark_submit.py:491} INFO - 25/07/01 12:47:57 INFO SparkContext: Added JAR file:///home/***/.ivy2.5.2/jars/org.apache.spark_spark-token-provider-kafka-0-10_2.13-3.5.1.jar at spark://fcd512d008f9:40435/jars/org.apache.spark_spark-token-provider-kafka-0-10_2.13-3.5.1.jar with timestamp 1751374076860
[2025-07-01T12:47:57.118+0000] {spark_submit.py:491} INFO - 25/07/01 12:47:57 INFO SparkContext: Added JAR file:///home/***/.ivy2.5.2/jars/org.scala-lang.modules_scala-parallel-collections_2.13-1.0.4.jar at spark://fcd512d008f9:40435/jars/org.scala-lang.modules_scala-parallel-collections_2.13-1.0.4.jar with timestamp 1751374076860
[2025-07-01T12:47:57.118+0000] {spark_submit.py:491} INFO - 25/07/01 12:47:57 INFO SparkContext: Added JAR file:///home/***/.ivy2.5.2/jars/org.apache.kafka_kafka-clients-3.4.1.jar at spark://fcd512d008f9:40435/jars/org.apache.kafka_kafka-clients-3.4.1.jar with timestamp 1751374076860
[2025-07-01T12:47:57.118+0000] {spark_submit.py:491} INFO - 25/07/01 12:47:57 INFO SparkContext: Added JAR file:///home/***/.ivy2.5.2/jars/com.google.code.findbugs_jsr305-3.0.0.jar at spark://fcd512d008f9:40435/jars/com.google.code.findbugs_jsr305-3.0.0.jar with timestamp 1751374076860
[2025-07-01T12:47:57.118+0000] {spark_submit.py:491} INFO - 25/07/01 12:47:57 INFO SparkContext: Added JAR file:///home/***/.ivy2.5.2/jars/org.apache.commons_commons-pool2-2.11.1.jar at spark://fcd512d008f9:40435/jars/org.apache.commons_commons-pool2-2.11.1.jar with timestamp 1751374076860
[2025-07-01T12:47:57.118+0000] {spark_submit.py:491} INFO - 25/07/01 12:47:57 INFO SparkContext: Added JAR file:///home/***/.ivy2.5.2/jars/org.apache.hadoop_hadoop-client-runtime-3.3.4.jar at spark://fcd512d008f9:40435/jars/org.apache.hadoop_hadoop-client-runtime-3.3.4.jar with timestamp 1751374076860
[2025-07-01T12:47:57.118+0000] {spark_submit.py:491} INFO - 25/07/01 12:47:57 INFO SparkContext: Added JAR file:///home/***/.ivy2.5.2/jars/org.lz4_lz4-java-1.8.0.jar at spark://fcd512d008f9:40435/jars/org.lz4_lz4-java-1.8.0.jar with timestamp 1751374076860
[2025-07-01T12:47:57.118+0000] {spark_submit.py:491} INFO - 25/07/01 12:47:57 INFO SparkContext: Added JAR file:///home/***/.ivy2.5.2/jars/org.xerial.snappy_snappy-java-1.1.10.3.jar at spark://fcd512d008f9:40435/jars/org.xerial.snappy_snappy-java-1.1.10.3.jar with timestamp 1751374076860
[2025-07-01T12:47:57.118+0000] {spark_submit.py:491} INFO - 25/07/01 12:47:57 INFO SparkContext: Added JAR file:///home/***/.ivy2.5.2/jars/org.slf4j_slf4j-api-2.0.7.jar at spark://fcd512d008f9:40435/jars/org.slf4j_slf4j-api-2.0.7.jar with timestamp 1751374076860
[2025-07-01T12:47:57.118+0000] {spark_submit.py:491} INFO - 25/07/01 12:47:57 INFO SparkContext: Added JAR file:///home/***/.ivy2.5.2/jars/org.apache.hadoop_hadoop-client-api-3.3.4.jar at spark://fcd512d008f9:40435/jars/org.apache.hadoop_hadoop-client-api-3.3.4.jar with timestamp 1751374076860
[2025-07-01T12:47:57.118+0000] {spark_submit.py:491} INFO - 25/07/01 12:47:57 INFO SparkContext: Added JAR file:///home/***/.ivy2.5.2/jars/commons-logging_commons-logging-1.1.3.jar at spark://fcd512d008f9:40435/jars/commons-logging_commons-logging-1.1.3.jar with timestamp 1751374076860
[2025-07-01T12:47:57.119+0000] {spark_submit.py:491} INFO - 25/07/01 12:47:57 INFO SparkContext: Added file file:///home/***/.ivy2.5.2/jars/org.apache.spark_spark-sql-kafka-0-10_2.13-3.5.1.jar at spark://fcd512d008f9:40435/files/org.apache.spark_spark-sql-kafka-0-10_2.13-3.5.1.jar with timestamp 1751374076860
[2025-07-01T12:47:57.120+0000] {spark_submit.py:491} INFO - 25/07/01 12:47:57 INFO Utils: Copying /home/***/.ivy2.5.2/jars/org.apache.spark_spark-sql-kafka-0-10_2.13-3.5.1.jar to /tmp/spark-acf49c1b-f2c0-40fa-9c4b-460d5148bf95/userFiles-f52dc96b-f7da-427b-b259-be8a1fdc0552/org.apache.spark_spark-sql-kafka-0-10_2.13-3.5.1.jar
[2025-07-01T12:47:57.126+0000] {spark_submit.py:491} INFO - 25/07/01 12:47:57 INFO SparkContext: Added file file:///home/***/.ivy2.5.2/jars/org.apache.spark_spark-token-provider-kafka-0-10_2.13-3.5.1.jar at spark://fcd512d008f9:40435/files/org.apache.spark_spark-token-provider-kafka-0-10_2.13-3.5.1.jar with timestamp 1751374076860
[2025-07-01T12:47:57.126+0000] {spark_submit.py:491} INFO - 25/07/01 12:47:57 INFO Utils: Copying /home/***/.ivy2.5.2/jars/org.apache.spark_spark-token-provider-kafka-0-10_2.13-3.5.1.jar to /tmp/spark-acf49c1b-f2c0-40fa-9c4b-460d5148bf95/userFiles-f52dc96b-f7da-427b-b259-be8a1fdc0552/org.apache.spark_spark-token-provider-kafka-0-10_2.13-3.5.1.jar
[2025-07-01T12:47:57.128+0000] {spark_submit.py:491} INFO - 25/07/01 12:47:57 INFO SparkContext: Added file file:///home/***/.ivy2.5.2/jars/org.scala-lang.modules_scala-parallel-collections_2.13-1.0.4.jar at spark://fcd512d008f9:40435/files/org.scala-lang.modules_scala-parallel-collections_2.13-1.0.4.jar with timestamp 1751374076860
[2025-07-01T12:47:57.128+0000] {spark_submit.py:491} INFO - 25/07/01 12:47:57 INFO Utils: Copying /home/***/.ivy2.5.2/jars/org.scala-lang.modules_scala-parallel-collections_2.13-1.0.4.jar to /tmp/spark-acf49c1b-f2c0-40fa-9c4b-460d5148bf95/userFiles-f52dc96b-f7da-427b-b259-be8a1fdc0552/org.scala-lang.modules_scala-parallel-collections_2.13-1.0.4.jar
[2025-07-01T12:47:57.131+0000] {spark_submit.py:491} INFO - 25/07/01 12:47:57 INFO SparkContext: Added file file:///home/***/.ivy2.5.2/jars/org.apache.kafka_kafka-clients-3.4.1.jar at spark://fcd512d008f9:40435/files/org.apache.kafka_kafka-clients-3.4.1.jar with timestamp 1751374076860
[2025-07-01T12:47:57.131+0000] {spark_submit.py:491} INFO - 25/07/01 12:47:57 INFO Utils: Copying /home/***/.ivy2.5.2/jars/org.apache.kafka_kafka-clients-3.4.1.jar to /tmp/spark-acf49c1b-f2c0-40fa-9c4b-460d5148bf95/userFiles-f52dc96b-f7da-427b-b259-be8a1fdc0552/org.apache.kafka_kafka-clients-3.4.1.jar
[2025-07-01T12:47:57.138+0000] {spark_submit.py:491} INFO - 25/07/01 12:47:57 INFO SparkContext: Added file file:///home/***/.ivy2.5.2/jars/com.google.code.findbugs_jsr305-3.0.0.jar at spark://fcd512d008f9:40435/files/com.google.code.findbugs_jsr305-3.0.0.jar with timestamp 1751374076860
[2025-07-01T12:47:57.138+0000] {spark_submit.py:491} INFO - 25/07/01 12:47:57 INFO Utils: Copying /home/***/.ivy2.5.2/jars/com.google.code.findbugs_jsr305-3.0.0.jar to /tmp/spark-acf49c1b-f2c0-40fa-9c4b-460d5148bf95/userFiles-f52dc96b-f7da-427b-b259-be8a1fdc0552/com.google.code.findbugs_jsr305-3.0.0.jar
[2025-07-01T12:47:57.141+0000] {spark_submit.py:491} INFO - 25/07/01 12:47:57 INFO SparkContext: Added file file:///home/***/.ivy2.5.2/jars/org.apache.commons_commons-pool2-2.11.1.jar at spark://fcd512d008f9:40435/files/org.apache.commons_commons-pool2-2.11.1.jar with timestamp 1751374076860
[2025-07-01T12:47:57.141+0000] {spark_submit.py:491} INFO - 25/07/01 12:47:57 INFO Utils: Copying /home/***/.ivy2.5.2/jars/org.apache.commons_commons-pool2-2.11.1.jar to /tmp/spark-acf49c1b-f2c0-40fa-9c4b-460d5148bf95/userFiles-f52dc96b-f7da-427b-b259-be8a1fdc0552/org.apache.commons_commons-pool2-2.11.1.jar
[2025-07-01T12:47:57.143+0000] {spark_submit.py:491} INFO - 25/07/01 12:47:57 INFO SparkContext: Added file file:///home/***/.ivy2.5.2/jars/org.apache.hadoop_hadoop-client-runtime-3.3.4.jar at spark://fcd512d008f9:40435/files/org.apache.hadoop_hadoop-client-runtime-3.3.4.jar with timestamp 1751374076860
[2025-07-01T12:47:57.144+0000] {spark_submit.py:491} INFO - 25/07/01 12:47:57 INFO Utils: Copying /home/***/.ivy2.5.2/jars/org.apache.hadoop_hadoop-client-runtime-3.3.4.jar to /tmp/spark-acf49c1b-f2c0-40fa-9c4b-460d5148bf95/userFiles-f52dc96b-f7da-427b-b259-be8a1fdc0552/org.apache.hadoop_hadoop-client-runtime-3.3.4.jar
[2025-07-01T12:47:57.173+0000] {spark_submit.py:491} INFO - 25/07/01 12:47:57 INFO SparkContext: Added file file:///home/***/.ivy2.5.2/jars/org.lz4_lz4-java-1.8.0.jar at spark://fcd512d008f9:40435/files/org.lz4_lz4-java-1.8.0.jar with timestamp 1751374076860
[2025-07-01T12:47:57.174+0000] {spark_submit.py:491} INFO - 25/07/01 12:47:57 INFO Utils: Copying /home/***/.ivy2.5.2/jars/org.lz4_lz4-java-1.8.0.jar to /tmp/spark-acf49c1b-f2c0-40fa-9c4b-460d5148bf95/userFiles-f52dc96b-f7da-427b-b259-be8a1fdc0552/org.lz4_lz4-java-1.8.0.jar
[2025-07-01T12:47:57.176+0000] {spark_submit.py:491} INFO - 25/07/01 12:47:57 INFO SparkContext: Added file file:///home/***/.ivy2.5.2/jars/org.xerial.snappy_snappy-java-1.1.10.3.jar at spark://fcd512d008f9:40435/files/org.xerial.snappy_snappy-java-1.1.10.3.jar with timestamp 1751374076860
[2025-07-01T12:47:57.176+0000] {spark_submit.py:491} INFO - 25/07/01 12:47:57 INFO Utils: Copying /home/***/.ivy2.5.2/jars/org.xerial.snappy_snappy-java-1.1.10.3.jar to /tmp/spark-acf49c1b-f2c0-40fa-9c4b-460d5148bf95/userFiles-f52dc96b-f7da-427b-b259-be8a1fdc0552/org.xerial.snappy_snappy-java-1.1.10.3.jar
[2025-07-01T12:47:57.180+0000] {spark_submit.py:491} INFO - 25/07/01 12:47:57 INFO SparkContext: Added file file:///home/***/.ivy2.5.2/jars/org.slf4j_slf4j-api-2.0.7.jar at spark://fcd512d008f9:40435/files/org.slf4j_slf4j-api-2.0.7.jar with timestamp 1751374076860
[2025-07-01T12:47:57.180+0000] {spark_submit.py:491} INFO - 25/07/01 12:47:57 INFO Utils: Copying /home/***/.ivy2.5.2/jars/org.slf4j_slf4j-api-2.0.7.jar to /tmp/spark-acf49c1b-f2c0-40fa-9c4b-460d5148bf95/userFiles-f52dc96b-f7da-427b-b259-be8a1fdc0552/org.slf4j_slf4j-api-2.0.7.jar
[2025-07-01T12:47:57.182+0000] {spark_submit.py:491} INFO - 25/07/01 12:47:57 INFO SparkContext: Added file file:///home/***/.ivy2.5.2/jars/org.apache.hadoop_hadoop-client-api-3.3.4.jar at spark://fcd512d008f9:40435/files/org.apache.hadoop_hadoop-client-api-3.3.4.jar with timestamp 1751374076860
[2025-07-01T12:47:57.182+0000] {spark_submit.py:491} INFO - 25/07/01 12:47:57 INFO Utils: Copying /home/***/.ivy2.5.2/jars/org.apache.hadoop_hadoop-client-api-3.3.4.jar to /tmp/spark-acf49c1b-f2c0-40fa-9c4b-460d5148bf95/userFiles-f52dc96b-f7da-427b-b259-be8a1fdc0552/org.apache.hadoop_hadoop-client-api-3.3.4.jar
[2025-07-01T12:47:57.202+0000] {spark_submit.py:491} INFO - 25/07/01 12:47:57 INFO SparkContext: Added file file:///home/***/.ivy2.5.2/jars/commons-logging_commons-logging-1.1.3.jar at spark://fcd512d008f9:40435/files/commons-logging_commons-logging-1.1.3.jar with timestamp 1751374076860
[2025-07-01T12:47:57.202+0000] {spark_submit.py:491} INFO - 25/07/01 12:47:57 INFO Utils: Copying /home/***/.ivy2.5.2/jars/commons-logging_commons-logging-1.1.3.jar to /tmp/spark-acf49c1b-f2c0-40fa-9c4b-460d5148bf95/userFiles-f52dc96b-f7da-427b-b259-be8a1fdc0552/commons-logging_commons-logging-1.1.3.jar
[2025-07-01T12:47:57.212+0000] {spark_submit.py:491} INFO - 25/07/01 12:47:57 INFO SecurityManager: Changing view acls to: ***
[2025-07-01T12:47:57.213+0000] {spark_submit.py:491} INFO - 25/07/01 12:47:57 INFO SecurityManager: Changing modify acls to: ***
[2025-07-01T12:47:57.213+0000] {spark_submit.py:491} INFO - 25/07/01 12:47:57 INFO SecurityManager: Changing view acls groups to: ***
[2025-07-01T12:47:57.213+0000] {spark_submit.py:491} INFO - 25/07/01 12:47:57 INFO SecurityManager: Changing modify acls groups to: ***
[2025-07-01T12:47:57.213+0000] {spark_submit.py:491} INFO - 25/07/01 12:47:57 INFO SecurityManager: SecurityManager: authentication disabled; ui acls disabled; users with view permissions: *** groups with view permissions: EMPTY; users with modify permissions: ***; groups with modify permissions: EMPTY; RPC SSL disabled
[2025-07-01T12:47:57.269+0000] {spark_submit.py:491} INFO - 25/07/01 12:47:57 INFO StandaloneAppClient$ClientEndpoint: Connecting to master spark://spark-master:7077...
[2025-07-01T12:47:57.288+0000] {spark_submit.py:491} INFO - 25/07/01 12:47:57 INFO TransportClientFactory: Successfully created connection to spark-master/172.18.0.4:7077 after 10 ms (0 ms spent in bootstraps)
[2025-07-01T12:47:57.301+0000] {spark_submit.py:491} INFO - 25/07/01 12:47:57 WARN StandaloneAppClient$ClientEndpoint: Failed to connect to master spark-master:7077
[2025-07-01T12:47:57.301+0000] {spark_submit.py:491} INFO - org.apache.spark.SparkException: Exception thrown in awaitResult:
[2025-07-01T12:47:57.301+0000] {spark_submit.py:491} INFO - at org.apache.spark.util.SparkThreadUtils$.awaitResult(SparkThreadUtils.scala:53)
[2025-07-01T12:47:57.301+0000] {spark_submit.py:491} INFO - at org.apache.spark.util.ThreadUtils$.awaitResult(ThreadUtils.scala:342)
[2025-07-01T12:47:57.301+0000] {spark_submit.py:491} INFO - at org.apache.spark.rpc.RpcTimeout.awaitResult(RpcTimeout.scala:75)
[2025-07-01T12:47:57.302+0000] {spark_submit.py:491} INFO - at org.apache.spark.rpc.RpcEnv.setupEndpointRefByURI(RpcEnv.scala:102)
[2025-07-01T12:47:57.302+0000] {spark_submit.py:491} INFO - at org.apache.spark.rpc.RpcEnv.setupEndpointRef(RpcEnv.scala:110)
[2025-07-01T12:47:57.302+0000] {spark_submit.py:491} INFO - at org.apache.spark.deploy.client.StandaloneAppClient$ClientEndpoint$$anon$1.run(StandaloneAppClient.scala:110)
[2025-07-01T12:47:57.302+0000] {spark_submit.py:491} INFO - at java.base/java.util.concurrent.Executors$RunnableAdapter.call(Executors.java:539)
[2025-07-01T12:47:57.302+0000] {spark_submit.py:491} INFO - at java.base/java.util.concurrent.FutureTask.run(FutureTask.java:264)
[2025-07-01T12:47:57.302+0000] {spark_submit.py:491} INFO - at java.base/java.util.concurrent.ThreadPoolExecutor.runWorker(ThreadPoolExecutor.java:1136)
[2025-07-01T12:47:57.302+0000] {spark_submit.py:491} INFO - at java.base/java.util.concurrent.ThreadPoolExecutor$Worker.run(ThreadPoolExecutor.java:635)
[2025-07-01T12:47:57.302+0000] {spark_submit.py:491} INFO - at java.base/java.lang.Thread.run(Thread.java:840)
[2025-07-01T12:47:57.302+0000] {spark_submit.py:491} INFO - Caused by: java.lang.RuntimeException: java.io.InvalidClassException: org.apache.spark.rpc.netty.RpcEndpointVerifier$CheckExistence; local class incompatible: stream classdesc serialVersionUID = 5378738997755484868, local class serialVersionUID = 7789290765573734431
[2025-07-01T12:47:57.302+0000] {spark_submit.py:491} INFO - at java.base/java.io.ObjectStreamClass.initNonProxy(Unknown Source)
[2025-07-01T12:47:57.302+0000] {spark_submit.py:491} INFO - at java.base/java.io.ObjectInputStream.readNonProxyDesc(Unknown Source)
[2025-07-01T12:47:57.302+0000] {spark_submit.py:491} INFO - at java.base/java.io.ObjectInputStream.readClassDesc(Unknown Source)
[2025-07-01T12:47:57.302+0000] {spark_submit.py:491} INFO - at java.base/java.io.ObjectInputStream.readOrdinaryObject(Unknown Source)
[2025-07-01T12:47:57.302+0000] {spark_submit.py:491} INFO - at java.base/java.io.ObjectInputStream.readObject0(Unknown Source)
[2025-07-01T12:47:57.303+0000] {spark_submit.py:491} INFO - at java.base/java.io.ObjectInputStream.readObject(Unknown Source)
[2025-07-01T12:47:57.303+0000] {spark_submit.py:491} INFO - at java.base/java.io.ObjectInputStream.readObject(Unknown Source)
[2025-07-01T12:47:57.303+0000] {spark_submit.py:491} INFO - at org.apache.spark.serializer.JavaDeserializationStream.readObject(JavaSerializer.scala:87)
[2025-07-01T12:47:57.303+0000] {spark_submit.py:491} INFO - at org.apache.spark.serializer.JavaSerializerInstance.deserialize(JavaSerializer.scala:123)
[2025-07-01T12:47:57.303+0000] {spark_submit.py:491} INFO - at org.apache.spark.rpc.netty.NettyRpcEnv.$anonfun$deserialize$2(NettyRpcEnv.scala:299)
[2025-07-01T12:47:57.303+0000] {spark_submit.py:491} INFO - at scala.util.DynamicVariable.withValue(DynamicVariable.scala:62)
[2025-07-01T12:47:57.303+0000] {spark_submit.py:491} INFO - at org.apache.spark.rpc.netty.NettyRpcEnv.deserialize(NettyRpcEnv.scala:352)
[2025-07-01T12:47:57.303+0000] {spark_submit.py:491} INFO - at org.apache.spark.rpc.netty.NettyRpcEnv.$anonfun$deserialize$1(NettyRpcEnv.scala:298)
[2025-07-01T12:47:57.303+0000] {spark_submit.py:491} INFO - at scala.util.DynamicVariable.withValue(DynamicVariable.scala:62)
[2025-07-01T12:47:57.303+0000] {spark_submit.py:491} INFO - at org.apache.spark.rpc.netty.NettyRpcEnv.deserialize(NettyRpcEnv.scala:298)
[2025-07-01T12:47:57.303+0000] {spark_submit.py:491} INFO - at org.apache.spark.rpc.netty.RequestMessage$.apply(NettyRpcEnv.scala:646)
[2025-07-01T12:47:57.303+0000] {spark_submit.py:491} INFO - at org.apache.spark.rpc.netty.NettyRpcHandler.internalReceive(NettyRpcEnv.scala:697)
[2025-07-01T12:47:57.304+0000] {spark_submit.py:491} INFO - at org.apache.spark.rpc.netty.NettyRpcHandler.receive(NettyRpcEnv.scala:682)
[2025-07-01T12:47:57.304+0000] {spark_submit.py:491} INFO - at org.apache.spark.network.server.TransportRequestHandler.processRpcRequest(TransportRequestHandler.java:163)
[2025-07-01T12:47:57.304+0000] {spark_submit.py:491} INFO - at org.apache.spark.network.server.TransportRequestHandler.handle(TransportRequestHandler.java:109)
[2025-07-01T12:47:57.304+0000] {spark_submit.py:491} INFO - at org.apache.spark.network.server.TransportChannelHandler.channelRead0(TransportChannelHandler.java:140)
[2025-07-01T12:47:57.304+0000] {spark_submit.py:491} INFO - at org.apache.spark.network.server.TransportChannelHandler.channelRead0(TransportChannelHandler.java:53)
[2025-07-01T12:47:57.304+0000] {spark_submit.py:491} INFO - at io.netty.channel.SimpleChannelInboundHandler.channelRead(SimpleChannelInboundHandler.java:99)
[2025-07-01T12:47:57.304+0000] {spark_submit.py:491} INFO - at io.netty.channel.AbstractChannelHandlerContext.invokeChannelRead(AbstractChannelHandlerContext.java:444)
[2025-07-01T12:47:57.304+0000] {spark_submit.py:491} INFO - at io.netty.channel.AbstractChannelHandlerContext.invokeChannelRead(AbstractChannelHandlerContext.java:420)
[2025-07-01T12:47:57.304+0000] {spark_submit.py:491} INFO - at io.netty.channel.AbstractChannelHandlerContext.fireChannelRead(AbstractChannelHandlerContext.java:412)
[2025-07-01T12:47:57.304+0000] {spark_submit.py:491} INFO - at io.netty.handler.timeout.IdleStateHandler.channelRead(IdleStateHandler.java:286)
[2025-07-01T12:47:57.304+0000] {spark_submit.py:491} INFO - at io.netty.channel.AbstractChannelHandlerContext.invokeChannelRead(AbstractChannelHandlerContext.java:442)
[2025-07-01T12:47:57.304+0000] {spark_submit.py:491} INFO - at io.netty.channel.AbstractChannelHandlerContext.invokeChannelRead(AbstractChannelHandlerContext.java:420)
[2025-07-01T12:47:57.304+0000] {spark_submit.py:491} INFO - at io.netty.channel.AbstractChannelHandlerContext.fireChannelRead(AbstractChannelHandlerContext.java:412)
[2025-07-01T12:47:57.305+0000] {spark_submit.py:491} INFO - at io.netty.handler.codec.MessageToMessageDecoder.channelRead(MessageToMessageDecoder.java:103)
[2025-07-01T12:47:57.305+0000] {spark_submit.py:491} INFO - at io.netty.channel.AbstractChannelHandlerContext.invokeChannelRead(AbstractChannelHandlerContext.java:444)
[2025-07-01T12:47:57.305+0000] {spark_submit.py:491} INFO - at io.netty.channel.AbstractChannelHandlerContext.invokeChannelRead(AbstractChannelHandlerContext.java:420)
[2025-07-01T12:47:57.305+0000] {spark_submit.py:491} INFO - at io.netty.channel.AbstractChannelHandlerContext.fireChannelRead(AbstractChannelHandlerContext.java:412)
[2025-07-01T12:47:57.305+0000] {spark_submit.py:491} INFO - at org.apache.spark.network.util.TransportFrameDecoder.channelRead(TransportFrameDecoder.java:102)
[2025-07-01T12:47:57.305+0000] {spark_submit.py:491} INFO - at io.netty.channel.AbstractChannelHandlerContext.invokeChannelRead(AbstractChannelHandlerContext.java:444)
[2025-07-01T12:47:57.305+0000] {spark_submit.py:491} INFO - at io.netty.channel.AbstractChannelHandlerContext.invokeChannelRead(AbstractChannelHandlerContext.java:420)
[2025-07-01T12:47:57.305+0000] {spark_submit.py:491} INFO - at io.netty.channel.AbstractChannelHandlerContext.fireChannelRead(AbstractChannelHandlerContext.java:412)
[2025-07-01T12:47:57.305+0000] {spark_submit.py:491} INFO - at io.netty.channel.DefaultChannelPipeline$HeadContext.channelRead(DefaultChannelPipeline.java:1410)
[2025-07-01T12:47:57.305+0000] {spark_submit.py:491} INFO - at io.netty.channel.AbstractChannelHandlerContext.invokeChannelRead(AbstractChannelHandlerContext.java:440)
[2025-07-01T12:47:57.305+0000] {spark_submit.py:491} INFO - at io.netty.channel.AbstractChannelHandlerContext.invokeChannelRead(AbstractChannelHandlerContext.java:420)
[2025-07-01T12:47:57.305+0000] {spark_submit.py:491} INFO - at io.netty.channel.DefaultChannelPipeline.fireChannelRead(DefaultChannelPipeline.java:919)
[2025-07-01T12:47:57.305+0000] {spark_submit.py:491} INFO - at io.netty.channel.nio.AbstractNioByteChannel$NioByteUnsafe.read(AbstractNioByteChannel.java:166)
[2025-07-01T12:47:57.305+0000] {spark_submit.py:491} INFO - at io.netty.channel.nio.NioEventLoop.processSelectedKey(NioEventLoop.java:788)
[2025-07-01T12:47:57.306+0000] {spark_submit.py:491} INFO - at io.netty.channel.nio.NioEventLoop.processSelectedKeysOptimized(NioEventLoop.java:724)
[2025-07-01T12:47:57.306+0000] {spark_submit.py:491} INFO - at io.netty.channel.nio.NioEventLoop.processSelectedKeys(NioEventLoop.java:650)
[2025-07-01T12:47:57.306+0000] {spark_submit.py:491} INFO - at io.netty.channel.nio.NioEventLoop.run(NioEventLoop.java:562)
[2025-07-01T12:47:57.306+0000] {spark_submit.py:491} INFO - at io.netty.util.concurrent.SingleThreadEventExecutor$4.run(SingleThreadEventExecutor.java:997)
[2025-07-01T12:47:57.306+0000] {spark_submit.py:491} INFO - at io.netty.util.internal.ThreadExecutorMap$2.run(ThreadExecutorMap.java:74)
[2025-07-01T12:47:57.306+0000] {spark_submit.py:491} INFO - at io.netty.util.concurrent.FastThreadLocalRunnable.run(FastThreadLocalRunnable.java:30)
[2025-07-01T12:47:57.306+0000] {spark_submit.py:491} INFO - at java.base/java.lang.Thread.run(Unknown Source)
[2025-07-01T12:47:57.306+0000] {spark_submit.py:491} INFO - 
[2025-07-01T12:47:57.306+0000] {spark_submit.py:491} INFO - at org.apache.spark.network.client.TransportResponseHandler.handle(TransportResponseHandler.java:217)
[2025-07-01T12:47:57.306+0000] {spark_submit.py:491} INFO - at org.apache.spark.network.server.TransportChannelHandler.channelRead0(TransportChannelHandler.java:145)
[2025-07-01T12:47:57.306+0000] {spark_submit.py:491} INFO - at org.apache.spark.network.server.TransportChannelHandler.channelRead0(TransportChannelHandler.java:55)
[2025-07-01T12:47:57.306+0000] {spark_submit.py:491} INFO - at io.netty.channel.SimpleChannelInboundHandler.channelRead(SimpleChannelInboundHandler.java:99)
[2025-07-01T12:47:57.306+0000] {spark_submit.py:491} INFO - at io.netty.channel.AbstractChannelHandlerContext.invokeChannelRead(AbstractChannelHandlerContext.java:444)
[2025-07-01T12:47:57.306+0000] {spark_submit.py:491} INFO - at io.netty.channel.AbstractChannelHandlerContext.invokeChannelRead(AbstractChannelHandlerContext.java:420)
[2025-07-01T12:47:57.307+0000] {spark_submit.py:491} INFO - at io.netty.channel.AbstractChannelHandlerContext.fireChannelRead(AbstractChannelHandlerContext.java:412)
[2025-07-01T12:47:57.307+0000] {spark_submit.py:491} INFO - at io.netty.handler.timeout.IdleStateHandler.channelRead(IdleStateHandler.java:289)
[2025-07-01T12:47:57.307+0000] {spark_submit.py:491} INFO - at io.netty.channel.AbstractChannelHandlerContext.invokeChannelRead(AbstractChannelHandlerContext.java:442)
[2025-07-01T12:47:57.307+0000] {spark_submit.py:491} INFO - at io.netty.channel.AbstractChannelHandlerContext.invokeChannelRead(AbstractChannelHandlerContext.java:420)
[2025-07-01T12:47:57.307+0000] {spark_submit.py:491} INFO - at io.netty.channel.AbstractChannelHandlerContext.fireChannelRead(AbstractChannelHandlerContext.java:412)
[2025-07-01T12:47:57.307+0000] {spark_submit.py:491} INFO - at io.netty.handler.codec.MessageToMessageDecoder.channelRead(MessageToMessageDecoder.java:107)
[2025-07-01T12:47:57.307+0000] {spark_submit.py:491} INFO - at io.netty.channel.AbstractChannelHandlerContext.invokeChannelRead(AbstractChannelHandlerContext.java:444)
[2025-07-01T12:47:57.307+0000] {spark_submit.py:491} INFO - at io.netty.channel.AbstractChannelHandlerContext.invokeChannelRead(AbstractChannelHandlerContext.java:420)
[2025-07-01T12:47:57.307+0000] {spark_submit.py:491} INFO - at io.netty.channel.AbstractChannelHandlerContext.fireChannelRead(AbstractChannelHandlerContext.java:412)
[2025-07-01T12:47:57.307+0000] {spark_submit.py:491} INFO - at org.apache.spark.network.util.TransportFrameDecoder.channelRead(TransportFrameDecoder.java:102)
[2025-07-01T12:47:57.307+0000] {spark_submit.py:491} INFO - at io.netty.channel.AbstractChannelHandlerContext.invokeChannelRead(AbstractChannelHandlerContext.java:444)
[2025-07-01T12:47:57.307+0000] {spark_submit.py:491} INFO - at io.netty.channel.AbstractChannelHandlerContext.invokeChannelRead(AbstractChannelHandlerContext.java:420)
[2025-07-01T12:47:57.307+0000] {spark_submit.py:491} INFO - at io.netty.channel.AbstractChannelHandlerContext.fireChannelRead(AbstractChannelHandlerContext.java:412)
[2025-07-01T12:47:57.308+0000] {spark_submit.py:491} INFO - at io.netty.channel.DefaultChannelPipeline$HeadContext.channelRead(DefaultChannelPipeline.java:1357)
[2025-07-01T12:47:57.308+0000] {spark_submit.py:491} INFO - at io.netty.channel.AbstractChannelHandlerContext.invokeChannelRead(AbstractChannelHandlerContext.java:440)
[2025-07-01T12:47:57.308+0000] {spark_submit.py:491} INFO - at io.netty.channel.AbstractChannelHandlerContext.invokeChannelRead(AbstractChannelHandlerContext.java:420)
[2025-07-01T12:47:57.308+0000] {spark_submit.py:491} INFO - at io.netty.channel.DefaultChannelPipeline.fireChannelRead(DefaultChannelPipeline.java:868)
[2025-07-01T12:47:57.308+0000] {spark_submit.py:491} INFO - at io.netty.channel.nio.AbstractNioByteChannel$NioByteUnsafe.read(AbstractNioByteChannel.java:166)
[2025-07-01T12:47:57.308+0000] {spark_submit.py:491} INFO - at io.netty.channel.nio.NioEventLoop.processSelectedKey(NioEventLoop.java:796)
[2025-07-01T12:47:57.308+0000] {spark_submit.py:491} INFO - at io.netty.channel.nio.NioEventLoop.processSelectedKeysOptimized(NioEventLoop.java:732)
[2025-07-01T12:47:57.308+0000] {spark_submit.py:491} INFO - at io.netty.channel.nio.NioEventLoop.processSelectedKeys(NioEventLoop.java:658)
[2025-07-01T12:47:57.308+0000] {spark_submit.py:491} INFO - at io.netty.channel.nio.NioEventLoop.run(NioEventLoop.java:562)
[2025-07-01T12:47:57.308+0000] {spark_submit.py:491} INFO - at io.netty.util.concurrent.SingleThreadEventExecutor$4.run(SingleThreadEventExecutor.java:998)
[2025-07-01T12:47:57.308+0000] {spark_submit.py:491} INFO - at io.netty.util.internal.ThreadExecutorMap$2.run(ThreadExecutorMap.java:74)
[2025-07-01T12:47:57.308+0000] {spark_submit.py:491} INFO - at io.netty.util.concurrent.FastThreadLocalRunnable.run(FastThreadLocalRunnable.java:30)
[2025-07-01T12:47:57.308+0000] {spark_submit.py:491} INFO - ... 1 more
[2025-07-01T12:48:17.276+0000] {spark_submit.py:491} INFO - 25/07/01 12:48:17 INFO StandaloneAppClient$ClientEndpoint: Connecting to master spark://spark-master:7077...
[2025-07-01T12:48:17.284+0000] {spark_submit.py:491} INFO - 25/07/01 12:48:17 WARN StandaloneAppClient$ClientEndpoint: Failed to connect to master spark-master:7077
[2025-07-01T12:48:17.285+0000] {spark_submit.py:491} INFO - org.apache.spark.SparkException: Exception thrown in awaitResult:
[2025-07-01T12:48:17.285+0000] {spark_submit.py:491} INFO - at org.apache.spark.util.SparkThreadUtils$.awaitResult(SparkThreadUtils.scala:53)
[2025-07-01T12:48:17.285+0000] {spark_submit.py:491} INFO - at org.apache.spark.util.ThreadUtils$.awaitResult(ThreadUtils.scala:342)
[2025-07-01T12:48:17.286+0000] {spark_submit.py:491} INFO - at org.apache.spark.rpc.RpcTimeout.awaitResult(RpcTimeout.scala:75)
[2025-07-01T12:48:17.286+0000] {spark_submit.py:491} INFO - at org.apache.spark.rpc.RpcEnv.setupEndpointRefByURI(RpcEnv.scala:102)
[2025-07-01T12:48:17.286+0000] {spark_submit.py:491} INFO - at org.apache.spark.rpc.RpcEnv.setupEndpointRef(RpcEnv.scala:110)
[2025-07-01T12:48:17.286+0000] {spark_submit.py:491} INFO - at org.apache.spark.deploy.client.StandaloneAppClient$ClientEndpoint$$anon$1.run(StandaloneAppClient.scala:110)
[2025-07-01T12:48:17.286+0000] {spark_submit.py:491} INFO - at java.base/java.util.concurrent.Executors$RunnableAdapter.call(Executors.java:539)
[2025-07-01T12:48:17.286+0000] {spark_submit.py:491} INFO - at java.base/java.util.concurrent.FutureTask.run(FutureTask.java:264)
[2025-07-01T12:48:17.287+0000] {spark_submit.py:491} INFO - at java.base/java.util.concurrent.ThreadPoolExecutor.runWorker(ThreadPoolExecutor.java:1136)
[2025-07-01T12:48:17.287+0000] {spark_submit.py:491} INFO - at java.base/java.util.concurrent.ThreadPoolExecutor$Worker.run(ThreadPoolExecutor.java:635)
[2025-07-01T12:48:17.287+0000] {spark_submit.py:491} INFO - at java.base/java.lang.Thread.run(Thread.java:840)
[2025-07-01T12:48:17.288+0000] {spark_submit.py:491} INFO - Caused by: java.lang.RuntimeException: java.io.InvalidClassException: org.apache.spark.rpc.netty.RpcEndpointVerifier$CheckExistence; local class incompatible: stream classdesc serialVersionUID = 5378738997755484868, local class serialVersionUID = 7789290765573734431
[2025-07-01T12:48:17.288+0000] {spark_submit.py:491} INFO - at java.base/java.io.ObjectStreamClass.initNonProxy(Unknown Source)
[2025-07-01T12:48:17.288+0000] {spark_submit.py:491} INFO - at java.base/java.io.ObjectInputStream.readNonProxyDesc(Unknown Source)
[2025-07-01T12:48:17.288+0000] {spark_submit.py:491} INFO - at java.base/java.io.ObjectInputStream.readClassDesc(Unknown Source)
[2025-07-01T12:48:17.288+0000] {spark_submit.py:491} INFO - at java.base/java.io.ObjectInputStream.readOrdinaryObject(Unknown Source)
[2025-07-01T12:48:17.289+0000] {spark_submit.py:491} INFO - at java.base/java.io.ObjectInputStream.readObject0(Unknown Source)
[2025-07-01T12:48:17.289+0000] {spark_submit.py:491} INFO - at java.base/java.io.ObjectInputStream.readObject(Unknown Source)
[2025-07-01T12:48:17.289+0000] {spark_submit.py:491} INFO - at java.base/java.io.ObjectInputStream.readObject(Unknown Source)
[2025-07-01T12:48:17.289+0000] {spark_submit.py:491} INFO - at org.apache.spark.serializer.JavaDeserializationStream.readObject(JavaSerializer.scala:87)
[2025-07-01T12:48:17.290+0000] {spark_submit.py:491} INFO - at org.apache.spark.serializer.JavaSerializerInstance.deserialize(JavaSerializer.scala:123)
[2025-07-01T12:48:17.290+0000] {spark_submit.py:491} INFO - at org.apache.spark.rpc.netty.NettyRpcEnv.$anonfun$deserialize$2(NettyRpcEnv.scala:299)
[2025-07-01T12:48:17.290+0000] {spark_submit.py:491} INFO - at scala.util.DynamicVariable.withValue(DynamicVariable.scala:62)
[2025-07-01T12:48:17.290+0000] {spark_submit.py:491} INFO - at org.apache.spark.rpc.netty.NettyRpcEnv.deserialize(NettyRpcEnv.scala:352)
[2025-07-01T12:48:17.290+0000] {spark_submit.py:491} INFO - at org.apache.spark.rpc.netty.NettyRpcEnv.$anonfun$deserialize$1(NettyRpcEnv.scala:298)
[2025-07-01T12:48:17.291+0000] {spark_submit.py:491} INFO - at scala.util.DynamicVariable.withValue(DynamicVariable.scala:62)
[2025-07-01T12:48:17.291+0000] {spark_submit.py:491} INFO - at org.apache.spark.rpc.netty.NettyRpcEnv.deserialize(NettyRpcEnv.scala:298)
[2025-07-01T12:48:17.291+0000] {spark_submit.py:491} INFO - at org.apache.spark.rpc.netty.RequestMessage$.apply(NettyRpcEnv.scala:646)
[2025-07-01T12:48:17.291+0000] {spark_submit.py:491} INFO - at org.apache.spark.rpc.netty.NettyRpcHandler.internalReceive(NettyRpcEnv.scala:697)
[2025-07-01T12:48:17.291+0000] {spark_submit.py:491} INFO - at org.apache.spark.rpc.netty.NettyRpcHandler.receive(NettyRpcEnv.scala:682)
[2025-07-01T12:48:17.291+0000] {spark_submit.py:491} INFO - at org.apache.spark.network.server.TransportRequestHandler.processRpcRequest(TransportRequestHandler.java:163)
[2025-07-01T12:48:17.291+0000] {spark_submit.py:491} INFO - at org.apache.spark.network.server.TransportRequestHandler.handle(TransportRequestHandler.java:109)
[2025-07-01T12:48:17.292+0000] {spark_submit.py:491} INFO - at org.apache.spark.network.server.TransportChannelHandler.channelRead0(TransportChannelHandler.java:140)
[2025-07-01T12:48:17.292+0000] {spark_submit.py:491} INFO - at org.apache.spark.network.server.TransportChannelHandler.channelRead0(TransportChannelHandler.java:53)
[2025-07-01T12:48:17.292+0000] {spark_submit.py:491} INFO - at io.netty.channel.SimpleChannelInboundHandler.channelRead(SimpleChannelInboundHandler.java:99)
[2025-07-01T12:48:17.292+0000] {spark_submit.py:491} INFO - at io.netty.channel.AbstractChannelHandlerContext.invokeChannelRead(AbstractChannelHandlerContext.java:444)
[2025-07-01T12:48:17.292+0000] {spark_submit.py:491} INFO - at io.netty.channel.AbstractChannelHandlerContext.invokeChannelRead(AbstractChannelHandlerContext.java:420)
[2025-07-01T12:48:17.292+0000] {spark_submit.py:491} INFO - at io.netty.channel.AbstractChannelHandlerContext.fireChannelRead(AbstractChannelHandlerContext.java:412)
[2025-07-01T12:48:17.292+0000] {spark_submit.py:491} INFO - at io.netty.handler.timeout.IdleStateHandler.channelRead(IdleStateHandler.java:286)
[2025-07-01T12:48:17.293+0000] {spark_submit.py:491} INFO - at io.netty.channel.AbstractChannelHandlerContext.invokeChannelRead(AbstractChannelHandlerContext.java:442)
[2025-07-01T12:48:17.293+0000] {spark_submit.py:491} INFO - at io.netty.channel.AbstractChannelHandlerContext.invokeChannelRead(AbstractChannelHandlerContext.java:420)
[2025-07-01T12:48:17.293+0000] {spark_submit.py:491} INFO - at io.netty.channel.AbstractChannelHandlerContext.fireChannelRead(AbstractChannelHandlerContext.java:412)
[2025-07-01T12:48:17.293+0000] {spark_submit.py:491} INFO - at io.netty.handler.codec.MessageToMessageDecoder.channelRead(MessageToMessageDecoder.java:103)
[2025-07-01T12:48:17.293+0000] {spark_submit.py:491} INFO - at io.netty.channel.AbstractChannelHandlerContext.invokeChannelRead(AbstractChannelHandlerContext.java:444)
[2025-07-01T12:48:17.293+0000] {spark_submit.py:491} INFO - at io.netty.channel.AbstractChannelHandlerContext.invokeChannelRead(AbstractChannelHandlerContext.java:420)
[2025-07-01T12:48:17.293+0000] {spark_submit.py:491} INFO - at io.netty.channel.AbstractChannelHandlerContext.fireChannelRead(AbstractChannelHandlerContext.java:412)
[2025-07-01T12:48:17.294+0000] {spark_submit.py:491} INFO - at org.apache.spark.network.util.TransportFrameDecoder.channelRead(TransportFrameDecoder.java:102)
[2025-07-01T12:48:17.294+0000] {spark_submit.py:491} INFO - at io.netty.channel.AbstractChannelHandlerContext.invokeChannelRead(AbstractChannelHandlerContext.java:444)
[2025-07-01T12:48:17.294+0000] {spark_submit.py:491} INFO - at io.netty.channel.AbstractChannelHandlerContext.invokeChannelRead(AbstractChannelHandlerContext.java:420)
[2025-07-01T12:48:17.294+0000] {spark_submit.py:491} INFO - at io.netty.channel.AbstractChannelHandlerContext.fireChannelRead(AbstractChannelHandlerContext.java:412)
[2025-07-01T12:48:17.294+0000] {spark_submit.py:491} INFO - at io.netty.channel.DefaultChannelPipeline$HeadContext.channelRead(DefaultChannelPipeline.java:1410)
[2025-07-01T12:48:17.294+0000] {spark_submit.py:491} INFO - at io.netty.channel.AbstractChannelHandlerContext.invokeChannelRead(AbstractChannelHandlerContext.java:440)
[2025-07-01T12:48:17.294+0000] {spark_submit.py:491} INFO - at io.netty.channel.AbstractChannelHandlerContext.invokeChannelRead(AbstractChannelHandlerContext.java:420)
[2025-07-01T12:48:17.295+0000] {spark_submit.py:491} INFO - at io.netty.channel.DefaultChannelPipeline.fireChannelRead(DefaultChannelPipeline.java:919)
[2025-07-01T12:48:17.295+0000] {spark_submit.py:491} INFO - at io.netty.channel.nio.AbstractNioByteChannel$NioByteUnsafe.read(AbstractNioByteChannel.java:166)
[2025-07-01T12:48:17.295+0000] {spark_submit.py:491} INFO - at io.netty.channel.nio.NioEventLoop.processSelectedKey(NioEventLoop.java:788)
[2025-07-01T12:48:17.295+0000] {spark_submit.py:491} INFO - at io.netty.channel.nio.NioEventLoop.processSelectedKeysOptimized(NioEventLoop.java:724)
[2025-07-01T12:48:17.295+0000] {spark_submit.py:491} INFO - at io.netty.channel.nio.NioEventLoop.processSelectedKeys(NioEventLoop.java:650)
[2025-07-01T12:48:17.295+0000] {spark_submit.py:491} INFO - at io.netty.channel.nio.NioEventLoop.run(NioEventLoop.java:562)
[2025-07-01T12:48:17.295+0000] {spark_submit.py:491} INFO - at io.netty.util.concurrent.SingleThreadEventExecutor$4.run(SingleThreadEventExecutor.java:997)
[2025-07-01T12:48:17.295+0000] {spark_submit.py:491} INFO - at io.netty.util.internal.ThreadExecutorMap$2.run(ThreadExecutorMap.java:74)
[2025-07-01T12:48:17.296+0000] {spark_submit.py:491} INFO - at io.netty.util.concurrent.FastThreadLocalRunnable.run(FastThreadLocalRunnable.java:30)
[2025-07-01T12:48:17.296+0000] {spark_submit.py:491} INFO - at java.base/java.lang.Thread.run(Unknown Source)
[2025-07-01T12:48:17.296+0000] {spark_submit.py:491} INFO - 
[2025-07-01T12:48:17.296+0000] {spark_submit.py:491} INFO - at org.apache.spark.network.client.TransportResponseHandler.handle(TransportResponseHandler.java:217)
[2025-07-01T12:48:17.296+0000] {spark_submit.py:491} INFO - at org.apache.spark.network.server.TransportChannelHandler.channelRead0(TransportChannelHandler.java:145)
[2025-07-01T12:48:17.296+0000] {spark_submit.py:491} INFO - at org.apache.spark.network.server.TransportChannelHandler.channelRead0(TransportChannelHandler.java:55)
[2025-07-01T12:48:17.296+0000] {spark_submit.py:491} INFO - at io.netty.channel.SimpleChannelInboundHandler.channelRead(SimpleChannelInboundHandler.java:99)
[2025-07-01T12:48:17.296+0000] {spark_submit.py:491} INFO - at io.netty.channel.AbstractChannelHandlerContext.invokeChannelRead(AbstractChannelHandlerContext.java:444)
[2025-07-01T12:48:17.297+0000] {spark_submit.py:491} INFO - at io.netty.channel.AbstractChannelHandlerContext.invokeChannelRead(AbstractChannelHandlerContext.java:420)
[2025-07-01T12:48:17.297+0000] {spark_submit.py:491} INFO - at io.netty.channel.AbstractChannelHandlerContext.fireChannelRead(AbstractChannelHandlerContext.java:412)
[2025-07-01T12:48:17.297+0000] {spark_submit.py:491} INFO - at io.netty.handler.timeout.IdleStateHandler.channelRead(IdleStateHandler.java:289)
[2025-07-01T12:48:17.297+0000] {spark_submit.py:491} INFO - at io.netty.channel.AbstractChannelHandlerContext.invokeChannelRead(AbstractChannelHandlerContext.java:442)
[2025-07-01T12:48:17.297+0000] {spark_submit.py:491} INFO - at io.netty.channel.AbstractChannelHandlerContext.invokeChannelRead(AbstractChannelHandlerContext.java:420)
[2025-07-01T12:48:17.297+0000] {spark_submit.py:491} INFO - at io.netty.channel.AbstractChannelHandlerContext.fireChannelRead(AbstractChannelHandlerContext.java:412)
[2025-07-01T12:48:17.298+0000] {spark_submit.py:491} INFO - at io.netty.handler.codec.MessageToMessageDecoder.channelRead(MessageToMessageDecoder.java:107)
[2025-07-01T12:48:17.298+0000] {spark_submit.py:491} INFO - at io.netty.channel.AbstractChannelHandlerContext.invokeChannelRead(AbstractChannelHandlerContext.java:444)
[2025-07-01T12:48:17.298+0000] {spark_submit.py:491} INFO - at io.netty.channel.AbstractChannelHandlerContext.invokeChannelRead(AbstractChannelHandlerContext.java:420)
[2025-07-01T12:48:17.298+0000] {spark_submit.py:491} INFO - at io.netty.channel.AbstractChannelHandlerContext.fireChannelRead(AbstractChannelHandlerContext.java:412)
[2025-07-01T12:48:17.298+0000] {spark_submit.py:491} INFO - at org.apache.spark.network.util.TransportFrameDecoder.channelRead(TransportFrameDecoder.java:102)
[2025-07-01T12:48:17.298+0000] {spark_submit.py:491} INFO - at io.netty.channel.AbstractChannelHandlerContext.invokeChannelRead(AbstractChannelHandlerContext.java:444)
[2025-07-01T12:48:17.298+0000] {spark_submit.py:491} INFO - at io.netty.channel.AbstractChannelHandlerContext.invokeChannelRead(AbstractChannelHandlerContext.java:420)
[2025-07-01T12:48:17.298+0000] {spark_submit.py:491} INFO - at io.netty.channel.AbstractChannelHandlerContext.fireChannelRead(AbstractChannelHandlerContext.java:412)
[2025-07-01T12:48:17.299+0000] {spark_submit.py:491} INFO - at io.netty.channel.DefaultChannelPipeline$HeadContext.channelRead(DefaultChannelPipeline.java:1357)
[2025-07-01T12:48:17.299+0000] {spark_submit.py:491} INFO - at io.netty.channel.AbstractChannelHandlerContext.invokeChannelRead(AbstractChannelHandlerContext.java:440)
[2025-07-01T12:48:17.299+0000] {spark_submit.py:491} INFO - at io.netty.channel.AbstractChannelHandlerContext.invokeChannelRead(AbstractChannelHandlerContext.java:420)
[2025-07-01T12:48:17.299+0000] {spark_submit.py:491} INFO - at io.netty.channel.DefaultChannelPipeline.fireChannelRead(DefaultChannelPipeline.java:868)
[2025-07-01T12:48:17.299+0000] {spark_submit.py:491} INFO - at io.netty.channel.nio.AbstractNioByteChannel$NioByteUnsafe.read(AbstractNioByteChannel.java:166)
[2025-07-01T12:48:17.299+0000] {spark_submit.py:491} INFO - at io.netty.channel.nio.NioEventLoop.processSelectedKey(NioEventLoop.java:796)
[2025-07-01T12:48:17.300+0000] {spark_submit.py:491} INFO - at io.netty.channel.nio.NioEventLoop.processSelectedKeysOptimized(NioEventLoop.java:732)
[2025-07-01T12:48:17.300+0000] {spark_submit.py:491} INFO - at io.netty.channel.nio.NioEventLoop.processSelectedKeys(NioEventLoop.java:658)
[2025-07-01T12:48:17.300+0000] {spark_submit.py:491} INFO - at io.netty.channel.nio.NioEventLoop.run(NioEventLoop.java:562)
[2025-07-01T12:48:17.300+0000] {spark_submit.py:491} INFO - at io.netty.util.concurrent.SingleThreadEventExecutor$4.run(SingleThreadEventExecutor.java:998)
[2025-07-01T12:48:17.300+0000] {spark_submit.py:491} INFO - at io.netty.util.internal.ThreadExecutorMap$2.run(ThreadExecutorMap.java:74)
[2025-07-01T12:48:17.300+0000] {spark_submit.py:491} INFO - at io.netty.util.concurrent.FastThreadLocalRunnable.run(FastThreadLocalRunnable.java:30)
[2025-07-01T12:48:17.300+0000] {spark_submit.py:491} INFO - ... 1 more
[2025-07-01T12:48:37.280+0000] {spark_submit.py:491} INFO - 25/07/01 12:48:37 INFO StandaloneAppClient$ClientEndpoint: Connecting to master spark://spark-master:7077...
[2025-07-01T12:48:37.287+0000] {spark_submit.py:491} INFO - 25/07/01 12:48:37 WARN StandaloneAppClient$ClientEndpoint: Failed to connect to master spark-master:7077
[2025-07-01T12:48:37.288+0000] {spark_submit.py:491} INFO - org.apache.spark.SparkException: Exception thrown in awaitResult:
[2025-07-01T12:48:37.288+0000] {spark_submit.py:491} INFO - at org.apache.spark.util.SparkThreadUtils$.awaitResult(SparkThreadUtils.scala:53)
[2025-07-01T12:48:37.288+0000] {spark_submit.py:491} INFO - at org.apache.spark.util.ThreadUtils$.awaitResult(ThreadUtils.scala:342)
[2025-07-01T12:48:37.288+0000] {spark_submit.py:491} INFO - at org.apache.spark.rpc.RpcTimeout.awaitResult(RpcTimeout.scala:75)
[2025-07-01T12:48:37.289+0000] {spark_submit.py:491} INFO - at org.apache.spark.rpc.RpcEnv.setupEndpointRefByURI(RpcEnv.scala:102)
[2025-07-01T12:48:37.289+0000] {spark_submit.py:491} INFO - at org.apache.spark.rpc.RpcEnv.setupEndpointRef(RpcEnv.scala:110)
[2025-07-01T12:48:37.289+0000] {spark_submit.py:491} INFO - at org.apache.spark.deploy.client.StandaloneAppClient$ClientEndpoint$$anon$1.run(StandaloneAppClient.scala:110)
[2025-07-01T12:48:37.289+0000] {spark_submit.py:491} INFO - at java.base/java.util.concurrent.Executors$RunnableAdapter.call(Executors.java:539)
[2025-07-01T12:48:37.290+0000] {spark_submit.py:491} INFO - at java.base/java.util.concurrent.FutureTask.run(FutureTask.java:264)
[2025-07-01T12:48:37.290+0000] {spark_submit.py:491} INFO - at java.base/java.util.concurrent.ThreadPoolExecutor.runWorker(ThreadPoolExecutor.java:1136)
[2025-07-01T12:48:37.290+0000] {spark_submit.py:491} INFO - at java.base/java.util.concurrent.ThreadPoolExecutor$Worker.run(ThreadPoolExecutor.java:635)
[2025-07-01T12:48:37.290+0000] {spark_submit.py:491} INFO - at java.base/java.lang.Thread.run(Thread.java:840)
[2025-07-01T12:48:37.290+0000] {spark_submit.py:491} INFO - Caused by: java.lang.RuntimeException: java.io.InvalidClassException: org.apache.spark.rpc.netty.RpcEndpointVerifier$CheckExistence; local class incompatible: stream classdesc serialVersionUID = 5378738997755484868, local class serialVersionUID = 7789290765573734431
[2025-07-01T12:48:37.290+0000] {spark_submit.py:491} INFO - at java.base/java.io.ObjectStreamClass.initNonProxy(Unknown Source)
[2025-07-01T12:48:37.290+0000] {spark_submit.py:491} INFO - at java.base/java.io.ObjectInputStream.readNonProxyDesc(Unknown Source)
[2025-07-01T12:48:37.291+0000] {spark_submit.py:491} INFO - at java.base/java.io.ObjectInputStream.readClassDesc(Unknown Source)
[2025-07-01T12:48:37.291+0000] {spark_submit.py:491} INFO - at java.base/java.io.ObjectInputStream.readOrdinaryObject(Unknown Source)
[2025-07-01T12:48:37.291+0000] {spark_submit.py:491} INFO - at java.base/java.io.ObjectInputStream.readObject0(Unknown Source)
[2025-07-01T12:48:37.291+0000] {spark_submit.py:491} INFO - at java.base/java.io.ObjectInputStream.readObject(Unknown Source)
[2025-07-01T12:48:37.291+0000] {spark_submit.py:491} INFO - at java.base/java.io.ObjectInputStream.readObject(Unknown Source)
[2025-07-01T12:48:37.292+0000] {spark_submit.py:491} INFO - at org.apache.spark.serializer.JavaDeserializationStream.readObject(JavaSerializer.scala:87)
[2025-07-01T12:48:37.292+0000] {spark_submit.py:491} INFO - at org.apache.spark.serializer.JavaSerializerInstance.deserialize(JavaSerializer.scala:123)
[2025-07-01T12:48:37.292+0000] {spark_submit.py:491} INFO - at org.apache.spark.rpc.netty.NettyRpcEnv.$anonfun$deserialize$2(NettyRpcEnv.scala:299)
[2025-07-01T12:48:37.292+0000] {spark_submit.py:491} INFO - at scala.util.DynamicVariable.withValue(DynamicVariable.scala:62)
[2025-07-01T12:48:37.292+0000] {spark_submit.py:491} INFO - at org.apache.spark.rpc.netty.NettyRpcEnv.deserialize(NettyRpcEnv.scala:352)
[2025-07-01T12:48:37.292+0000] {spark_submit.py:491} INFO - at org.apache.spark.rpc.netty.NettyRpcEnv.$anonfun$deserialize$1(NettyRpcEnv.scala:298)
[2025-07-01T12:48:37.293+0000] {spark_submit.py:491} INFO - at scala.util.DynamicVariable.withValue(DynamicVariable.scala:62)
[2025-07-01T12:48:37.293+0000] {spark_submit.py:491} INFO - at org.apache.spark.rpc.netty.NettyRpcEnv.deserialize(NettyRpcEnv.scala:298)
[2025-07-01T12:48:37.293+0000] {spark_submit.py:491} INFO - at org.apache.spark.rpc.netty.RequestMessage$.apply(NettyRpcEnv.scala:646)
[2025-07-01T12:48:37.293+0000] {spark_submit.py:491} INFO - at org.apache.spark.rpc.netty.NettyRpcHandler.internalReceive(NettyRpcEnv.scala:697)
[2025-07-01T12:48:37.293+0000] {spark_submit.py:491} INFO - at org.apache.spark.rpc.netty.NettyRpcHandler.receive(NettyRpcEnv.scala:682)
[2025-07-01T12:48:37.293+0000] {spark_submit.py:491} INFO - at org.apache.spark.network.server.TransportRequestHandler.processRpcRequest(TransportRequestHandler.java:163)
[2025-07-01T12:48:37.293+0000] {spark_submit.py:491} INFO - at org.apache.spark.network.server.TransportRequestHandler.handle(TransportRequestHandler.java:109)
[2025-07-01T12:48:37.293+0000] {spark_submit.py:491} INFO - at org.apache.spark.network.server.TransportChannelHandler.channelRead0(TransportChannelHandler.java:140)
[2025-07-01T12:48:37.294+0000] {spark_submit.py:491} INFO - at org.apache.spark.network.server.TransportChannelHandler.channelRead0(TransportChannelHandler.java:53)
[2025-07-01T12:48:37.294+0000] {spark_submit.py:491} INFO - at io.netty.channel.SimpleChannelInboundHandler.channelRead(SimpleChannelInboundHandler.java:99)
[2025-07-01T12:48:37.294+0000] {spark_submit.py:491} INFO - at io.netty.channel.AbstractChannelHandlerContext.invokeChannelRead(AbstractChannelHandlerContext.java:444)
[2025-07-01T12:48:37.294+0000] {spark_submit.py:491} INFO - at io.netty.channel.AbstractChannelHandlerContext.invokeChannelRead(AbstractChannelHandlerContext.java:420)
[2025-07-01T12:48:37.294+0000] {spark_submit.py:491} INFO - at io.netty.channel.AbstractChannelHandlerContext.fireChannelRead(AbstractChannelHandlerContext.java:412)
[2025-07-01T12:48:37.295+0000] {spark_submit.py:491} INFO - at io.netty.handler.timeout.IdleStateHandler.channelRead(IdleStateHandler.java:286)
[2025-07-01T12:48:37.295+0000] {spark_submit.py:491} INFO - at io.netty.channel.AbstractChannelHandlerContext.invokeChannelRead(AbstractChannelHandlerContext.java:442)
[2025-07-01T12:48:37.295+0000] {spark_submit.py:491} INFO - at io.netty.channel.AbstractChannelHandlerContext.invokeChannelRead(AbstractChannelHandlerContext.java:420)
[2025-07-01T12:48:37.295+0000] {spark_submit.py:491} INFO - at io.netty.channel.AbstractChannelHandlerContext.fireChannelRead(AbstractChannelHandlerContext.java:412)
[2025-07-01T12:48:37.295+0000] {spark_submit.py:491} INFO - at io.netty.handler.codec.MessageToMessageDecoder.channelRead(MessageToMessageDecoder.java:103)
[2025-07-01T12:48:37.295+0000] {spark_submit.py:491} INFO - at io.netty.channel.AbstractChannelHandlerContext.invokeChannelRead(AbstractChannelHandlerContext.java:444)
[2025-07-01T12:48:37.295+0000] {spark_submit.py:491} INFO - at io.netty.channel.AbstractChannelHandlerContext.invokeChannelRead(AbstractChannelHandlerContext.java:420)
[2025-07-01T12:48:37.295+0000] {spark_submit.py:491} INFO - at io.netty.channel.AbstractChannelHandlerContext.fireChannelRead(AbstractChannelHandlerContext.java:412)
[2025-07-01T12:48:37.295+0000] {spark_submit.py:491} INFO - at org.apache.spark.network.util.TransportFrameDecoder.channelRead(TransportFrameDecoder.java:102)
[2025-07-01T12:48:37.295+0000] {spark_submit.py:491} INFO - at io.netty.channel.AbstractChannelHandlerContext.invokeChannelRead(AbstractChannelHandlerContext.java:444)
[2025-07-01T12:48:37.295+0000] {spark_submit.py:491} INFO - at io.netty.channel.AbstractChannelHandlerContext.invokeChannelRead(AbstractChannelHandlerContext.java:420)
[2025-07-01T12:48:37.296+0000] {spark_submit.py:491} INFO - at io.netty.channel.AbstractChannelHandlerContext.fireChannelRead(AbstractChannelHandlerContext.java:412)
[2025-07-01T12:48:37.296+0000] {spark_submit.py:491} INFO - at io.netty.channel.DefaultChannelPipeline$HeadContext.channelRead(DefaultChannelPipeline.java:1410)
[2025-07-01T12:48:37.296+0000] {spark_submit.py:491} INFO - at io.netty.channel.AbstractChannelHandlerContext.invokeChannelRead(AbstractChannelHandlerContext.java:440)
[2025-07-01T12:48:37.296+0000] {spark_submit.py:491} INFO - at io.netty.channel.AbstractChannelHandlerContext.invokeChannelRead(AbstractChannelHandlerContext.java:420)
[2025-07-01T12:48:37.297+0000] {spark_submit.py:491} INFO - at io.netty.channel.DefaultChannelPipeline.fireChannelRead(DefaultChannelPipeline.java:919)
[2025-07-01T12:48:37.297+0000] {spark_submit.py:491} INFO - at io.netty.channel.nio.AbstractNioByteChannel$NioByteUnsafe.read(AbstractNioByteChannel.java:166)
[2025-07-01T12:48:37.297+0000] {spark_submit.py:491} INFO - at io.netty.channel.nio.NioEventLoop.processSelectedKey(NioEventLoop.java:788)
[2025-07-01T12:48:37.297+0000] {spark_submit.py:491} INFO - at io.netty.channel.nio.NioEventLoop.processSelectedKeysOptimized(NioEventLoop.java:724)
[2025-07-01T12:48:37.297+0000] {spark_submit.py:491} INFO - at io.netty.channel.nio.NioEventLoop.processSelectedKeys(NioEventLoop.java:650)
[2025-07-01T12:48:37.297+0000] {spark_submit.py:491} INFO - at io.netty.channel.nio.NioEventLoop.run(NioEventLoop.java:562)
[2025-07-01T12:48:37.297+0000] {spark_submit.py:491} INFO - at io.netty.util.concurrent.SingleThreadEventExecutor$4.run(SingleThreadEventExecutor.java:997)
[2025-07-01T12:48:37.297+0000] {spark_submit.py:491} INFO - at io.netty.util.internal.ThreadExecutorMap$2.run(ThreadExecutorMap.java:74)
[2025-07-01T12:48:37.297+0000] {spark_submit.py:491} INFO - at io.netty.util.concurrent.FastThreadLocalRunnable.run(FastThreadLocalRunnable.java:30)
[2025-07-01T12:48:37.297+0000] {spark_submit.py:491} INFO - at java.base/java.lang.Thread.run(Unknown Source)
[2025-07-01T12:48:37.298+0000] {spark_submit.py:491} INFO - 
[2025-07-01T12:48:37.298+0000] {spark_submit.py:491} INFO - at org.apache.spark.network.client.TransportResponseHandler.handle(TransportResponseHandler.java:217)
[2025-07-01T12:48:37.298+0000] {spark_submit.py:491} INFO - at org.apache.spark.network.server.TransportChannelHandler.channelRead0(TransportChannelHandler.java:145)
[2025-07-01T12:48:37.298+0000] {spark_submit.py:491} INFO - at org.apache.spark.network.server.TransportChannelHandler.channelRead0(TransportChannelHandler.java:55)
[2025-07-01T12:48:37.298+0000] {spark_submit.py:491} INFO - at io.netty.channel.SimpleChannelInboundHandler.channelRead(SimpleChannelInboundHandler.java:99)
[2025-07-01T12:48:37.298+0000] {spark_submit.py:491} INFO - at io.netty.channel.AbstractChannelHandlerContext.invokeChannelRead(AbstractChannelHandlerContext.java:444)
[2025-07-01T12:48:37.298+0000] {spark_submit.py:491} INFO - at io.netty.channel.AbstractChannelHandlerContext.invokeChannelRead(AbstractChannelHandlerContext.java:420)
[2025-07-01T12:48:37.298+0000] {spark_submit.py:491} INFO - at io.netty.channel.AbstractChannelHandlerContext.fireChannelRead(AbstractChannelHandlerContext.java:412)
[2025-07-01T12:48:37.299+0000] {spark_submit.py:491} INFO - at io.netty.handler.timeout.IdleStateHandler.channelRead(IdleStateHandler.java:289)
[2025-07-01T12:48:37.299+0000] {spark_submit.py:491} INFO - at io.netty.channel.AbstractChannelHandlerContext.invokeChannelRead(AbstractChannelHandlerContext.java:442)
[2025-07-01T12:48:37.299+0000] {spark_submit.py:491} INFO - at io.netty.channel.AbstractChannelHandlerContext.invokeChannelRead(AbstractChannelHandlerContext.java:420)
[2025-07-01T12:48:37.299+0000] {spark_submit.py:491} INFO - at io.netty.channel.AbstractChannelHandlerContext.fireChannelRead(AbstractChannelHandlerContext.java:412)
[2025-07-01T12:48:37.299+0000] {spark_submit.py:491} INFO - at io.netty.handler.codec.MessageToMessageDecoder.channelRead(MessageToMessageDecoder.java:107)
[2025-07-01T12:48:37.299+0000] {spark_submit.py:491} INFO - at io.netty.channel.AbstractChannelHandlerContext.invokeChannelRead(AbstractChannelHandlerContext.java:444)
[2025-07-01T12:48:37.299+0000] {spark_submit.py:491} INFO - at io.netty.channel.AbstractChannelHandlerContext.invokeChannelRead(AbstractChannelHandlerContext.java:420)
[2025-07-01T12:48:37.299+0000] {spark_submit.py:491} INFO - at io.netty.channel.AbstractChannelHandlerContext.fireChannelRead(AbstractChannelHandlerContext.java:412)
[2025-07-01T12:48:37.300+0000] {spark_submit.py:491} INFO - at org.apache.spark.network.util.TransportFrameDecoder.channelRead(TransportFrameDecoder.java:102)
[2025-07-01T12:48:37.300+0000] {spark_submit.py:491} INFO - at io.netty.channel.AbstractChannelHandlerContext.invokeChannelRead(AbstractChannelHandlerContext.java:444)
[2025-07-01T12:48:37.300+0000] {spark_submit.py:491} INFO - at io.netty.channel.AbstractChannelHandlerContext.invokeChannelRead(AbstractChannelHandlerContext.java:420)
[2025-07-01T12:48:37.300+0000] {spark_submit.py:491} INFO - at io.netty.channel.AbstractChannelHandlerContext.fireChannelRead(AbstractChannelHandlerContext.java:412)
[2025-07-01T12:48:37.300+0000] {spark_submit.py:491} INFO - at io.netty.channel.DefaultChannelPipeline$HeadContext.channelRead(DefaultChannelPipeline.java:1357)
[2025-07-01T12:48:37.300+0000] {spark_submit.py:491} INFO - at io.netty.channel.AbstractChannelHandlerContext.invokeChannelRead(AbstractChannelHandlerContext.java:440)
[2025-07-01T12:48:37.300+0000] {spark_submit.py:491} INFO - at io.netty.channel.AbstractChannelHandlerContext.invokeChannelRead(AbstractChannelHandlerContext.java:420)
[2025-07-01T12:48:37.300+0000] {spark_submit.py:491} INFO - at io.netty.channel.DefaultChannelPipeline.fireChannelRead(DefaultChannelPipeline.java:868)
[2025-07-01T12:48:37.301+0000] {spark_submit.py:491} INFO - at io.netty.channel.nio.AbstractNioByteChannel$NioByteUnsafe.read(AbstractNioByteChannel.java:166)
[2025-07-01T12:48:37.301+0000] {spark_submit.py:491} INFO - at io.netty.channel.nio.NioEventLoop.processSelectedKey(NioEventLoop.java:796)
[2025-07-01T12:48:37.301+0000] {spark_submit.py:491} INFO - at io.netty.channel.nio.NioEventLoop.processSelectedKeysOptimized(NioEventLoop.java:732)
[2025-07-01T12:48:37.301+0000] {spark_submit.py:491} INFO - at io.netty.channel.nio.NioEventLoop.processSelectedKeys(NioEventLoop.java:658)
[2025-07-01T12:48:37.301+0000] {spark_submit.py:491} INFO - at io.netty.channel.nio.NioEventLoop.run(NioEventLoop.java:562)
[2025-07-01T12:48:37.301+0000] {spark_submit.py:491} INFO - at io.netty.util.concurrent.SingleThreadEventExecutor$4.run(SingleThreadEventExecutor.java:998)
[2025-07-01T12:48:37.301+0000] {spark_submit.py:491} INFO - at io.netty.util.internal.ThreadExecutorMap$2.run(ThreadExecutorMap.java:74)
[2025-07-01T12:48:37.301+0000] {spark_submit.py:491} INFO - at io.netty.util.concurrent.FastThreadLocalRunnable.run(FastThreadLocalRunnable.java:30)
[2025-07-01T12:48:37.301+0000] {spark_submit.py:491} INFO - ... 1 more
[2025-07-01T12:48:57.288+0000] {spark_submit.py:491} INFO - 25/07/01 12:48:57 WARN StandaloneSchedulerBackend: Application ID is not initialized yet.
[2025-07-01T12:48:57.292+0000] {spark_submit.py:491} INFO - 25/07/01 12:48:57 ERROR StandaloneSchedulerBackend: Application has been killed. Reason: All masters are unresponsive! Giving up.
[2025-07-01T12:48:57.301+0000] {spark_submit.py:491} INFO - 25/07/01 12:48:57 INFO Utils: Successfully started service 'org.apache.spark.network.netty.NettyBlockTransferService' on port 32991.
[2025-07-01T12:48:57.301+0000] {spark_submit.py:491} INFO - 25/07/01 12:48:57 INFO NettyBlockTransferService: Server created on fcd512d008f9:32991
[2025-07-01T12:48:57.302+0000] {spark_submit.py:491} INFO - 25/07/01 12:48:57 INFO BlockManager: Using org.apache.spark.storage.RandomBlockReplicationPolicy for block replication policy
[2025-07-01T12:48:57.311+0000] {spark_submit.py:491} INFO - 25/07/01 12:48:57 INFO BlockManagerMaster: Registering BlockManager BlockManagerId(driver, fcd512d008f9, 32991, None)
[2025-07-01T12:48:57.316+0000] {spark_submit.py:491} INFO - 25/07/01 12:48:57 INFO BlockManagerMasterEndpoint: Registering block manager fcd512d008f9:32991 with 434.4 MiB RAM, BlockManagerId(driver, fcd512d008f9, 32991, None)
[2025-07-01T12:48:57.317+0000] {spark_submit.py:491} INFO - 25/07/01 12:48:57 INFO BlockManagerMaster: Registered BlockManager BlockManagerId(driver, fcd512d008f9, 32991, None)
[2025-07-01T12:48:57.318+0000] {spark_submit.py:491} INFO - 25/07/01 12:48:57 INFO BlockManager: Initialized BlockManager: BlockManagerId(driver, fcd512d008f9, 32991, None)
[2025-07-01T12:48:57.363+0000] {spark_submit.py:491} INFO - 25/07/01 12:48:57 INFO StandaloneSchedulerBackend: SchedulerBackend is ready for scheduling beginning after reached minRegisteredResourcesRatio: 0.0
[2025-07-01T12:48:57.450+0000] {spark_submit.py:491} INFO - 25/07/01 12:48:57 INFO SparkContext: SparkContext is stopping with exitCode 0 from run at <unknown>:0.
[2025-07-01T12:48:57.454+0000] {spark_submit.py:491} INFO - 25/07/01 12:48:57 INFO SparkUI: Stopped Spark web UI at http://fcd512d008f9:4040
[2025-07-01T12:48:57.456+0000] {spark_submit.py:491} INFO - 25/07/01 12:48:57 INFO StandaloneSchedulerBackend: Shutting down all executors
[2025-07-01T12:48:57.457+0000] {spark_submit.py:491} INFO - 25/07/01 12:48:57 INFO StandaloneSchedulerBackend$StandaloneDriverEndpoint: Asking each executor to shut down
[2025-07-01T12:48:57.459+0000] {spark_submit.py:491} INFO - 25/07/01 12:48:57 WARN StandaloneAppClient$ClientEndpoint: Drop UnregisterApplication(null) because has not yet connected to master
[2025-07-01T12:48:57.466+0000] {spark_submit.py:491} INFO - 25/07/01 12:48:57 INFO MapOutputTrackerMasterEndpoint: MapOutputTrackerMasterEndpoint stopped!
[2025-07-01T12:48:57.476+0000] {spark_submit.py:491} INFO - 25/07/01 12:48:57 INFO MemoryStore: MemoryStore started with capacity 434.4 MiB
[2025-07-01T12:48:57.479+0000] {spark_submit.py:491} INFO - 25/07/01 12:48:57 INFO MemoryStore: MemoryStore cleared
[2025-07-01T12:48:57.479+0000] {spark_submit.py:491} INFO - 25/07/01 12:48:57 INFO BlockManager: BlockManager stopped
[2025-07-01T12:48:57.479+0000] {spark_submit.py:491} INFO - 25/07/01 12:48:57 INFO BlockManagerMaster: BlockManagerMaster stopped
[2025-07-01T12:48:57.480+0000] {spark_submit.py:491} INFO - 25/07/01 12:48:57 INFO OutputCommitCoordinator$OutputCommitCoordinatorEndpoint: OutputCommitCoordinator stopped!
[2025-07-01T12:48:57.486+0000] {spark_submit.py:491} INFO - 25/07/01 12:48:57 INFO SparkContext: Successfully stopped SparkContext
[2025-07-01T12:48:58.005+0000] {spark_submit.py:491} INFO - Traceback (most recent call last):
[2025-07-01T12:48:58.005+0000] {spark_submit.py:491} INFO - File "/opt/***/spark_jobs/grazing_detector.py", line 127, in <module>
[2025-07-01T12:48:58.005+0000] {spark_submit.py:491} INFO - main()
[2025-07-01T12:48:58.005+0000] {spark_submit.py:491} INFO - File "/opt/***/spark_jobs/grazing_detector.py", line 18, in main
[2025-07-01T12:48:58.005+0000] {spark_submit.py:491} INFO - .getOrCreate()
[2025-07-01T12:48:58.006+0000] {spark_submit.py:491} INFO - ^^^^^^^^^^^^^
[2025-07-01T12:48:58.006+0000] {spark_submit.py:491} INFO - File "/home/***/.local/lib/python3.12/site-packages/pyspark/python/lib/pyspark.zip/pyspark/sql/session.py", line 559, in getOrCreate
[2025-07-01T12:48:58.006+0000] {spark_submit.py:491} INFO - File "/home/***/.local/lib/python3.12/site-packages/pyspark/python/lib/pyspark.zip/pyspark/sql/session.py", line 641, in __init__
[2025-07-01T12:48:58.006+0000] {spark_submit.py:491} INFO - File "/home/***/.local/lib/python3.12/site-packages/pyspark/python/lib/py4j-0.10.9.9-src.zip/py4j/java_gateway.py", line 1627, in __call__
[2025-07-01T12:48:58.006+0000] {spark_submit.py:491} INFO - File "/home/***/.local/lib/python3.12/site-packages/pyspark/python/lib/py4j-0.10.9.9-src.zip/py4j/protocol.py", line 327, in get_return_value
[2025-07-01T12:48:58.006+0000] {spark_submit.py:491} INFO - py4j.protocol.Py4JJavaError: An error occurred while calling None.org.apache.spark.sql.classic.SparkSession.
[2025-07-01T12:48:58.007+0000] {spark_submit.py:491} INFO - : java.lang.IllegalStateException: Cannot call methods on a stopped SparkContext.
[2025-07-01T12:48:58.007+0000] {spark_submit.py:491} INFO - This stopped SparkContext was created at:
[2025-07-01T12:48:58.007+0000] {spark_submit.py:491} INFO - 
[2025-07-01T12:48:58.007+0000] {spark_submit.py:491} INFO - org.apache.spark.api.java.JavaSparkContext.<init>(JavaSparkContext.scala:59)
[2025-07-01T12:48:58.007+0000] {spark_submit.py:491} INFO - java.base/jdk.internal.reflect.NativeConstructorAccessorImpl.newInstance0(Native Method)
[2025-07-01T12:48:58.007+0000] {spark_submit.py:491} INFO - java.base/jdk.internal.reflect.NativeConstructorAccessorImpl.newInstance(NativeConstructorAccessorImpl.java:77)
[2025-07-01T12:48:58.007+0000] {spark_submit.py:491} INFO - java.base/jdk.internal.reflect.DelegatingConstructorAccessorImpl.newInstance(DelegatingConstructorAccessorImpl.java:45)
[2025-07-01T12:48:58.007+0000] {spark_submit.py:491} INFO - java.base/java.lang.reflect.Constructor.newInstanceWithCaller(Constructor.java:500)
[2025-07-01T12:48:58.008+0000] {spark_submit.py:491} INFO - java.base/java.lang.reflect.Constructor.newInstance(Constructor.java:481)
[2025-07-01T12:48:58.008+0000] {spark_submit.py:491} INFO - py4j.reflection.MethodInvoker.invoke(MethodInvoker.java:247)
[2025-07-01T12:48:58.008+0000] {spark_submit.py:491} INFO - py4j.reflection.ReflectionEngine.invoke(ReflectionEngine.java:374)
[2025-07-01T12:48:58.008+0000] {spark_submit.py:491} INFO - py4j.Gateway.invoke(Gateway.java:238)
[2025-07-01T12:48:58.008+0000] {spark_submit.py:491} INFO - py4j.commands.ConstructorCommand.invokeConstructor(ConstructorCommand.java:80)
[2025-07-01T12:48:58.008+0000] {spark_submit.py:491} INFO - py4j.commands.ConstructorCommand.execute(ConstructorCommand.java:69)
[2025-07-01T12:48:58.008+0000] {spark_submit.py:491} INFO - py4j.ClientServerConnection.waitForCommands(ClientServerConnection.java:184)
[2025-07-01T12:48:58.008+0000] {spark_submit.py:491} INFO - py4j.ClientServerConnection.run(ClientServerConnection.java:108)
[2025-07-01T12:48:58.008+0000] {spark_submit.py:491} INFO - java.base/java.lang.Thread.run(Thread.java:840)
[2025-07-01T12:48:58.008+0000] {spark_submit.py:491} INFO - 
[2025-07-01T12:48:58.008+0000] {spark_submit.py:491} INFO - And it was stopped at:
[2025-07-01T12:48:58.009+0000] {spark_submit.py:491} INFO - 
[2025-07-01T12:48:58.009+0000] {spark_submit.py:491} INFO - org.apache.spark.SparkContext$$anon$3.run(SparkContext.scala:2284)
[2025-07-01T12:48:58.009+0000] {spark_submit.py:491} INFO - 
[2025-07-01T12:48:58.009+0000] {spark_submit.py:491} INFO - The currently active SparkContext was created at:
[2025-07-01T12:48:58.009+0000] {spark_submit.py:491} INFO - 
[2025-07-01T12:48:58.009+0000] {spark_submit.py:491} INFO - (No active SparkContext.)
[2025-07-01T12:48:58.009+0000] {spark_submit.py:491} INFO - 
[2025-07-01T12:48:58.009+0000] {spark_submit.py:491} INFO - at org.apache.spark.SparkContext.assertNotStopped(SparkContext.scala:128)
[2025-07-01T12:48:58.009+0000] {spark_submit.py:491} INFO - at org.apache.spark.sql.classic.SparkSession.<init>(SparkSession.scala:124)
[2025-07-01T12:48:58.009+0000] {spark_submit.py:491} INFO - at org.apache.spark.sql.classic.SparkSession.<init>(SparkSession.scala:117)
[2025-07-01T12:48:58.009+0000] {spark_submit.py:491} INFO - at java.base/jdk.internal.reflect.NativeConstructorAccessorImpl.newInstance0(Native Method)
[2025-07-01T12:48:58.009+0000] {spark_submit.py:491} INFO - at java.base/jdk.internal.reflect.NativeConstructorAccessorImpl.newInstance(NativeConstructorAccessorImpl.java:77)
[2025-07-01T12:48:58.010+0000] {spark_submit.py:491} INFO - at java.base/jdk.internal.reflect.DelegatingConstructorAccessorImpl.newInstance(DelegatingConstructorAccessorImpl.java:45)
[2025-07-01T12:48:58.010+0000] {spark_submit.py:491} INFO - at java.base/java.lang.reflect.Constructor.newInstanceWithCaller(Constructor.java:500)
[2025-07-01T12:48:58.010+0000] {spark_submit.py:491} INFO - at java.base/java.lang.reflect.Constructor.newInstance(Constructor.java:481)
[2025-07-01T12:48:58.010+0000] {spark_submit.py:491} INFO - at py4j.reflection.MethodInvoker.invoke(MethodInvoker.java:247)
[2025-07-01T12:48:58.010+0000] {spark_submit.py:491} INFO - at py4j.reflection.ReflectionEngine.invoke(ReflectionEngine.java:374)
[2025-07-01T12:48:58.010+0000] {spark_submit.py:491} INFO - at py4j.Gateway.invoke(Gateway.java:238)
[2025-07-01T12:48:58.010+0000] {spark_submit.py:491} INFO - at py4j.commands.ConstructorCommand.invokeConstructor(ConstructorCommand.java:80)
[2025-07-01T12:48:58.010+0000] {spark_submit.py:491} INFO - at py4j.commands.ConstructorCommand.execute(ConstructorCommand.java:69)
[2025-07-01T12:48:58.010+0000] {spark_submit.py:491} INFO - at py4j.ClientServerConnection.waitForCommands(ClientServerConnection.java:184)
[2025-07-01T12:48:58.010+0000] {spark_submit.py:491} INFO - at py4j.ClientServerConnection.run(ClientServerConnection.java:108)
[2025-07-01T12:48:58.010+0000] {spark_submit.py:491} INFO - at java.base/java.lang.Thread.run(Thread.java:840)
[2025-07-01T12:48:58.010+0000] {spark_submit.py:491} INFO - 
[2025-07-01T12:48:58.053+0000] {spark_submit.py:491} INFO - 25/07/01 12:48:58 INFO ShutdownHookManager: Shutdown hook called
[2025-07-01T12:48:58.053+0000] {spark_submit.py:491} INFO - 25/07/01 12:48:58 INFO ShutdownHookManager: Deleting directory /tmp/spark-acf49c1b-f2c0-40fa-9c4b-460d5148bf95
[2025-07-01T12:48:58.055+0000] {spark_submit.py:491} INFO - 25/07/01 12:48:58 INFO ShutdownHookManager: Deleting directory /tmp/spark-d4fb60bf-6171-4090-b6d9-420748cf2db4
[2025-07-01T12:48:58.057+0000] {spark_submit.py:491} INFO - 25/07/01 12:48:58 INFO ShutdownHookManager: Deleting directory /tmp/spark-acf49c1b-f2c0-40fa-9c4b-460d5148bf95/pyspark-e6f884bc-97b9-4de8-a54b-38e36851888e
[2025-07-01T12:48:58.085+0000] {taskinstance.py:441} INFO - ::group::Post task execution logs
[2025-07-01T12:48:58.092+0000] {taskinstance.py:2905} ERROR - Task failed with exception
Traceback (most recent call last):
  File "/home/airflow/.local/lib/python3.12/site-packages/airflow/models/taskinstance.py", line 465, in _execute_task
    result = _execute_callable(context=context, **execute_callable_kwargs)
             ^^^^^^^^^^^^^^^^^^^^^^^^^^^^^^^^^^^^^^^^^^^^^^^^^^^^^^^^^^^^^
  File "/home/airflow/.local/lib/python3.12/site-packages/airflow/models/taskinstance.py", line 432, in _execute_callable
    return execute_callable(context=context, **execute_callable_kwargs)
           ^^^^^^^^^^^^^^^^^^^^^^^^^^^^^^^^^^^^^^^^^^^^^^^^^^^^^^^^^^^^
  File "/home/airflow/.local/lib/python3.12/site-packages/airflow/models/baseoperator.py", line 401, in wrapper
    return func(self, *args, **kwargs)
           ^^^^^^^^^^^^^^^^^^^^^^^^^^^
  File "/home/airflow/.local/lib/python3.12/site-packages/airflow/providers/apache/spark/operators/spark_submit.py", line 156, in execute
    self._hook.submit(self._application)
  File "/home/airflow/.local/lib/python3.12/site-packages/airflow/providers/apache/spark/hooks/spark_submit.py", line 422, in submit
    raise AirflowException(
airflow.exceptions.AirflowException: Cannot execute: spark-submit --master spark://spark-master:7077 --packages org.apache.spark:spark-sql-kafka-0-10_2.13:3.5.1 --name arrow-spark /opt/***/spark_jobs/grazing_detector.py kafka:29092. Error code is: 1.
[2025-07-01T12:48:58.094+0000] {taskinstance.py:1206} INFO - Marking task as FAILED. dag_id=grazing_detection_streaming_cluster, task_id=submit_grazing_detector_job, run_id=manual__2025-07-01T12:45:29.431555+00:00, execution_date=20250701T124529, start_date=20250701T124754, end_date=20250701T124858
[2025-07-01T12:48:58.098+0000] {standard_task_runner.py:110} ERROR - Failed to execute job 6 for task submit_grazing_detector_job (Cannot execute: spark-submit --master spark://spark-master:7077 --packages org.apache.spark:spark-sql-kafka-0-10_2.13:3.5.1 --name arrow-spark /opt/***/spark_jobs/grazing_detector.py kafka:29092. Error code is: 1.; 416)
[2025-07-01T12:48:58.127+0000] {local_task_job_runner.py:240} INFO - Task exited with return code 1
[2025-07-01T12:48:58.134+0000] {taskinstance.py:3503} INFO - 0 downstream tasks scheduled from follow-on schedule check
[2025-07-01T12:48:58.134+0000] {local_task_job_runner.py:222} INFO - ::endgroup::
